yarn run v1.22.21
$ '/Users/carl.welch/Documents/Github Projects/ai-musician-helper/node_modules/.bin/jest' --coverage --passWithNoTests
PASS components/home/usePlaybackSettings.test.tsx
PASS components/home/useGeneratorSessionCache.test.tsx
PASS lib/audio.test.ts
PASS lib/audio.integration.test.ts
PASS app/api/chord-suggestions/route.test.ts
PASS lib/pdf.test.ts
PASS components/GuitarChordDiagram.test.tsx
PASS components/PianoChordDiagram.test.tsx
PASS components/PianoChordChart.test.tsx
PASS components/ui/Card.test.tsx
PASS components/home/ProgressionIdeasSection.test.tsx
PASS components/ui/TextField.test.tsx
PASS components/ui/SelectField.test.tsx
PASS components/ui/ThemeModeToggle.test.tsx
PASS app/page.test.tsx
----------------------------------|---------|----------|---------|---------|---------------------------------------------------------------------------------------------------------------------------------------------------------------------------------------------------------------------------------------------------------------------------------------------------------------------------------------------------------------------------------------------------------------------------------------------------------------------------------------------------------
File                              | % Stmts | % Branch | % Funcs | % Lines | Uncovered Line #s                                                                                                                                                                                                                                                                                                                                                                                                                                                                                       
----------------------------------|---------|----------|---------|---------|---------------------------------------------------------------------------------------------------------------------------------------------------------------------------------------------------------------------------------------------------------------------------------------------------------------------------------------------------------------------------------------------------------------------------------------------------------------------------------------------------------
All files                         |   54.82 |    38.72 |    53.3 |   55.43 |                                                                                                                                                                                                                                                                                                                                                                                                                                                                                                         
 app                              |   79.48 |    61.42 |   76.59 |   79.03 |                                                                                                                                                                                                                                                                                                                                                                                                                                                                                                         
  page.tsx                        |   79.48 |    61.42 |   76.59 |   79.03 | 122-124,201,206,226-232,247-248,277,288,299,305,349-353,375-376,380-381,404,411-412,456-457,461-462,470-473,484,635,666,677,723-763                                                                                                                                                                                                                                                                                                                                                                     
 app/api/chord-suggestions        |   79.06 |    46.83 |   78.94 |   78.82 |                                                                                                                                                                                                                                                                                                                                                                                                                                                                                                         
  route.ts                        |   79.06 |    46.83 |   78.94 |   78.82 | 42,54,61,73,85,100,117,130,133,145-153,156,165,468-469,483-485                                                                                                                                                                                                                                                                                                                                                                                                                                          
 components                       |   76.36 |    54.54 |   76.92 |   76.41 |                                                                                                                                                                                                                                                                                                                                                                                                                                                                                                         
  GuitarChordDiagram.tsx          |   78.94 |    53.84 |    90.9 |   77.77 | 34,65,95-124                                                                                                                                                                                                                                                                                                                                                                                                                                                                                            
  PianoChordChart.tsx             |   92.85 |       75 |     100 |   92.85 | 26                                                                                                                                                                                                                                                                                                                                                                                                                                                                                                      
  PianoChordDiagram.tsx           |   93.33 |        0 |     100 |     100 | 16                                                                                                                                                                                                                                                                                                                                                                                                                                                                                                      
  SaveProgressionDialog.tsx       |      50 |    54.54 |   28.57 |      50 | 78-199                                                                                                                                                                                                                                                                                                                                                                                                                                                                                                  
 components/home                  |   74.91 |    43.79 |   63.58 |   73.95 |                                                                                                                                                                                                                                                                                                                                                                                                                                                                                                         
  EffectParamSlider.tsx           |   66.66 |      100 |       0 |   66.66 | 42                                                                                                                                                                                                                                                                                                                                                                                                                                                                                                      
  EffectSettingsCard.tsx          |      50 |        0 |       0 |      50 | 42-55                                                                                                                                                                                                                                                                                                                                                                                                                                                                                                   
  EnvelopeControls.tsx            |      50 |        0 |       0 |      50 | 42-56                                                                                                                                                                                                                                                                                                                                                                                                                                                                                                   
  GeneratedChordGridDialog.tsx    |   63.29 |    38.88 |   47.61 |   62.33 | 54,58,62,66,70,124,135-145,162-166,170-177,197,201,205-206,276-277,323                                                                                                                                                                                                                                                                                                                                                                                                                                  
  GeneratorFormCard.tsx           |   90.47 |     90.9 |   83.33 |   90.47 | 93,145                                                                                                                                                                                                                                                                                                                                                                                                                                                                                                  
  GeneratorHeader.tsx             |     100 |      100 |     100 |     100 |                                                                                                                                                                                                                                                                                                                                                                                                                                                                                                         
  InstrumentToggle.tsx            |   66.66 |       40 |   66.66 |   66.66 | 25-26                                                                                                                                                                                                                                                                                                                                                                                                                                                                                                   
  NextChordSuggestionsSection.tsx |   68.42 |    37.14 |      40 |   68.42 | 71-80,137-156,227-231                                                                                                                                                                                                                                                                                                                                                                                                                                                                                   
  PlaybackSettingsButton.tsx      |   59.09 |    33.33 |   33.33 |    61.9 | 117,130-180,198-228,263-264,291-334,362-375,406                                                                                                                                                                                                                                                                                                                                                                                                                                                         
  ProgressionIdeasSection.tsx     |   79.16 |    38.35 |   56.66 |   77.77 | 58,95,195-254,335-426                                                                                                                                                                                                                                                                                                                                                                                                                                                                                   
  RestoringState.tsx              |     100 |      100 |     100 |     100 |                                                                                                                                                                                                                                                                                                                                                                                                                                                                                                         
  StructureSuggestionsSection.tsx |     100 |    66.66 |     100 |     100 | 25                                                                                                                                                                                                                                                                                                                                                                                                                                                                                                      
  playbackSettingsConfigs.ts      |   94.59 |       50 |     100 |   91.66 | 101,108                                                                                                                                                                                                                                                                                                                                                                                                                                                                                                 
  playbackSettingsModel.ts        |   22.64 |        0 |       0 |   16.32 | 119,129-136,185-220                                                                                                                                                                                                                                                                                                                                                                                                                                                                                     
  useGeneratorSessionCache.ts     |    90.9 |    52.17 |     100 |   90.69 | 91,100,105,123,253,297,320-321                                                                                                                                                                                                                                                                                                                                                                                                                                                                          
  usePlaybackSettings.ts          |   89.83 |      100 |   86.11 |   89.83 | 118-119,123-125,129-131,135-137,147                                                                                                                                                                                                                                                                                                                                                                                                                                                                     
 components/ui                    |   73.52 |    86.66 |   72.72 |   78.12 |                                                                                                                                                                                                                                                                                                                                                                                                                                                                                                         
  Card.tsx                        |     100 |      100 |     100 |     100 |                                                                                                                                                                                                                                                                                                                                                                                                                                                                                                         
  MidiDownloadButton.tsx          |     100 |      100 |     100 |     100 |                                                                                                                                                                                                                                                                                                                                                                                                                                                                                                         
  PdfDownloadButton.tsx           |      40 |    66.66 |      25 |   46.15 | 29-43                                                                                                                                                                                                                                                                                                                                                                                                                                                                                                   
  SelectField.tsx                 |     100 |      100 |     100 |     100 |                                                                                                                                                                                                                                                                                                                                                                                                                                                                                                         
  SuccessSnackbar.tsx             |     100 |      100 |     100 |     100 |                                                                                                                                                                                                                                                                                                                                                                                                                                                                                                         
  TextField.tsx                   |     100 |      100 |     100 |     100 |                                                                                                                                                                                                                                                                                                                                                                                                                                                                                                         
  ThemeModeToggle.tsx             |     100 |      100 |     100 |     100 |                                                                                                                                                                                                                                                                                                                                                                                                                                                                                                         
 lib                              |   38.94 |    25.15 |    33.7 |   40.17 |                                                                                                                                                                                                                                                                                                                                                                                                                                                                                                         
  audio.ts                        |   56.38 |       30 |    39.8 |   58.77 | 42-72,84,108-111,190-199,203-211,215-223,227-236,245,255,263,271,275,279,311-312,326-359,368-370,375-377,382-384,389-393,406,423,430-432,437-439,444-446,451-463,467-469,474-476,481-483,488-501,505-507,512-514,519-521,526-538,542-544,549-551,556-558,563-576,580-582,587-589,594-596,601-603,666-763,767-775,791-801,827,831-832,858,861,869,883,887,914,974,1093,1140,1144,1148,1152,1156,1160,1164,1168,1172,1176,1180,1184,1188,1192,1196,1200,1204,1208,1212,1216,1220,1224,1228,1232,1236,1240 
  chordShapes.ts                  |      75 |      100 |     100 |     100 |                                                                                                                                                                                                                                                                                                                                                                                                                                                                                                         
  chordVoicing.ts                 |    4.54 |        0 |       0 |    5.88 | 10-63                                                                                                                                                                                                                                                                                                                                                                                                                                                                                                   
  formOptions.ts                  |     100 |      100 |     100 |     100 |                                                                                                                                                                                                                                                                                                                                                                                                                                                                                                         
  guitarDiagramUtils.ts           |   67.69 |    55.55 |      75 |   67.69 | 87,91,95,99,110-114,124,133,174,199-220                                                                                                                                                                                                                                                                                                                                                                                                                                                                 
  midi.ts                         |    9.45 |        0 |       0 |    9.72 | 25-229                                                                                                                                                                                                                                                                                                                                                                                                                                                                                                  
  musicNoteConstants.ts           |      50 |      100 |     100 |     100 |                                                                                                                                                                                                                                                                                                                                                                                                                                                                                                         
  pdf.ts                          |   17.68 |    17.64 |   21.87 |   18.47 | 88,150,181-197,207,227-239,248,255,268,304-820                                                                                                                                                                                                                                                                                                                                                                                                                                                          
  tagMetadata.ts                  |   52.17 |        0 |   44.44 |   51.16 | 121-163                                                                                                                                                                                                                                                                                                                                                                                                                                                                                                 
 lib/api                          |       0 |        0 |       0 |       0 |                                                                                                                                                                                                                                                                                                                                                                                                                                                                                                         
  progressions.ts                 |       0 |        0 |       0 |       0 | 4-110                                                                                                                                                                                                                                                                                                                                                                                                                                                                                                   
----------------------------------|---------|----------|---------|---------|---------------------------------------------------------------------------------------------------------------------------------------------------------------------------------------------------------------------------------------------------------------------------------------------------------------------------------------------------------------------------------------------------------------------------------------------------------------------------------------------------------

Test Suites: 15 passed, 15 total
Tests:       75 passed, 75 total
Snapshots:   0 total
Time:        4.267 s
Ran all test suites.
Done in 6.02s.
