{"/Users/carl.welch/Documents/Github Projects/ai-musician-helper/app/page.tsx": {"path":"/Users/carl.welch/Documents/Github Projects/ai-musician-helper/app/page.tsx","statementMap":{"0":{"start":{"line":92,"column":24},"end":{"line":92,"column":null}},"1":{"start":{"line":3,"column":82},"end":{"line":3,"column":null}},"2":{"start":{"line":4,"column":24},"end":{"line":4,"column":null}},"3":{"start":{"line":5,"column":27},"end":{"line":5,"column":null}},"4":{"start":{"line":6,"column":25},"end":{"line":6,"column":null}},"5":{"start":{"line":17,"column":7},"end":{"line":17,"column":null}},"6":{"start":{"line":19,"column":34},"end":{"line":19,"column":null}},"7":{"start":{"line":20,"column":28},"end":{"line":20,"column":null}},"8":{"start":{"line":21,"column":30},"end":{"line":21,"column":null}},"9":{"start":{"line":22,"column":37},"end":{"line":22,"column":null}},"10":{"start":{"line":23,"column":28},"end":{"line":23,"column":null}},"11":{"start":{"line":24,"column":29},"end":{"line":24,"column":null}},"12":{"start":{"line":25,"column":35},"end":{"line":25,"column":null}},"13":{"start":{"line":26,"column":27},"end":{"line":26,"column":null}},"14":{"start":{"line":27,"column":32},"end":{"line":27,"column":null}},"15":{"start":{"line":28,"column":37},"end":{"line":28,"column":null}},"16":{"start":{"line":30,"column":73},"end":{"line":30,"column":null}},"17":{"start":{"line":38,"column":30},"end":{"line":38,"column":null}},"18":{"start":{"line":39,"column":51},"end":{"line":39,"column":null}},"19":{"start":{"line":40,"column":28},"end":{"line":41,"column":null}},"20":{"start":{"line":40,"column":60},"end":{"line":40,"column":87}},"21":{"start":{"line":41,"column":14},"end":{"line":41,"column":26}},"22":{"start":{"line":43,"column":29},"end":{"line":44,"column":null}},"23":{"start":{"line":43,"column":62},"end":{"line":43,"column":89}},"24":{"start":{"line":44,"column":14},"end":{"line":44,"column":26}},"25":{"start":{"line":46,"column":36},"end":{"line":47,"column":null}},"26":{"start":{"line":47,"column":8},"end":{"line":47,"column":null}},"27":{"start":{"line":49,"column":32},"end":{"line":49,"column":null}},"28":{"start":{"line":49,"column":43},"end":{"line":49,"column":null}},"29":{"start":{"line":50,"column":36},"end":{"line":51,"column":null}},"30":{"start":{"line":51,"column":8},"end":{"line":51,"column":null}},"31":{"start":{"line":53,"column":33},"end":{"line":53,"column":null}},"32":{"start":{"line":54,"column":34},"end":{"line":54,"column":null}},"33":{"start":{"line":55,"column":38},"end":{"line":55,"column":null}},"34":{"start":{"line":56,"column":36},"end":{"line":56,"column":null}},"35":{"start":{"line":57,"column":37},"end":{"line":57,"column":null}},"36":{"start":{"line":58,"column":41},"end":{"line":58,"column":null}},"37":{"start":{"line":59,"column":36},"end":{"line":59,"column":null}},"38":{"start":{"line":72,"column":2},"end":{"line":72,"column":null}},"39":{"start":{"line":79,"column":15},"end":{"line":79,"column":null}},"40":{"start":{"line":81,"column":2},"end":{"line":84,"column":null}},"41":{"start":{"line":81,"column":15},"end":{"line":81,"column":32}},"42":{"start":{"line":82,"column":14},"end":{"line":82,"column":null}},"43":{"start":{"line":83,"column":4},"end":{"line":83,"column":null}},"44":{"start":{"line":86,"column":2},"end":{"line":86,"column":null}},"45":{"start":{"line":100,"column":6},"end":{"line":112,"column":null}},"46":{"start":{"line":114,"column":15},"end":{"line":114,"column":null}},"47":{"start":{"line":115,"column":16},"end":{"line":115,"column":null}},"48":{"start":{"line":116,"column":21},"end":{"line":116,"column":null}},"49":{"start":{"line":117,"column":22},"end":{"line":117,"column":null}},"50":{"start":{"line":118,"column":19},"end":{"line":118,"column":null}},"51":{"start":{"line":120,"column":31},"end":{"line":129,"column":null}},"52":{"start":{"line":122,"column":27},"end":{"line":122,"column":null}},"53":{"start":{"line":123,"column":30},"end":{"line":123,"column":null}},"54":{"start":{"line":124,"column":6},"end":{"line":127,"column":null}},"55":{"start":{"line":132,"column":32},"end":{"line":132,"column":null}},"56":{"start":{"line":133,"column":28},"end":{"line":133,"column":null}},"57":{"start":{"line":134,"column":26},"end":{"line":134,"column":null}},"58":{"start":{"line":135,"column":74},"end":{"line":135,"column":null}},"59":{"start":{"line":136,"column":46},"end":{"line":136,"column":null}},"60":{"start":{"line":137,"column":68},"end":{"line":137,"column":null}},"61":{"start":{"line":138,"column":72},"end":{"line":140,"column":null}},"62":{"start":{"line":141,"column":64},"end":{"line":141,"column":null}},"63":{"start":{"line":142,"column":66},"end":{"line":142,"column":null}},"64":{"start":{"line":144,"column":4},"end":{"line":144,"column":null}},"65":{"start":{"line":149,"column":6},"end":{"line":149,"column":null}},"66":{"start":{"line":159,"column":6},"end":{"line":159,"column":null}},"67":{"start":{"line":161,"column":66},"end":{"line":161,"column":null}},"68":{"start":{"line":162,"column":54},"end":{"line":162,"column":null}},"69":{"start":{"line":163,"column":60},"end":{"line":163,"column":null}},"70":{"start":{"line":164,"column":72},"end":{"line":164,"column":null}},"71":{"start":{"line":165,"column":74},"end":{"line":165,"column":null}},"72":{"start":{"line":166,"column":82},"end":{"line":166,"column":null}},"73":{"start":{"line":167,"column":36},"end":{"line":167,"column":null}},"74":{"start":{"line":168,"column":36},"end":{"line":168,"column":null}},"75":{"start":{"line":171,"column":4},"end":{"line":177,"column":null}},"76":{"start":{"line":179,"column":36},"end":{"line":243,"column":null}},"77":{"start":{"line":180,"column":4},"end":{"line":188,"column":null}},"78":{"start":{"line":181,"column":6},"end":{"line":181,"column":null}},"79":{"start":{"line":196,"column":9},"end":{"line":196,"column":11}},"80":{"start":{"line":197,"column":21},"end":{"line":197,"column":null}},"81":{"start":{"line":199,"column":4},"end":{"line":217,"column":null}},"82":{"start":{"line":200,"column":6},"end":{"line":202,"column":null}},"83":{"start":{"line":201,"column":8},"end":{"line":201,"column":null}},"84":{"start":{"line":204,"column":18},"end":{"line":204,"column":132}},"85":{"start":{"line":205,"column":6},"end":{"line":207,"column":null}},"86":{"start":{"line":206,"column":8},"end":{"line":206,"column":null}},"87":{"start":{"line":209,"column":6},"end":{"line":209,"column":null}},"88":{"start":{"line":210,"column":6},"end":{"line":216,"column":null}},"89":{"start":{"line":219,"column":4},"end":{"line":240,"column":null}},"90":{"start":{"line":220,"column":6},"end":{"line":239,"column":null}},"91":{"start":{"line":221,"column":24},"end":{"line":221,"column":49}},"92":{"start":{"line":222,"column":8},"end":{"line":224,"column":null}},"93":{"start":{"line":223,"column":10},"end":{"line":223,"column":null}},"94":{"start":{"line":226,"column":20},"end":{"line":226,"column":91}},"95":{"start":{"line":227,"column":8},"end":{"line":229,"column":null}},"96":{"start":{"line":228,"column":10},"end":{"line":228,"column":null}},"97":{"start":{"line":231,"column":8},"end":{"line":231,"column":null}},"98":{"start":{"line":232,"column":8},"end":{"line":238,"column":null}},"99":{"start":{"line":242,"column":4},"end":{"line":242,"column":null}},"100":{"start":{"line":245,"column":2},"end":{"line":320,"column":null}},"101":{"start":{"line":246,"column":4},"end":{"line":249,"column":null}},"102":{"start":{"line":247,"column":6},"end":{"line":247,"column":null}},"103":{"start":{"line":248,"column":6},"end":{"line":248,"column":null}},"104":{"start":{"line":251,"column":4},"end":{"line":256,"column":null}},"105":{"start":{"line":252,"column":6},"end":{"line":252,"column":null}},"106":{"start":{"line":253,"column":6},"end":{"line":253,"column":null}},"107":{"start":{"line":254,"column":6},"end":{"line":254,"column":null}},"108":{"start":{"line":255,"column":6},"end":{"line":255,"column":null}},"109":{"start":{"line":258,"column":33},"end":{"line":258,"column":65}},"110":{"start":{"line":259,"column":34},"end":{"line":259,"column":62}},"111":{"start":{"line":260,"column":38},"end":{"line":260,"column":70}},"112":{"start":{"line":262,"column":4},"end":{"line":262,"column":null}},"113":{"start":{"line":263,"column":4},"end":{"line":263,"column":null}},"114":{"start":{"line":264,"column":4},"end":{"line":265,"column":null}},"115":{"start":{"line":268,"column":23},"end":{"line":310,"column":null}},"116":{"start":{"line":269,"column":28},"end":{"line":269,"column":null}},"117":{"start":{"line":271,"column":6},"end":{"line":280,"column":null}},"118":{"start":{"line":272,"column":26},"end":{"line":274,"column":null}},"119":{"start":{"line":276,"column":8},"end":{"line":278,"column":null}},"120":{"start":{"line":277,"column":10},"end":{"line":277,"column":null}},"121":{"start":{"line":279,"column":8},"end":{"line":279,"column":null}},"122":{"start":{"line":282,"column":6},"end":{"line":291,"column":null}},"123":{"start":{"line":283,"column":26},"end":{"line":285,"column":null}},"124":{"start":{"line":287,"column":8},"end":{"line":289,"column":null}},"125":{"start":{"line":288,"column":10},"end":{"line":288,"column":null}},"126":{"start":{"line":290,"column":8},"end":{"line":290,"column":null}},"127":{"start":{"line":293,"column":6},"end":{"line":302,"column":null}},"128":{"start":{"line":294,"column":26},"end":{"line":296,"column":null}},"129":{"start":{"line":298,"column":8},"end":{"line":300,"column":null}},"130":{"start":{"line":299,"column":10},"end":{"line":299,"column":null}},"131":{"start":{"line":301,"column":8},"end":{"line":301,"column":null}},"132":{"start":{"line":304,"column":6},"end":{"line":309,"column":null}},"133":{"start":{"line":305,"column":8},"end":{"line":307,"column":null}},"134":{"start":{"line":312,"column":4},"end":{"line":312,"column":null}},"135":{"start":{"line":314,"column":4},"end":{"line":319,"column":null}},"136":{"start":{"line":315,"column":6},"end":{"line":318,"column":null}},"137":{"start":{"line":316,"column":8},"end":{"line":316,"column":null}},"138":{"start":{"line":317,"column":8},"end":{"line":317,"column":null}},"139":{"start":{"line":322,"column":38},"end":{"line":324,"column":null}},"140":{"start":{"line":323,"column":10},"end":{"line":323,"column":80}},"141":{"start":{"line":327,"column":34},"end":{"line":329,"column":null}},"142":{"start":{"line":328,"column":10},"end":{"line":328,"column":77}},"143":{"start":{"line":332,"column":38},"end":{"line":334,"column":null}},"144":{"start":{"line":333,"column":10},"end":{"line":333,"column":85}},"145":{"start":{"line":337,"column":39},"end":{"line":355,"column":null}},"146":{"start":{"line":349,"column":6},"end":{"line":349,"column":null}},"147":{"start":{"line":350,"column":6},"end":{"line":350,"column":null}},"148":{"start":{"line":351,"column":6},"end":{"line":351,"column":null}},"149":{"start":{"line":352,"column":6},"end":{"line":352,"column":null}},"150":{"start":{"line":353,"column":6},"end":{"line":353,"column":null}},"151":{"start":{"line":358,"column":25},"end":{"line":363,"column":null}},"152":{"start":{"line":365,"column":19},"end":{"line":416,"column":null}},"153":{"start":{"line":366,"column":4},"end":{"line":366,"column":null}},"154":{"start":{"line":367,"column":4},"end":{"line":367,"column":null}},"155":{"start":{"line":368,"column":4},"end":{"line":368,"column":null}},"156":{"start":{"line":370,"column":25},"end":{"line":370,"column":96}},"157":{"start":{"line":372,"column":6},"end":{"line":372,"column":80}},"158":{"start":{"line":374,"column":4},"end":{"line":377,"column":null}},"159":{"start":{"line":375,"column":6},"end":{"line":375,"column":null}},"160":{"start":{"line":376,"column":6},"end":{"line":376,"column":null}},"161":{"start":{"line":379,"column":4},"end":{"line":382,"column":null}},"162":{"start":{"line":380,"column":6},"end":{"line":380,"column":null}},"163":{"start":{"line":381,"column":6},"end":{"line":381,"column":null}},"164":{"start":{"line":384,"column":4},"end":{"line":384,"column":null}},"165":{"start":{"line":386,"column":4},"end":{"line":415,"column":null}},"166":{"start":{"line":387,"column":23},"end":{"line":401,"column":null}},"167":{"start":{"line":393,"column":28},"end":{"line":393,"column":null}},"168":{"start":{"line":403,"column":6},"end":{"line":405,"column":null}},"169":{"start":{"line":404,"column":8},"end":{"line":404,"column":null}},"170":{"start":{"line":407,"column":20},"end":{"line":407,"column":null}},"171":{"start":{"line":408,"column":6},"end":{"line":408,"column":null}},"172":{"start":{"line":409,"column":6},"end":{"line":409,"column":null}},"173":{"start":{"line":411,"column":6},"end":{"line":411,"column":null}},"174":{"start":{"line":412,"column":6},"end":{"line":412,"column":null}},"175":{"start":{"line":414,"column":6},"end":{"line":414,"column":null}},"176":{"start":{"line":418,"column":26},"end":{"line":444,"column":null}},"177":{"start":{"line":419,"column":31},"end":{"line":419,"column":null}},"178":{"start":{"line":420,"column":30},"end":{"line":421,"column":null}},"179":{"start":{"line":421,"column":43},"end":{"line":421,"column":58}},"180":{"start":{"line":421,"column":77},"end":{"line":421,"column":null}},"181":{"start":{"line":424,"column":33},"end":{"line":426,"column":null}},"182":{"start":{"line":428,"column":28},"end":{"line":430,"column":null}},"183":{"start":{"line":433,"column":4},"end":{"line":442,"column":null}},"184":{"start":{"line":443,"column":4},"end":{"line":443,"column":null}},"185":{"start":{"line":446,"column":2},"end":{"line":467,"column":null}},"186":{"start":{"line":447,"column":4},"end":{"line":449,"column":null}},"187":{"start":{"line":448,"column":6},"end":{"line":448,"column":null}},"188":{"start":{"line":451,"column":4},"end":{"line":453,"column":null}},"189":{"start":{"line":452,"column":6},"end":{"line":452,"column":null}},"190":{"start":{"line":455,"column":4},"end":{"line":458,"column":null}},"191":{"start":{"line":456,"column":6},"end":{"line":456,"column":null}},"192":{"start":{"line":457,"column":6},"end":{"line":457,"column":null}},"193":{"start":{"line":460,"column":4},"end":{"line":463,"column":null}},"194":{"start":{"line":461,"column":6},"end":{"line":461,"column":null}},"195":{"start":{"line":462,"column":6},"end":{"line":462,"column":null}},"196":{"start":{"line":465,"column":4},"end":{"line":465,"column":null}},"197":{"start":{"line":466,"column":4},"end":{"line":466,"column":null}},"198":{"start":{"line":469,"column":51},"end":{"line":475,"column":null}},"199":{"start":{"line":470,"column":20},"end":{"line":470,"column":34}},"200":{"start":{"line":471,"column":4},"end":{"line":471,"column":null}},"201":{"start":{"line":472,"column":4},"end":{"line":474,"column":null}},"202":{"start":{"line":473,"column":6},"end":{"line":473,"column":null}},"203":{"start":{"line":477,"column":24},"end":{"line":477,"column":null}},"204":{"start":{"line":478,"column":24},"end":{"line":478,"column":null}},"205":{"start":{"line":479,"column":31},"end":{"line":493,"column":null}},"206":{"start":{"line":480,"column":60},"end":{"line":480,"column":null}},"207":{"start":{"line":482,"column":4},"end":{"line":490,"column":null}},"208":{"start":{"line":483,"column":6},"end":{"line":485,"column":null}},"209":{"start":{"line":484,"column":8},"end":{"line":484,"column":null}},"210":{"start":{"line":487,"column":6},"end":{"line":489,"column":null}},"211":{"start":{"line":488,"column":8},"end":{"line":488,"column":null}},"212":{"start":{"line":492,"column":4},"end":{"line":492,"column":null}},"213":{"start":{"line":495,"column":54},"end":{"line":551,"column":null}},"214":{"start":{"line":553,"column":2},"end":{"line":559,"column":null}},"215":{"start":{"line":601,"column":16},"end":{"line":601,"column":null}},"216":{"start":{"line":602,"column":42},"end":{"line":602,"column":null}},"217":{"start":{"line":604,"column":16},"end":{"line":604,"column":null}},"218":{"start":{"line":606,"column":16},"end":{"line":606,"column":null}},"219":{"start":{"line":635,"column":41},"end":{"line":635,"column":null}},"220":{"start":{"line":665,"column":24},"end":{"line":667,"column":null}},"221":{"start":{"line":666,"column":26},"end":{"line":666,"column":null}},"222":{"start":{"line":669,"column":24},"end":{"line":704,"column":null}},"223":{"start":{"line":670,"column":26},"end":{"line":671,"column":null}},"224":{"start":{"line":677,"column":59},"end":{"line":677,"column":null}},"225":{"start":{"line":706,"column":24},"end":{"line":708,"column":null}},"226":{"start":{"line":723,"column":24},"end":{"line":725,"column":null}},"227":{"start":{"line":724,"column":26},"end":{"line":724,"column":null}},"228":{"start":{"line":727,"column":24},"end":{"line":729,"column":null}},"229":{"start":{"line":745,"column":35},"end":{"line":745,"column":null}},"230":{"start":{"line":752,"column":22},"end":{"line":752,"column":null}},"231":{"start":{"line":753,"column":22},"end":{"line":753,"column":null}},"232":{"start":{"line":759,"column":35},"end":{"line":759,"column":null}},"233":{"start":{"line":763,"column":35},"end":{"line":763,"column":null}}},"fnMap":{"0":{"name":"(anonymous_5)","decl":{"start":{"line":40,"column":48},"end":{"line":40,"column":49}},"loc":{"start":{"line":40,"column":60},"end":{"line":40,"column":87}}},"1":{"name":"(anonymous_6)","decl":{"start":{"line":41,"column":2},"end":{"line":41,"column":3}},"loc":{"start":{"line":41,"column":14},"end":{"line":41,"column":26}}},"2":{"name":"(anonymous_7)","decl":{"start":{"line":43,"column":50},"end":{"line":43,"column":51}},"loc":{"start":{"line":43,"column":62},"end":{"line":43,"column":89}}},"3":{"name":"(anonymous_8)","decl":{"start":{"line":44,"column":2},"end":{"line":44,"column":3}},"loc":{"start":{"line":44,"column":14},"end":{"line":44,"column":26}}},"4":{"name":"(anonymous_9)","decl":{"start":{"line":47,"column":2},"end":{"line":47,"column":8}},"loc":{"start":{"line":47,"column":8},"end":{"line":47,"column":null}}},"5":{"name":"(anonymous_10)","decl":{"start":{"line":47,"column":8},"end":{"line":47,"column":15}},"loc":{"start":{"line":47,"column":8},"end":{"line":47,"column":null}}},"6":{"name":"(anonymous_11)","decl":{"start":{"line":49,"column":37},"end":{"line":49,"column":43}},"loc":{"start":{"line":49,"column":43},"end":{"line":49,"column":null}}},"7":{"name":"(anonymous_12)","decl":{"start":{"line":49,"column":43},"end":{"line":49,"column":50}},"loc":{"start":{"line":49,"column":43},"end":{"line":49,"column":null}}},"8":{"name":"(anonymous_13)","decl":{"start":{"line":51,"column":2},"end":{"line":51,"column":8}},"loc":{"start":{"line":51,"column":8},"end":{"line":51,"column":null}}},"9":{"name":"(anonymous_14)","decl":{"start":{"line":51,"column":8},"end":{"line":51,"column":15}},"loc":{"start":{"line":51,"column":8},"end":{"line":51,"column":null}}},"10":{"name":"getRandomInt","decl":{"start":{"line":71,"column":9},"end":{"line":71,"column":22}},"loc":{"start":{"line":71,"column":46},"end":{"line":73,"column":null}}},"11":{"name":"pickRandomUnique","decl":{"start":{"line":78,"column":9},"end":{"line":78,"column":29}},"loc":{"start":{"line":78,"column":54},"end":{"line":87,"column":null}}},"12":{"name":"HomePage","decl":{"start":{"line":92,"column":24},"end":{"line":92,"column":null}},"loc":{"start":{"line":92,"column":24},"end":{"line":778,"column":null}}},"13":{"name":"(anonymous_18)","decl":{"start":{"line":121,"column":4},"end":{"line":121,"column":5}},"loc":{"start":{"line":121,"column":5},"end":{"line":128,"column":null}}},"14":{"name":"(anonymous_19)","decl":{"start":{"line":179,"column":44},"end":{"line":179,"column":null}},"loc":{"start":{"line":179,"column":44},"end":{"line":243,"column":5}}},"15":{"name":"(anonymous_20)","decl":{"start":{"line":199,"column":38},"end":{"line":199,"column":39}},"loc":{"start":{"line":199,"column":51},"end":{"line":217,"column":null}}},"16":{"name":"(anonymous_21)","decl":{"start":{"line":219,"column":34},"end":{"line":219,"column":35}},"loc":{"start":{"line":219,"column":35},"end":{"line":240,"column":null}}},"17":{"name":"(anonymous_22)","decl":{"start":{"line":220,"column":26},"end":{"line":220,"column":27}},"loc":{"start":{"line":220,"column":34},"end":{"line":239,"column":null}}},"18":{"name":"(anonymous_23)","decl":{"start":{"line":245,"column":12},"end":{"line":245,"column":null}},"loc":{"start":{"line":245,"column":12},"end":{"line":320,"column":5}}},"19":{"name":"(anonymous_24)","decl":{"start":{"line":268,"column":23},"end":{"line":268,"column":null}},"loc":{"start":{"line":268,"column":23},"end":{"line":310,"column":null}}},"20":{"name":"(anonymous_25)","decl":{"start":{"line":271,"column":37},"end":{"line":271,"column":38}},"loc":{"start":{"line":271,"column":38},"end":{"line":280,"column":null}}},"21":{"name":"(anonymous_26)","decl":{"start":{"line":282,"column":38},"end":{"line":282,"column":39}},"loc":{"start":{"line":282,"column":39},"end":{"line":291,"column":null}}},"22":{"name":"(anonymous_27)","decl":{"start":{"line":293,"column":42},"end":{"line":293,"column":43}},"loc":{"start":{"line":293,"column":43},"end":{"line":302,"column":null}}},"23":{"name":"(anonymous_28)","decl":{"start":{"line":314,"column":11},"end":{"line":314,"column":null}},"loc":{"start":{"line":314,"column":11},"end":{"line":319,"column":null}}},"24":{"name":"(anonymous_29)","decl":{"start":{"line":323,"column":4},"end":{"line":323,"column":10}},"loc":{"start":{"line":323,"column":10},"end":{"line":323,"column":80}}},"25":{"name":"(anonymous_30)","decl":{"start":{"line":328,"column":4},"end":{"line":328,"column":10}},"loc":{"start":{"line":328,"column":10},"end":{"line":328,"column":77}}},"26":{"name":"(anonymous_31)","decl":{"start":{"line":333,"column":4},"end":{"line":333,"column":10}},"loc":{"start":{"line":333,"column":10},"end":{"line":333,"column":85}}},"27":{"name":"(anonymous_32)","decl":{"start":{"line":338,"column":4},"end":{"line":338,"column":5}},"loc":{"start":{"line":348,"column":5},"end":{"line":354,"column":null}}},"28":{"name":"(anonymous_33)","decl":{"start":{"line":365,"column":19},"end":{"line":365,"column":26}},"loc":{"start":{"line":365,"column":26},"end":{"line":416,"column":null}}},"29":{"name":"(anonymous_34)","decl":{"start":{"line":393,"column":17},"end":{"line":393,"column":18}},"loc":{"start":{"line":393,"column":28},"end":{"line":393,"column":null}}},"30":{"name":"(anonymous_35)","decl":{"start":{"line":418,"column":38},"end":{"line":418,"column":null}},"loc":{"start":{"line":418,"column":38},"end":{"line":444,"column":5}}},"31":{"name":"(anonymous_36)","decl":{"start":{"line":421,"column":31},"end":{"line":421,"column":32}},"loc":{"start":{"line":421,"column":43},"end":{"line":421,"column":58}}},"32":{"name":"(anonymous_37)","decl":{"start":{"line":421,"column":65},"end":{"line":421,"column":66}},"loc":{"start":{"line":421,"column":77},"end":{"line":421,"column":null}}},"33":{"name":"(anonymous_38)","decl":{"start":{"line":446,"column":12},"end":{"line":446,"column":null}},"loc":{"start":{"line":446,"column":12},"end":{"line":467,"column":5}}},"34":{"name":"(anonymous_39)","decl":{"start":{"line":469,"column":51},"end":{"line":469,"column":52}},"loc":{"start":{"line":469,"column":52},"end":{"line":475,"column":null}}},"35":{"name":"(anonymous_40)","decl":{"start":{"line":472,"column":26},"end":{"line":472,"column":null}},"loc":{"start":{"line":472,"column":26},"end":{"line":474,"column":null}}},"36":{"name":"(anonymous_41)","decl":{"start":{"line":479,"column":39},"end":{"line":479,"column":null}},"loc":{"start":{"line":479,"column":39},"end":{"line":493,"column":5}}},"37":{"name":"(anonymous_42)","decl":{"start":{"line":482,"column":39},"end":{"line":482,"column":40}},"loc":{"start":{"line":482,"column":40},"end":{"line":490,"column":null}}},"38":{"name":"(anonymous_46)","decl":{"start":{"line":599,"column":14},"end":{"line":599,"column":null}},"loc":{"start":{"line":599,"column":14},"end":{"line":772,"column":null}}},"39":{"name":"(anonymous_47)","decl":{"start":{"line":635,"column":35},"end":{"line":635,"column":41}},"loc":{"start":{"line":635,"column":41},"end":{"line":635,"column":null}}},"40":{"name":"(anonymous_48)","decl":{"start":{"line":664,"column":48},"end":{"line":664,"column":49}},"loc":{"start":{"line":664,"column":49},"end":{"line":718,"column":null}}},"41":{"name":"(anonymous_49)","decl":{"start":{"line":677,"column":42},"end":{"line":677,"column":43}},"loc":{"start":{"line":677,"column":59},"end":{"line":677,"column":null}}},"42":{"name":"(anonymous_50)","decl":{"start":{"line":722,"column":48},"end":{"line":722,"column":49}},"loc":{"start":{"line":722,"column":49},"end":{"line":739,"column":null}}},"43":{"name":"(anonymous_51)","decl":{"start":{"line":745,"column":29},"end":{"line":745,"column":35}},"loc":{"start":{"line":745,"column":35},"end":{"line":745,"column":null}}},"44":{"name":"(anonymous_52)","decl":{"start":{"line":751,"column":31},"end":{"line":751,"column":null}},"loc":{"start":{"line":751,"column":31},"end":{"line":754,"column":null}}},"45":{"name":"(anonymous_53)","decl":{"start":{"line":759,"column":29},"end":{"line":759,"column":35}},"loc":{"start":{"line":759,"column":35},"end":{"line":759,"column":null}}},"46":{"name":"(anonymous_54)","decl":{"start":{"line":763,"column":29},"end":{"line":763,"column":35}},"loc":{"start":{"line":763,"column":35},"end":{"line":763,"column":null}}}},"branchMap":{"0":{"loc":{"start":{"line":122,"column":27},"end":{"line":122,"column":null}},"type":"cond-expr","locations":[{"start":{"line":122,"column":52},"end":{"line":122,"column":72}},{"start":{"line":122,"column":72},"end":{"line":122,"column":null}}]},"1":{"loc":{"start":{"line":180,"column":4},"end":{"line":188,"column":null}},"type":"if","locations":[{"start":{"line":180,"column":4},"end":{"line":188,"column":null}}]},"2":{"loc":{"start":{"line":200,"column":6},"end":{"line":202,"column":null}},"type":"if","locations":[{"start":{"line":200,"column":6},"end":{"line":202,"column":null}}]},"3":{"loc":{"start":{"line":205,"column":6},"end":{"line":207,"column":null}},"type":"if","locations":[{"start":{"line":205,"column":6},"end":{"line":207,"column":null}}]},"4":{"loc":{"start":{"line":222,"column":8},"end":{"line":224,"column":null}},"type":"if","locations":[{"start":{"line":222,"column":8},"end":{"line":224,"column":null}}]},"5":{"loc":{"start":{"line":227,"column":8},"end":{"line":229,"column":null}},"type":"if","locations":[{"start":{"line":227,"column":8},"end":{"line":229,"column":null}}]},"6":{"loc":{"start":{"line":246,"column":4},"end":{"line":249,"column":null}},"type":"if","locations":[{"start":{"line":246,"column":4},"end":{"line":249,"column":null}}]},"7":{"loc":{"start":{"line":251,"column":4},"end":{"line":256,"column":null}},"type":"if","locations":[{"start":{"line":251,"column":4},"end":{"line":256,"column":null}}]},"8":{"loc":{"start":{"line":276,"column":8},"end":{"line":278,"column":null}},"type":"if","locations":[{"start":{"line":276,"column":8},"end":{"line":278,"column":null}}]},"9":{"loc":{"start":{"line":287,"column":8},"end":{"line":289,"column":null}},"type":"if","locations":[{"start":{"line":287,"column":8},"end":{"line":289,"column":null}}]},"10":{"loc":{"start":{"line":298,"column":8},"end":{"line":300,"column":null}},"type":"if","locations":[{"start":{"line":298,"column":8},"end":{"line":300,"column":null}}]},"11":{"loc":{"start":{"line":304,"column":6},"end":{"line":309,"column":null}},"type":"if","locations":[{"start":{"line":304,"column":6},"end":{"line":309,"column":null}}]},"12":{"loc":{"start":{"line":315,"column":6},"end":{"line":318,"column":null}},"type":"if","locations":[{"start":{"line":315,"column":6},"end":{"line":318,"column":null}}]},"13":{"loc":{"start":{"line":323,"column":10},"end":{"line":323,"column":80}},"type":"binary-expr","locations":[{"start":{"line":323,"column":10},"end":{"line":323,"column":78}},{"start":{"line":323,"column":78},"end":{"line":323,"column":80}}]},"14":{"loc":{"start":{"line":328,"column":10},"end":{"line":328,"column":77}},"type":"binary-expr","locations":[{"start":{"line":328,"column":10},"end":{"line":328,"column":75}},{"start":{"line":328,"column":75},"end":{"line":328,"column":77}}]},"15":{"loc":{"start":{"line":333,"column":10},"end":{"line":333,"column":85}},"type":"binary-expr","locations":[{"start":{"line":333,"column":10},"end":{"line":333,"column":83}},{"start":{"line":333,"column":83},"end":{"line":333,"column":85}}]},"16":{"loc":{"start":{"line":358,"column":25},"end":{"line":363,"column":null}},"type":"cond-expr","locations":[{"start":{"line":359,"column":6},"end":{"line":362,"column":null}},{"start":{"line":363,"column":6},"end":{"line":363,"column":null}}]},"17":{"loc":{"start":{"line":370,"column":25},"end":{"line":370,"column":96}},"type":"cond-expr","locations":[{"start":{"line":370,"column":54},"end":{"line":370,"column":83}},{"start":{"line":370,"column":83},"end":{"line":370,"column":96}}]},"18":{"loc":{"start":{"line":372,"column":6},"end":{"line":372,"column":80}},"type":"cond-expr","locations":[{"start":{"line":372,"column":36},"end":{"line":372,"column":66}},{"start":{"line":372,"column":66},"end":{"line":372,"column":80}}]},"19":{"loc":{"start":{"line":374,"column":4},"end":{"line":377,"column":null}},"type":"if","locations":[{"start":{"line":374,"column":4},"end":{"line":377,"column":null}}]},"20":{"loc":{"start":{"line":379,"column":4},"end":{"line":382,"column":null}},"type":"if","locations":[{"start":{"line":379,"column":4},"end":{"line":382,"column":null}}]},"21":{"loc":{"start":{"line":403,"column":6},"end":{"line":405,"column":null}},"type":"if","locations":[{"start":{"line":403,"column":6},"end":{"line":405,"column":null}}]},"22":{"loc":{"start":{"line":436,"column":12},"end":{"line":436,"column":null}},"type":"binary-expr","locations":[{"start":{"line":436,"column":12},"end":{"line":436,"column":55}},{"start":{"line":436,"column":59},"end":{"line":436,"column":null}}]},"23":{"loc":{"start":{"line":438,"column":13},"end":{"line":438,"column":null}},"type":"binary-expr","locations":[{"start":{"line":438,"column":13},"end":{"line":438,"column":57}},{"start":{"line":438,"column":61},"end":{"line":438,"column":null}}]},"24":{"loc":{"start":{"line":440,"column":23},"end":{"line":440,"column":null}},"type":"binary-expr","locations":[{"start":{"line":440,"column":23},"end":{"line":440,"column":70}},{"start":{"line":440,"column":74},"end":{"line":440,"column":null}}]},"25":{"loc":{"start":{"line":447,"column":4},"end":{"line":449,"column":null}},"type":"if","locations":[{"start":{"line":447,"column":4},"end":{"line":449,"column":null}}]},"26":{"loc":{"start":{"line":451,"column":4},"end":{"line":453,"column":null}},"type":"if","locations":[{"start":{"line":451,"column":4},"end":{"line":453,"column":null}}]},"27":{"loc":{"start":{"line":455,"column":4},"end":{"line":458,"column":null}},"type":"if","locations":[{"start":{"line":455,"column":4},"end":{"line":458,"column":null}}]},"28":{"loc":{"start":{"line":460,"column":4},"end":{"line":463,"column":null}},"type":"if","locations":[{"start":{"line":460,"column":4},"end":{"line":463,"column":null}}]},"29":{"loc":{"start":{"line":477,"column":24},"end":{"line":477,"column":null}},"type":"cond-expr","locations":[{"start":{"line":477,"column":44},"end":{"line":477,"column":64}},{"start":{"line":477,"column":64},"end":{"line":477,"column":null}}]},"30":{"loc":{"start":{"line":478,"column":24},"end":{"line":478,"column":null}},"type":"cond-expr","locations":[{"start":{"line":478,"column":45},"end":{"line":478,"column":66}},{"start":{"line":478,"column":66},"end":{"line":478,"column":null}}]},"31":{"loc":{"start":{"line":483,"column":6},"end":{"line":485,"column":null}},"type":"if","locations":[{"start":{"line":483,"column":6},"end":{"line":485,"column":null}}]},"32":{"loc":{"start":{"line":487,"column":6},"end":{"line":489,"column":null}},"type":"if","locations":[{"start":{"line":487,"column":6},"end":{"line":489,"column":null}}]},"33":{"loc":{"start":{"line":514,"column":21},"end":{"line":514,"column":null}},"type":"cond-expr","locations":[{"start":{"line":514,"column":43},"end":{"line":514,"column":51}},{"start":{"line":514,"column":51},"end":{"line":514,"column":null}}]},"34":{"loc":{"start":{"line":553,"column":2},"end":{"line":559,"column":null}},"type":"if","locations":[{"start":{"line":553,"column":2},"end":{"line":559,"column":null}}]},"35":{"loc":{"start":{"line":579,"column":9},"end":{"line":579,"column":null}},"type":"binary-expr","locations":[{"start":{"line":579,"column":9},"end":{"line":579,"column":null}}]},"36":{"loc":{"start":{"line":597,"column":9},"end":{"line":774,"column":null}},"type":"cond-expr","locations":[{"start":{"line":598,"column":10},"end":{"line":774,"column":null}},{"start":{"line":774,"column":12},"end":{"line":774,"column":null}}]},"37":{"loc":{"start":{"line":597,"column":9},"end":{"line":597,"column":null}},"type":"binary-expr","locations":[{"start":{"line":597,"column":9},"end":{"line":597,"column":17}},{"start":{"line":597,"column":17},"end":{"line":597,"column":null}}]},"38":{"loc":{"start":{"line":601,"column":16},"end":{"line":601,"column":null}},"type":"binary-expr","locations":[{"start":{"line":601,"column":16},"end":{"line":601,"column":49}},{"start":{"line":601,"column":49},"end":{"line":601,"column":null}}]},"39":{"loc":{"start":{"line":604,"column":16},"end":{"line":604,"column":null}},"type":"binary-expr","locations":[{"start":{"line":604,"column":16},"end":{"line":604,"column":49}},{"start":{"line":604,"column":49},"end":{"line":604,"column":null}}]},"40":{"loc":{"start":{"line":606,"column":16},"end":{"line":606,"column":null}},"type":"binary-expr","locations":[{"start":{"line":606,"column":16},"end":{"line":606,"column":38}},{"start":{"line":606,"column":38},"end":{"line":606,"column":61}},{"start":{"line":606,"column":61},"end":{"line":606,"column":null}}]},"41":{"loc":{"start":{"line":630,"column":23},"end":{"line":654,"column":null}},"type":"cond-expr","locations":[{"start":{"line":631,"column":24},"end":{"line":654,"column":null}},{"start":{"line":654,"column":26},"end":{"line":654,"column":null}}]},"42":{"loc":{"start":{"line":663,"column":20},"end":{"line":721,"column":21}},"type":"cond-expr","locations":[{"start":{"line":663,"column":20},"end":{"line":721,"column":21}}]},"43":{"loc":{"start":{"line":665,"column":24},"end":{"line":667,"column":null}},"type":"if","locations":[{"start":{"line":665,"column":24},"end":{"line":667,"column":null}}]},"44":{"loc":{"start":{"line":669,"column":24},"end":{"line":704,"column":null}},"type":"if","locations":[{"start":{"line":669,"column":24},"end":{"line":704,"column":null}}]},"45":{"loc":{"start":{"line":685,"column":37},"end":{"line":687,"column":null}},"type":"cond-expr","locations":[{"start":{"line":686,"column":40},"end":{"line":686,"column":null}},{"start":{"line":687,"column":40},"end":{"line":687,"column":null}}]},"46":{"loc":{"start":{"line":723,"column":24},"end":{"line":725,"column":null}},"type":"if","locations":[{"start":{"line":723,"column":24},"end":{"line":725,"column":null}}]},"47":{"loc":{"start":{"line":749,"column":27},"end":{"line":749,"column":null}},"type":"cond-expr","locations":[{"start":{"line":749,"column":47},"end":{"line":749,"column":60}},{"start":{"line":749,"column":60},"end":{"line":749,"column":null}}]}},"s":{"0":3,"1":1,"2":1,"3":1,"4":1,"5":1,"6":1,"7":1,"8":1,"9":1,"10":1,"11":1,"12":1,"13":1,"14":1,"15":1,"16":1,"17":1,"18":1,"19":1,"20":16,"21":15,"22":1,"23":20,"24":19,"25":1,"26":2,"27":1,"28":2,"29":1,"30":2,"31":1,"32":1,"33":1,"34":1,"35":1,"36":1,"37":1,"38":6,"39":15,"40":15,"41":15,"42":528,"43":528,"44":15,"45":19,"46":19,"47":19,"48":19,"49":19,"50":19,"51":19,"52":0,"53":0,"54":0,"55":19,"56":19,"57":19,"58":19,"59":19,"60":19,"61":19,"62":19,"63":19,"64":19,"65":19,"66":19,"67":19,"68":19,"69":19,"70":19,"71":19,"72":19,"73":19,"74":19,"75":19,"76":19,"77":4,"78":3,"79":1,"80":1,"81":1,"82":1,"83":0,"84":1,"85":1,"86":0,"87":1,"88":1,"89":1,"90":1,"91":4,"92":4,"93":4,"94":0,"95":0,"96":0,"97":0,"98":0,"99":1,"100":19,"101":4,"102":0,"103":0,"104":4,"105":3,"106":3,"107":3,"108":3,"109":1,"110":1,"111":1,"112":1,"113":1,"114":1,"115":1,"116":1,"117":1,"118":1,"119":1,"120":0,"121":1,"122":1,"123":1,"124":1,"125":0,"126":1,"127":1,"128":1,"129":1,"130":0,"131":1,"132":1,"133":0,"134":1,"135":1,"136":1,"137":1,"138":1,"139":19,"140":5,"141":19,"142":5,"143":19,"144":5,"145":19,"146":0,"147":0,"148":0,"149":0,"150":0,"151":19,"152":19,"153":1,"154":1,"155":1,"156":1,"157":1,"158":1,"159":0,"160":0,"161":1,"162":0,"163":0,"164":1,"165":1,"166":1,"167":1,"168":1,"169":0,"170":1,"171":1,"172":1,"173":0,"174":0,"175":1,"176":19,"177":3,"178":3,"179":114,"180":114,"181":3,"182":3,"183":3,"184":3,"185":19,"186":7,"187":3,"188":4,"189":1,"190":3,"191":0,"192":0,"193":3,"194":0,"195":0,"196":3,"197":3,"198":19,"199":0,"200":0,"201":0,"202":0,"203":19,"204":19,"205":19,"206":4,"207":4,"208":1,"209":0,"210":1,"211":1,"212":4,"213":19,"214":19,"215":3,"216":3,"217":3,"218":3,"219":0,"220":9,"221":0,"222":9,"223":3,"224":0,"225":6,"226":0,"227":0,"228":0,"229":0,"230":0,"231":0,"232":0,"233":0},"f":{"0":16,"1":15,"2":20,"3":19,"4":1,"5":1,"6":1,"7":1,"8":1,"9":1,"10":6,"11":15,"12":19,"13":0,"14":4,"15":1,"16":1,"17":4,"18":4,"19":1,"20":1,"21":1,"22":1,"23":1,"24":5,"25":5,"26":5,"27":0,"28":1,"29":1,"30":3,"31":114,"32":114,"33":7,"34":0,"35":0,"36":4,"37":1,"38":3,"39":0,"40":9,"41":0,"42":0,"43":0,"44":0,"45":0,"46":0},"b":{"0":[0,0],"1":[3],"2":[0],"3":[0],"4":[4],"5":[0],"6":[0],"7":[3],"8":[0],"9":[0],"10":[0],"11":[0],"12":[1],"13":[5,3],"14":[5,3],"15":[5,3],"16":[3,16],"17":[0,1],"18":[0,1],"19":[0],"20":[0],"21":[0],"22":[3,0],"23":[3,0],"24":[3,0],"25":[3],"26":[1],"27":[0],"28":[0],"29":[3,16],"30":[3,16],"31":[0],"32":[1],"33":[3,0],"34":[3],"35":[16],"36":[3,13],"37":[16,3],"38":[3,3],"39":[3,3],"40":[3,3,3],"41":[3,0],"42":[3],"43":[0],"44":[3],"45":[3,0],"46":[0],"47":[0,3]}}
,"/Users/carl.welch/Documents/Github Projects/ai-musician-helper/app/api/chord-suggestions/route.ts": {"path":"/Users/carl.welch/Documents/Github Projects/ai-musician-helper/app/api/chord-suggestions/route.ts","statementMap":{"0":{"start":{"line":374,"column":22},"end":{"line":374,"column":27}},"1":{"start":{"line":1,"column":19},"end":{"line":1,"column":null}},"2":{"start":{"line":2,"column":42},"end":{"line":2,"column":null}},"3":{"start":{"line":6,"column":15},"end":{"line":8,"column":null}},"4":{"start":{"line":10,"column":27},"end":{"line":10,"column":null}},"5":{"start":{"line":11,"column":21},"end":{"line":11,"column":null}},"6":{"start":{"line":12,"column":49},"end":{"line":34,"column":null}},"7":{"start":{"line":40,"column":16},"end":{"line":40,"column":null}},"8":{"start":{"line":41,"column":2},"end":{"line":43,"column":null}},"9":{"start":{"line":42,"column":4},"end":{"line":42,"column":null}},"10":{"start":{"line":45,"column":2},"end":{"line":45,"column":null}},"11":{"start":{"line":52,"column":16},"end":{"line":52,"column":null}},"12":{"start":{"line":53,"column":2},"end":{"line":55,"column":null}},"13":{"start":{"line":54,"column":4},"end":{"line":54,"column":null}},"14":{"start":{"line":57,"column":19},"end":{"line":57,"column":45}},"15":{"start":{"line":58,"column":17},"end":{"line":58,"column":null}},"16":{"start":{"line":60,"column":2},"end":{"line":62,"column":null}},"17":{"start":{"line":61,"column":4},"end":{"line":61,"column":null}},"18":{"start":{"line":64,"column":2},"end":{"line":64,"column":null}},"19":{"start":{"line":71,"column":15},"end":{"line":71,"column":null}},"20":{"start":{"line":72,"column":2},"end":{"line":74,"column":null}},"21":{"start":{"line":73,"column":4},"end":{"line":73,"column":null}},"22":{"start":{"line":76,"column":2},"end":{"line":76,"column":null}},"23":{"start":{"line":83,"column":16},"end":{"line":83,"column":null}},"24":{"start":{"line":84,"column":2},"end":{"line":86,"column":null}},"25":{"start":{"line":85,"column":4},"end":{"line":85,"column":null}},"26":{"start":{"line":88,"column":2},"end":{"line":88,"column":null}},"27":{"start":{"line":95,"column":2},"end":{"line":104,"column":null}},"28":{"start":{"line":96,"column":21},"end":{"line":96,"column":null}},"29":{"start":{"line":97,"column":22},"end":{"line":97,"column":null}},"30":{"start":{"line":99,"column":4},"end":{"line":101,"column":null}},"31":{"start":{"line":100,"column":6},"end":{"line":100,"column":null}},"32":{"start":{"line":103,"column":4},"end":{"line":103,"column":null}},"33":{"start":{"line":111,"column":2},"end":{"line":113,"column":null}},"34":{"start":{"line":112,"column":4},"end":{"line":112,"column":null}},"35":{"start":{"line":115,"column":25},"end":{"line":115,"column":null}},"36":{"start":{"line":116,"column":2},"end":{"line":118,"column":null}},"37":{"start":{"line":117,"column":4},"end":{"line":117,"column":null}},"38":{"start":{"line":120,"column":30},"end":{"line":120,"column":null}},"39":{"start":{"line":121,"column":25},"end":{"line":126,"column":null}},"40":{"start":{"line":121,"column":65},"end":{"line":126,"column":null}},"41":{"start":{"line":128,"column":28},"end":{"line":130,"column":null}},"42":{"start":{"line":129,"column":23},"end":{"line":129,"column":null}},"43":{"start":{"line":130,"column":27},"end":{"line":130,"column":null}},"44":{"start":{"line":132,"column":2},"end":{"line":134,"column":null}},"45":{"start":{"line":133,"column":4},"end":{"line":133,"column":null}},"46":{"start":{"line":136,"column":25},"end":{"line":136,"column":45}},"47":{"start":{"line":138,"column":4},"end":{"line":153,"column":85}},"48":{"start":{"line":141,"column":10},"end":{"line":143,"column":null}},"49":{"start":{"line":145,"column":29},"end":{"line":145,"column":82}},"50":{"start":{"line":149,"column":10},"end":{"line":151,"column":null}},"51":{"start":{"line":153,"column":29},"end":{"line":153,"column":82}},"52":{"start":{"line":155,"column":2},"end":{"line":157,"column":null}},"53":{"start":{"line":156,"column":4},"end":{"line":156,"column":null}},"54":{"start":{"line":159,"column":23},"end":{"line":159,"column":42}},"55":{"start":{"line":160,"column":2},"end":{"line":162,"column":null}},"56":{"start":{"line":161,"column":4},"end":{"line":161,"column":null}},"57":{"start":{"line":164,"column":2},"end":{"line":166,"column":null}},"58":{"start":{"line":165,"column":4},"end":{"line":165,"column":null}},"59":{"start":{"line":168,"column":27},"end":{"line":168,"column":null}},"60":{"start":{"line":169,"column":2},"end":{"line":171,"column":null}},"61":{"start":{"line":174,"column":2},"end":{"line":177,"column":null}},"62":{"start":{"line":186,"column":2},"end":{"line":200,"column":null}},"63":{"start":{"line":188,"column":84},"end":{"line":193,"column":null}},"64":{"start":{"line":194,"column":70},"end":{"line":199,"column":null}},"65":{"start":{"line":197,"column":8},"end":{"line":197,"column":null}},"66":{"start":{"line":203,"column":30},"end":{"line":369,"column":null}},"67":{"start":{"line":375,"column":2},"end":{"line":492,"column":null}},"68":{"start":{"line":376,"column":4},"end":{"line":378,"column":null}},"69":{"start":{"line":377,"column":6},"end":{"line":377,"column":null}},"70":{"start":{"line":380,"column":17},"end":{"line":380,"column":null}},"71":{"start":{"line":382,"column":25},"end":{"line":440,"column":null}},"72":{"start":{"line":442,"column":18},"end":{"line":449,"column":null}},"73":{"start":{"line":451,"column":21},"end":{"line":463,"column":null}},"74":{"start":{"line":465,"column":16},"end":{"line":465,"column":36}},"75":{"start":{"line":467,"column":4},"end":{"line":470,"column":null}},"76":{"start":{"line":468,"column":6},"end":{"line":468,"column":null}},"77":{"start":{"line":469,"column":6},"end":{"line":469,"column":null}},"78":{"start":{"line":473,"column":4},"end":{"line":479,"column":null}},"79":{"start":{"line":474,"column":6},"end":{"line":474,"column":null}},"80":{"start":{"line":476,"column":6},"end":{"line":476,"column":null}},"81":{"start":{"line":477,"column":6},"end":{"line":477,"column":null}},"82":{"start":{"line":478,"column":6},"end":{"line":478,"column":null}},"83":{"start":{"line":481,"column":4},"end":{"line":481,"column":null}},"84":{"start":{"line":483,"column":4},"end":{"line":483,"column":null}},"85":{"start":{"line":485,"column":4},"end":{"line":490,"column":null}}},"fnMap":{"0":{"name":"getChordRootPitchClass","decl":{"start":{"line":39,"column":9},"end":{"line":39,"column":32}},"loc":{"start":{"line":39,"column":49},"end":{"line":46,"column":null}}},"1":{"name":"parseMidi","decl":{"start":{"line":51,"column":9},"end":{"line":51,"column":19}},"loc":{"start":{"line":51,"column":31},"end":{"line":65,"column":null}}},"2":{"name":"getPitchClass","decl":{"start":{"line":70,"column":9},"end":{"line":70,"column":23}},"loc":{"start":{"line":70,"column":35},"end":{"line":77,"column":null}}},"3":{"name":"shiftNoteByOctaves","decl":{"start":{"line":82,"column":9},"end":{"line":82,"column":28}},"loc":{"start":{"line":82,"column":61},"end":{"line":89,"column":null}}},"4":{"name":"sortNotesByPitch","decl":{"start":{"line":94,"column":9},"end":{"line":94,"column":26}},"loc":{"start":{"line":94,"column":41},"end":{"line":105,"column":null}}},"5":{"name":"(anonymous_7)","decl":{"start":{"line":95,"column":25},"end":{"line":95,"column":26}},"loc":{"start":{"line":95,"column":32},"end":{"line":104,"column":null}}},"6":{"name":"normalizeAddToneVoicing","decl":{"start":{"line":110,"column":9},"end":{"line":110,"column":33}},"loc":{"start":{"line":110,"column":73},"end":{"line":178,"column":null}}},"7":{"name":"(anonymous_9)","decl":{"start":{"line":121,"column":47},"end":{"line":121,"column":48}},"loc":{"start":{"line":121,"column":65},"end":{"line":126,"column":null}}},"8":{"name":"(anonymous_10)","decl":{"start":{"line":129,"column":12},"end":{"line":129,"column":13}},"loc":{"start":{"line":129,"column":23},"end":{"line":129,"column":null}}},"9":{"name":"(anonymous_11)","decl":{"start":{"line":130,"column":10},"end":{"line":130,"column":11}},"loc":{"start":{"line":130,"column":27},"end":{"line":130,"column":null}}},"10":{"name":"(anonymous_12)","decl":{"start":{"line":140,"column":8},"end":{"line":140,"column":9}},"loc":{"start":{"line":141,"column":10},"end":{"line":143,"column":null}}},"11":{"name":"(anonymous_13)","decl":{"start":{"line":145,"column":12},"end":{"line":145,"column":13}},"loc":{"start":{"line":145,"column":29},"end":{"line":145,"column":82}}},"12":{"name":"(anonymous_14)","decl":{"start":{"line":148,"column":8},"end":{"line":148,"column":9}},"loc":{"start":{"line":149,"column":10},"end":{"line":151,"column":null}}},"13":{"name":"(anonymous_15)","decl":{"start":{"line":153,"column":12},"end":{"line":153,"column":13}},"loc":{"start":{"line":153,"column":29},"end":{"line":153,"column":82}}},"14":{"name":"normalizeChordSuggestionResponse","decl":{"start":{"line":183,"column":9},"end":{"line":183,"column":null}},"loc":{"start":{"line":184,"column":34},"end":{"line":201,"column":null}}},"15":{"name":"(anonymous_17)","decl":{"start":{"line":188,"column":67},"end":{"line":188,"column":68}},"loc":{"start":{"line":188,"column":84},"end":{"line":193,"column":null}}},"16":{"name":"(anonymous_18)","decl":{"start":{"line":194,"column":59},"end":{"line":194,"column":60}},"loc":{"start":{"line":194,"column":70},"end":{"line":199,"column":null}}},"17":{"name":"(anonymous_19)","decl":{"start":{"line":196,"column":52},"end":{"line":196,"column":53}},"loc":{"start":{"line":197,"column":8},"end":{"line":197,"column":null}}},"18":{"name":"POST","decl":{"start":{"line":374,"column":22},"end":{"line":374,"column":27}},"loc":{"start":{"line":374,"column":43},"end":{"line":493,"column":null}}}},"branchMap":{"0":{"loc":{"start":{"line":41,"column":2},"end":{"line":43,"column":null}},"type":"if","locations":[{"start":{"line":41,"column":2},"end":{"line":43,"column":null}}]},"1":{"loc":{"start":{"line":45,"column":9},"end":{"line":45,"column":null}},"type":"binary-expr","locations":[{"start":{"line":45,"column":9},"end":{"line":45,"column":35}},{"start":{"line":45,"column":39},"end":{"line":45,"column":null}}]},"2":{"loc":{"start":{"line":53,"column":2},"end":{"line":55,"column":null}},"type":"if","locations":[{"start":{"line":53,"column":2},"end":{"line":55,"column":null}}]},"3":{"loc":{"start":{"line":60,"column":2},"end":{"line":62,"column":null}},"type":"if","locations":[{"start":{"line":60,"column":2},"end":{"line":62,"column":null}}]},"4":{"loc":{"start":{"line":60,"column":6},"end":{"line":60,"column":54}},"type":"binary-expr","locations":[{"start":{"line":60,"column":6},"end":{"line":60,"column":32}},{"start":{"line":60,"column":32},"end":{"line":60,"column":54}}]},"5":{"loc":{"start":{"line":72,"column":2},"end":{"line":74,"column":null}},"type":"if","locations":[{"start":{"line":72,"column":2},"end":{"line":74,"column":null}}]},"6":{"loc":{"start":{"line":84,"column":2},"end":{"line":86,"column":null}},"type":"if","locations":[{"start":{"line":84,"column":2},"end":{"line":86,"column":null}}]},"7":{"loc":{"start":{"line":99,"column":4},"end":{"line":101,"column":null}},"type":"if","locations":[{"start":{"line":99,"column":4},"end":{"line":101,"column":null}}]},"8":{"loc":{"start":{"line":99,"column":8},"end":{"line":99,"column":49}},"type":"binary-expr","locations":[{"start":{"line":99,"column":8},"end":{"line":99,"column":29}},{"start":{"line":99,"column":29},"end":{"line":99,"column":49}}]},"9":{"loc":{"start":{"line":111,"column":2},"end":{"line":113,"column":null}},"type":"if","locations":[{"start":{"line":111,"column":2},"end":{"line":113,"column":null}}]},"10":{"loc":{"start":{"line":111,"column":6},"end":{"line":111,"column":81}},"type":"binary-expr","locations":[{"start":{"line":111,"column":6},"end":{"line":111,"column":49}},{"start":{"line":111,"column":49},"end":{"line":111,"column":81}}]},"11":{"loc":{"start":{"line":116,"column":2},"end":{"line":118,"column":null}},"type":"if","locations":[{"start":{"line":116,"column":2},"end":{"line":118,"column":null}}]},"12":{"loc":{"start":{"line":129,"column":23},"end":{"line":129,"column":null}},"type":"binary-expr","locations":[{"start":{"line":129,"column":23},"end":{"line":129,"column":46}},{"start":{"line":129,"column":46},"end":{"line":129,"column":null}}]},"13":{"loc":{"start":{"line":130,"column":28},"end":{"line":130,"column":50}},"type":"binary-expr","locations":[{"start":{"line":130,"column":28},"end":{"line":130,"column":38}},{"start":{"line":130,"column":42},"end":{"line":130,"column":50}}]},"14":{"loc":{"start":{"line":130,"column":56},"end":{"line":130,"column":77}},"type":"binary-expr","locations":[{"start":{"line":130,"column":56},"end":{"line":130,"column":65}},{"start":{"line":130,"column":69},"end":{"line":130,"column":77}}]},"15":{"loc":{"start":{"line":132,"column":2},"end":{"line":134,"column":null}},"type":"if","locations":[{"start":{"line":132,"column":2},"end":{"line":134,"column":null}}]},"16":{"loc":{"start":{"line":138,"column":4},"end":{"line":153,"column":85}},"type":"binary-expr","locations":[{"start":{"line":138,"column":4},"end":{"line":145,"column":85}},{"start":{"line":146,"column":4},"end":{"line":153,"column":85}}]},"17":{"loc":{"start":{"line":141,"column":10},"end":{"line":143,"column":null}},"type":"binary-expr","locations":[{"start":{"line":141,"column":10},"end":{"line":141,"column":null}},{"start":{"line":142,"column":10},"end":{"line":142,"column":null}},{"start":{"line":143,"column":10},"end":{"line":143,"column":null}}]},"18":{"loc":{"start":{"line":142,"column":11},"end":{"line":142,"column":33}},"type":"binary-expr","locations":[{"start":{"line":142,"column":11},"end":{"line":142,"column":21}},{"start":{"line":142,"column":25},"end":{"line":142,"column":33}}]},"19":{"loc":{"start":{"line":142,"column":39},"end":{"line":142,"column":69}},"type":"binary-expr","locations":[{"start":{"line":142,"column":39},"end":{"line":142,"column":58}},{"start":{"line":142,"column":62},"end":{"line":142,"column":69}}]},"20":{"loc":{"start":{"line":145,"column":30},"end":{"line":145,"column":52}},"type":"binary-expr","locations":[{"start":{"line":145,"column":30},"end":{"line":145,"column":40}},{"start":{"line":145,"column":44},"end":{"line":145,"column":52}}]},"21":{"loc":{"start":{"line":145,"column":58},"end":{"line":145,"column":79}},"type":"binary-expr","locations":[{"start":{"line":145,"column":58},"end":{"line":145,"column":67}},{"start":{"line":145,"column":71},"end":{"line":145,"column":79}}]},"22":{"loc":{"start":{"line":149,"column":10},"end":{"line":151,"column":null}},"type":"binary-expr","locations":[{"start":{"line":149,"column":10},"end":{"line":149,"column":null}},{"start":{"line":150,"column":10},"end":{"line":150,"column":null}},{"start":{"line":151,"column":10},"end":{"line":151,"column":null}}]},"23":{"loc":{"start":{"line":150,"column":11},"end":{"line":150,"column":33}},"type":"binary-expr","locations":[{"start":{"line":150,"column":11},"end":{"line":150,"column":21}},{"start":{"line":150,"column":25},"end":{"line":150,"column":33}}]},"24":{"loc":{"start":{"line":150,"column":39},"end":{"line":150,"column":69}},"type":"binary-expr","locations":[{"start":{"line":150,"column":39},"end":{"line":150,"column":58}},{"start":{"line":150,"column":62},"end":{"line":150,"column":69}}]},"25":{"loc":{"start":{"line":153,"column":30},"end":{"line":153,"column":52}},"type":"binary-expr","locations":[{"start":{"line":153,"column":30},"end":{"line":153,"column":40}},{"start":{"line":153,"column":44},"end":{"line":153,"column":52}}]},"26":{"loc":{"start":{"line":153,"column":58},"end":{"line":153,"column":79}},"type":"binary-expr","locations":[{"start":{"line":153,"column":58},"end":{"line":153,"column":67}},{"start":{"line":153,"column":71},"end":{"line":153,"column":79}}]},"27":{"loc":{"start":{"line":155,"column":2},"end":{"line":157,"column":null}},"type":"if","locations":[{"start":{"line":155,"column":2},"end":{"line":157,"column":null}}]},"28":{"loc":{"start":{"line":155,"column":6},"end":{"line":155,"column":43}},"type":"binary-expr","locations":[{"start":{"line":155,"column":6},"end":{"line":155,"column":23}},{"start":{"line":155,"column":23},"end":{"line":155,"column":43}}]},"29":{"loc":{"start":{"line":164,"column":2},"end":{"line":166,"column":null}},"type":"if","locations":[{"start":{"line":164,"column":2},"end":{"line":166,"column":null}}]},"30":{"loc":{"start":{"line":188,"column":27},"end":{"line":188,"column":60}},"type":"binary-expr","locations":[{"start":{"line":188,"column":27},"end":{"line":188,"column":55}},{"start":{"line":188,"column":59},"end":{"line":188,"column":60}}]},"31":{"loc":{"start":{"line":190,"column":20},"end":{"line":192,"column":null}},"type":"cond-expr","locations":[{"start":{"line":191,"column":10},"end":{"line":191,"column":null}},{"start":{"line":192,"column":10},"end":{"line":192,"column":null}}]},"32":{"loc":{"start":{"line":194,"column":23},"end":{"line":194,"column":52}},"type":"binary-expr","locations":[{"start":{"line":194,"column":23},"end":{"line":194,"column":47}},{"start":{"line":194,"column":51},"end":{"line":194,"column":52}}]},"33":{"loc":{"start":{"line":196,"column":22},"end":{"line":196,"column":45}},"type":"binary-expr","locations":[{"start":{"line":196,"column":22},"end":{"line":196,"column":40}},{"start":{"line":196,"column":44},"end":{"line":196,"column":45}}]},"34":{"loc":{"start":{"line":197,"column":32},"end":{"line":197,"column":58}},"type":"binary-expr","locations":[{"start":{"line":197,"column":32},"end":{"line":197,"column":50}},{"start":{"line":197,"column":54},"end":{"line":197,"column":58}}]},"35":{"loc":{"start":{"line":376,"column":4},"end":{"line":378,"column":null}},"type":"if","locations":[{"start":{"line":376,"column":4},"end":{"line":378,"column":null}}]},"36":{"loc":{"start":{"line":443,"column":18},"end":{"line":443,"column":39}},"type":"binary-expr","locations":[{"start":{"line":443,"column":18},"end":{"line":443,"column":33}},{"start":{"line":443,"column":37},"end":{"line":443,"column":39}}]},"37":{"loc":{"start":{"line":444,"column":12},"end":{"line":444,"column":null}},"type":"binary-expr","locations":[{"start":{"line":444,"column":12},"end":{"line":444,"column":21}},{"start":{"line":444,"column":25},"end":{"line":444,"column":null}}]},"38":{"loc":{"start":{"line":445,"column":12},"end":{"line":445,"column":null}},"type":"binary-expr","locations":[{"start":{"line":445,"column":12},"end":{"line":445,"column":21}},{"start":{"line":445,"column":25},"end":{"line":445,"column":null}}]},"39":{"loc":{"start":{"line":446,"column":13},"end":{"line":446,"column":null}},"type":"binary-expr","locations":[{"start":{"line":446,"column":13},"end":{"line":446,"column":23}},{"start":{"line":446,"column":27},"end":{"line":446,"column":null}}]},"40":{"loc":{"start":{"line":447,"column":18},"end":{"line":447,"column":null}},"type":"binary-expr","locations":[{"start":{"line":447,"column":18},"end":{"line":447,"column":33}},{"start":{"line":447,"column":37},"end":{"line":447,"column":null}}]},"41":{"loc":{"start":{"line":448,"column":23},"end":{"line":448,"column":null}},"type":"binary-expr","locations":[{"start":{"line":448,"column":23},"end":{"line":448,"column":43}},{"start":{"line":448,"column":47},"end":{"line":448,"column":null}}]},"42":{"loc":{"start":{"line":452,"column":13},"end":{"line":452,"column":null}},"type":"binary-expr","locations":[{"start":{"line":452,"column":13},"end":{"line":452,"column":37}},{"start":{"line":452,"column":41},"end":{"line":452,"column":null}}]},"43":{"loc":{"start":{"line":467,"column":4},"end":{"line":470,"column":null}},"type":"if","locations":[{"start":{"line":467,"column":4},"end":{"line":470,"column":null}}]},"44":{"loc":{"start":{"line":488,"column":17},"end":{"line":488,"column":null}},"type":"cond-expr","locations":[{"start":{"line":488,"column":42},"end":{"line":488,"column":55}},{"start":{"line":488,"column":58},"end":{"line":488,"column":null}}]}},"s":{"0":5,"1":1,"2":1,"3":1,"4":1,"5":1,"6":1,"7":4,"8":4,"9":0,"10":4,"11":56,"12":56,"13":0,"14":56,"15":56,"16":56,"17":0,"18":56,"19":14,"20":14,"21":0,"22":14,"23":4,"24":4,"25":0,"26":4,"27":4,"28":14,"29":14,"30":14,"31":0,"32":14,"33":5,"34":1,"35":4,"36":4,"37":0,"38":4,"39":4,"40":14,"41":4,"42":14,"43":0,"44":4,"45":0,"46":4,"47":4,"48":14,"49":0,"50":0,"51":0,"52":4,"53":0,"54":4,"55":4,"56":4,"57":4,"58":0,"59":4,"60":4,"61":4,"62":3,"63":3,"64":3,"65":2,"66":1,"67":5,"68":5,"69":1,"70":4,"71":4,"72":4,"73":4,"74":4,"75":4,"76":0,"77":0,"78":4,"79":4,"80":1,"81":1,"82":1,"83":3,"84":0,"85":0},"f":{"0":4,"1":56,"2":14,"3":4,"4":4,"5":14,"6":5,"7":14,"8":14,"9":0,"10":14,"11":0,"12":0,"13":0,"14":3,"15":3,"16":3,"17":2,"18":5},"b":{"0":[0],"1":[4,0],"2":[0],"3":[0],"4":[56,56],"5":[0],"6":[0],"7":[0],"8":[14,14],"9":[1],"10":[5,4],"11":[0],"12":[14,14],"13":[0,0],"14":[0,0],"15":[0],"16":[4,0],"17":[14,14,10],"18":[14,0],"19":[14,0],"20":[0,0],"21":[0,0],"22":[0,0,0],"23":[0,0],"24":[0,0],"25":[0,0],"26":[0,0],"27":[0],"28":[4,4],"29":[0],"30":[3,0],"31":[3,0],"32":[3,0],"33":[3,0],"34":[2,0],"35":[1],"36":[4,1],"37":[4,1],"38":[4,1],"39":[4,1],"40":[4,1],"41":[4,1],"42":[4,0],"43":[0],"44":[0,0]}}
,"/Users/carl.welch/Documents/Github Projects/ai-musician-helper/components/GuitarChordDiagram.tsx": {"path":"/Users/carl.welch/Documents/Github Projects/ai-musician-helper/components/GuitarChordDiagram.tsx","statementMap":{"0":{"start":{"line":23,"column":24},"end":{"line":23,"column":43}},"1":{"start":{"line":3,"column":30},"end":{"line":3,"column":null}},"2":{"start":{"line":4,"column":33},"end":{"line":4,"column":null}},"3":{"start":{"line":5,"column":30},"end":{"line":5,"column":null}},"4":{"start":{"line":24,"column":13},"end":{"line":24,"column":null}},"5":{"start":{"line":25,"column":16},"end":{"line":25,"column":null}},"6":{"start":{"line":26,"column":23},"end":{"line":26,"column":null}},"7":{"start":{"line":27,"column":24},"end":{"line":27,"column":null}},"8":{"start":{"line":29,"column":2},"end":{"line":157,"column":null}},"9":{"start":{"line":30,"column":21},"end":{"line":30,"column":42}},"10":{"start":{"line":31,"column":22},"end":{"line":31,"column":null}},"11":{"start":{"line":33,"column":4},"end":{"line":35,"column":null}},"12":{"start":{"line":34,"column":6},"end":{"line":34,"column":null}},"13":{"start":{"line":37,"column":4},"end":{"line":37,"column":null}},"14":{"start":{"line":39,"column":27},"end":{"line":39,"column":null}},"15":{"start":{"line":39,"column":47},"end":{"line":39,"column":null}},"16":{"start":{"line":41,"column":25},"end":{"line":43,"column":null}},"17":{"start":{"line":42,"column":19},"end":{"line":42,"column":null}},"18":{"start":{"line":43,"column":34},"end":{"line":43,"column":null}},"19":{"start":{"line":45,"column":20},"end":{"line":45,"column":null}},"20":{"start":{"line":48,"column":6},"end":{"line":52,"column":null}},"21":{"start":{"line":57,"column":6},"end":{"line":57,"column":null}},"22":{"start":{"line":57,"column":59},"end":{"line":57,"column":null}},"23":{"start":{"line":59,"column":31},"end":{"line":59,"column":null}},"24":{"start":{"line":61,"column":6},"end":{"line":61,"column":null}},"25":{"start":{"line":61,"column":60},"end":{"line":61,"column":null}},"26":{"start":{"line":63,"column":38},"end":{"line":74,"column":null}},"27":{"start":{"line":64,"column":6},"end":{"line":66,"column":null}},"28":{"start":{"line":65,"column":8},"end":{"line":65,"column":null}},"29":{"start":{"line":68,"column":6},"end":{"line":70,"column":null}},"30":{"start":{"line":69,"column":8},"end":{"line":69,"column":null}},"31":{"start":{"line":72,"column":27},"end":{"line":72,"column":null}},"32":{"start":{"line":73,"column":6},"end":{"line":73,"column":null}},"33":{"start":{"line":76,"column":36},"end":{"line":126,"column":null}},"34":{"start":{"line":78,"column":22},"end":{"line":78,"column":null}},"35":{"start":{"line":79,"column":20},"end":{"line":79,"column":null}},"36":{"start":{"line":81,"column":27},"end":{"line":81,"column":null}},"37":{"start":{"line":82,"column":25},"end":{"line":82,"column":null}},"38":{"start":{"line":83,"column":26},"end":{"line":83,"column":null}},"39":{"start":{"line":85,"column":8},"end":{"line":87,"column":null}},"40":{"start":{"line":86,"column":10},"end":{"line":86,"column":null}},"41":{"start":{"line":90,"column":8},"end":{"line":92,"column":null}},"42":{"start":{"line":91,"column":10},"end":{"line":91,"column":null}},"43":{"start":{"line":95,"column":10},"end":{"line":97,"column":24}},"44":{"start":{"line":99,"column":8},"end":{"line":101,"column":null}},"45":{"start":{"line":100,"column":10},"end":{"line":100,"column":null}},"46":{"start":{"line":103,"column":38},"end":{"line":110,"column":17}},"47":{"start":{"line":104,"column":10},"end":{"line":108,"column":null}},"48":{"start":{"line":112,"column":8},"end":{"line":114,"column":null}},"49":{"start":{"line":113,"column":10},"end":{"line":113,"column":null}},"50":{"start":{"line":116,"column":31},"end":{"line":121,"column":null}},"51":{"start":{"line":122,"column":8},"end":{"line":122,"column":null}},"52":{"start":{"line":124,"column":8},"end":{"line":124,"column":null}},"53":{"start":{"line":126,"column":41},"end":{"line":126,"column":null}},"54":{"start":{"line":128,"column":4},"end":{"line":156,"column":null}},"55":{"start":{"line":129,"column":6},"end":{"line":147,"column":null}},"56":{"start":{"line":149,"column":6},"end":{"line":155,"column":null}}},"fnMap":{"0":{"name":"GuitarChordDiagram","decl":{"start":{"line":23,"column":24},"end":{"line":23,"column":43}},"loc":{"start":{"line":23,"column":91},"end":{"line":175,"column":null}}},"1":{"name":"(anonymous_2)","decl":{"start":{"line":29,"column":12},"end":{"line":29,"column":null}},"loc":{"start":{"line":29,"column":12},"end":{"line":157,"column":5}}},"2":{"name":"(anonymous_3)","decl":{"start":{"line":39,"column":40},"end":{"line":39,"column":41}},"loc":{"start":{"line":39,"column":47},"end":{"line":39,"column":null}}},"3":{"name":"(anonymous_4)","decl":{"start":{"line":42,"column":11},"end":{"line":42,"column":12}},"loc":{"start":{"line":42,"column":19},"end":{"line":42,"column":null}}},"4":{"name":"(anonymous_5)","decl":{"start":{"line":43,"column":14},"end":{"line":43,"column":15}},"loc":{"start":{"line":43,"column":34},"end":{"line":43,"column":null}}},"5":{"name":"(anonymous_6)","decl":{"start":{"line":57,"column":49},"end":{"line":57,"column":50}},"loc":{"start":{"line":57,"column":59},"end":{"line":57,"column":null}}},"6":{"name":"(anonymous_7)","decl":{"start":{"line":61,"column":50},"end":{"line":61,"column":51}},"loc":{"start":{"line":61,"column":60},"end":{"line":61,"column":null}}},"7":{"name":"(anonymous_8)","decl":{"start":{"line":63,"column":50},"end":{"line":63,"column":51}},"loc":{"start":{"line":63,"column":77},"end":{"line":74,"column":null}}},"8":{"name":"(anonymous_9)","decl":{"start":{"line":77,"column":11},"end":{"line":77,"column":12}},"loc":{"start":{"line":77,"column":12},"end":{"line":125,"column":null}}},"9":{"name":"(anonymous_10)","decl":{"start":{"line":103,"column":61},"end":{"line":103,"column":62}},"loc":{"start":{"line":103,"column":88},"end":{"line":110,"column":11}}},"10":{"name":"(anonymous_11)","decl":{"start":{"line":126,"column":14},"end":{"line":126,"column":15}},"loc":{"start":{"line":126,"column":41},"end":{"line":126,"column":null}}}},"branchMap":{"0":{"loc":{"start":{"line":23,"column":61},"end":{"line":23,"column":72}},"type":"default-arg","locations":[{"start":{"line":23,"column":70},"end":{"line":23,"column":72}}]},"1":{"loc":{"start":{"line":33,"column":4},"end":{"line":35,"column":null}},"type":"if","locations":[{"start":{"line":33,"column":4},"end":{"line":35,"column":null}}]},"2":{"loc":{"start":{"line":42,"column":19},"end":{"line":42,"column":null}},"type":"cond-expr","locations":[{"start":{"line":42,"column":46},"end":{"line":42,"column":50}},{"start":{"line":42,"column":53},"end":{"line":42,"column":null}}]},"3":{"loc":{"start":{"line":45,"column":20},"end":{"line":45,"column":null}},"type":"cond-expr","locations":[{"start":{"line":45,"column":46},"end":{"line":45,"column":74}},{"start":{"line":45,"column":74},"end":{"line":45,"column":null}}]},"4":{"loc":{"start":{"line":48,"column":6},"end":{"line":52,"column":null}},"type":"cond-expr","locations":[{"start":{"line":49,"column":10},"end":{"line":49,"column":null}},{"start":{"line":50,"column":10},"end":{"line":52,"column":null}}]},"5":{"loc":{"start":{"line":48,"column":6},"end":{"line":48,"column":null}},"type":"binary-expr","locations":[{"start":{"line":48,"column":6},"end":{"line":48,"column":24}},{"start":{"line":48,"column":24},"end":{"line":48,"column":null}}]},"6":{"loc":{"start":{"line":50,"column":10},"end":{"line":52,"column":null}},"type":"cond-expr","locations":[{"start":{"line":51,"column":12},"end":{"line":51,"column":null}},{"start":{"line":52,"column":12},"end":{"line":52,"column":null}}]},"7":{"loc":{"start":{"line":50,"column":10},"end":{"line":50,"column":null}},"type":"binary-expr","locations":[{"start":{"line":50,"column":10},"end":{"line":50,"column":42}},{"start":{"line":50,"column":42},"end":{"line":50,"column":null}}]},"8":{"loc":{"start":{"line":57,"column":6},"end":{"line":57,"column":null}},"type":"binary-expr","locations":[{"start":{"line":57,"column":6},"end":{"line":57,"column":31}},{"start":{"line":57,"column":31},"end":{"line":57,"column":null}}]},"9":{"loc":{"start":{"line":59,"column":31},"end":{"line":59,"column":null}},"type":"cond-expr","locations":[{"start":{"line":59,"column":64},"end":{"line":59,"column":74}},{"start":{"line":59,"column":74},"end":{"line":59,"column":null}}]},"10":{"loc":{"start":{"line":61,"column":6},"end":{"line":61,"column":null}},"type":"binary-expr","locations":[{"start":{"line":61,"column":6},"end":{"line":61,"column":32}},{"start":{"line":61,"column":32},"end":{"line":61,"column":null}}]},"11":{"loc":{"start":{"line":64,"column":6},"end":{"line":66,"column":null}},"type":"if","locations":[{"start":{"line":64,"column":6},"end":{"line":66,"column":null}}]},"12":{"loc":{"start":{"line":68,"column":6},"end":{"line":70,"column":null}},"type":"if","locations":[{"start":{"line":68,"column":6},"end":{"line":70,"column":null}}]},"13":{"loc":{"start":{"line":68,"column":10},"end":{"line":68,"column":60}},"type":"binary-expr","locations":[{"start":{"line":68,"column":10},"end":{"line":68,"column":37}},{"start":{"line":68,"column":37},"end":{"line":68,"column":60}}]},"14":{"loc":{"start":{"line":85,"column":8},"end":{"line":87,"column":null}},"type":"if","locations":[{"start":{"line":85,"column":8},"end":{"line":87,"column":null}}]},"15":{"loc":{"start":{"line":90,"column":8},"end":{"line":92,"column":null}},"type":"if","locations":[{"start":{"line":90,"column":8},"end":{"line":92,"column":null}}]},"16":{"loc":{"start":{"line":95,"column":10},"end":{"line":97,"column":24}},"type":"cond-expr","locations":[{"start":{"line":96,"column":14},"end":{"line":96,"column":null}},{"start":{"line":97,"column":14},"end":{"line":97,"column":24}}]},"17":{"loc":{"start":{"line":95,"column":10},"end":{"line":95,"column":null}},"type":"binary-expr","locations":[{"start":{"line":95,"column":10},"end":{"line":95,"column":36}},{"start":{"line":95,"column":36},"end":{"line":95,"column":null}}]},"18":{"loc":{"start":{"line":99,"column":8},"end":{"line":101,"column":null}},"type":"if","locations":[{"start":{"line":99,"column":8},"end":{"line":101,"column":null}}]},"19":{"loc":{"start":{"line":99,"column":12},"end":{"line":99,"column":71}},"type":"binary-expr","locations":[{"start":{"line":99,"column":12},"end":{"line":99,"column":38}},{"start":{"line":99,"column":38},"end":{"line":99,"column":50}},{"start":{"line":99,"column":50},"end":{"line":99,"column":71}}]},"20":{"loc":{"start":{"line":105,"column":12},"end":{"line":108,"column":null}},"type":"binary-expr","locations":[{"start":{"line":105,"column":12},"end":{"line":105,"column":null}},{"start":{"line":106,"column":12},"end":{"line":106,"column":null}},{"start":{"line":107,"column":12},"end":{"line":107,"column":null}},{"start":{"line":108,"column":12},"end":{"line":108,"column":null}}]},"21":{"loc":{"start":{"line":112,"column":8},"end":{"line":114,"column":null}},"type":"if","locations":[{"start":{"line":112,"column":8},"end":{"line":114,"column":null}}]}},"s":{"0":5,"1":2,"2":2,"3":2,"4":5,"5":5,"6":5,"7":5,"8":5,"9":5,"10":5,"11":5,"12":0,"13":5,"14":5,"15":8,"16":5,"17":8,"18":8,"19":5,"20":5,"21":5,"22":7,"23":5,"24":5,"25":7,"26":5,"27":8,"28":0,"29":8,"30":1,"31":7,"32":7,"33":5,"34":2,"35":2,"36":2,"37":2,"38":2,"39":2,"40":1,"41":1,"42":1,"43":0,"44":0,"45":0,"46":0,"47":0,"48":0,"49":0,"50":0,"51":0,"52":0,"53":2,"54":5,"55":5,"56":1},"f":{"0":5,"1":5,"2":8,"3":8,"4":8,"5":7,"6":7,"7":8,"8":2,"9":0,"10":2},"b":{"0":[3],"1":[0],"2":[8,0],"3":[5,0],"4":[1,4],"5":[5,5],"6":[3,1],"7":[4,4],"8":[5,4],"9":[0,5],"10":[5,4],"11":[0],"12":[1],"13":[8,7],"14":[1],"15":[1],"16":[0,0],"17":[0,0],"18":[0],"19":[0,0,0],"20":[0,0,0,0],"21":[0]}}
,"/Users/carl.welch/Documents/Github Projects/ai-musician-helper/components/PianoChordChart.tsx": {"path":"/Users/carl.welch/Documents/Github Projects/ai-musician-helper/components/PianoChordChart.tsx","statementMap":{"0":{"start":{"line":15,"column":24},"end":{"line":15,"column":40}},"1":{"start":{"line":3,"column":20},"end":{"line":3,"column":null}},"2":{"start":{"line":4,"column":34},"end":{"line":4,"column":null}},"3":{"start":{"line":5,"column":27},"end":{"line":5,"column":null}},"4":{"start":{"line":22,"column":23},"end":{"line":22,"column":null}},"5":{"start":{"line":24,"column":2},"end":{"line":47,"column":null}},"6":{"start":{"line":25,"column":4},"end":{"line":27,"column":null}},"7":{"start":{"line":26,"column":6},"end":{"line":26,"column":null}},"8":{"start":{"line":29,"column":18},"end":{"line":36,"column":null}},"9":{"start":{"line":38,"column":4},"end":{"line":38,"column":null}},"10":{"start":{"line":40,"column":4},"end":{"line":42,"column":null}},"11":{"start":{"line":41,"column":6},"end":{"line":41,"column":null}},"12":{"start":{"line":44,"column":4},"end":{"line":46,"column":null}},"13":{"start":{"line":45,"column":6},"end":{"line":45,"column":null}}},"fnMap":{"0":{"name":"PianoChordChart","decl":{"start":{"line":15,"column":24},"end":{"line":15,"column":40}},"loc":{"start":{"line":21,"column":23},"end":{"line":50,"column":null}}},"1":{"name":"(anonymous_2)","decl":{"start":{"line":24,"column":12},"end":{"line":24,"column":null}},"loc":{"start":{"line":24,"column":12},"end":{"line":47,"column":5}}},"2":{"name":"(anonymous_3)","decl":{"start":{"line":40,"column":18},"end":{"line":40,"column":19}},"loc":{"start":{"line":40,"column":19},"end":{"line":42,"column":null}}},"3":{"name":"(anonymous_4)","decl":{"start":{"line":44,"column":11},"end":{"line":44,"column":null}},"loc":{"start":{"line":44,"column":11},"end":{"line":46,"column":null}}}},"branchMap":{"0":{"loc":{"start":{"line":17,"column":2},"end":{"line":17,"column":23}},"type":"default-arg","locations":[{"start":{"line":17,"column":21},"end":{"line":17,"column":23}}]},"1":{"loc":{"start":{"line":19,"column":2},"end":{"line":19,"column":17}},"type":"default-arg","locations":[{"start":{"line":19,"column":16},"end":{"line":19,"column":17}}]},"2":{"loc":{"start":{"line":20,"column":2},"end":{"line":20,"column":15}},"type":"default-arg","locations":[{"start":{"line":20,"column":14},"end":{"line":20,"column":15}}]},"3":{"loc":{"start":{"line":25,"column":4},"end":{"line":27,"column":null}},"type":"if","locations":[{"start":{"line":25,"column":4},"end":{"line":27,"column":null}}]}},"s":{"0":5,"1":1,"2":1,"3":1,"4":5,"5":5,"6":5,"7":0,"8":5,"9":5,"10":5,"11":8,"12":5,"13":5},"f":{"0":5,"1":5,"2":8,"3":5},"b":{"0":[3],"1":[4],"2":[4],"3":[0]}}
,"/Users/carl.welch/Documents/Github Projects/ai-musician-helper/components/PianoChordDiagram.tsx": {"path":"/Users/carl.welch/Documents/Github Projects/ai-musician-helper/components/PianoChordDiagram.tsx","statementMap":{"0":{"start":{"line":12,"column":24},"end":{"line":12,"column":42}},"1":{"start":{"line":3,"column":20},"end":{"line":3,"column":null}},"2":{"start":{"line":4,"column":34},"end":{"line":4,"column":null}},"3":{"start":{"line":5,"column":27},"end":{"line":5,"column":null}},"4":{"start":{"line":13,"column":14},"end":{"line":13,"column":null}},"5":{"start":{"line":15,"column":2},"end":{"line":37,"column":null}},"6":{"start":{"line":16,"column":4},"end":{"line":16,"column":null}},"7":{"start":{"line":16,"column":22},"end":{"line":16,"column":null}},"8":{"start":{"line":18,"column":4},"end":{"line":18,"column":null}},"9":{"start":{"line":20,"column":18},"end":{"line":26,"column":null}},"10":{"start":{"line":28,"column":4},"end":{"line":28,"column":null}},"11":{"start":{"line":30,"column":4},"end":{"line":32,"column":null}},"12":{"start":{"line":31,"column":6},"end":{"line":31,"column":null}},"13":{"start":{"line":34,"column":4},"end":{"line":36,"column":null}},"14":{"start":{"line":35,"column":6},"end":{"line":35,"column":null}}},"fnMap":{"0":{"name":"PianoChordDiagram","decl":{"start":{"line":12,"column":24},"end":{"line":12,"column":42}},"loc":{"start":{"line":12,"column":72},"end":{"line":53,"column":null}}},"1":{"name":"(anonymous_2)","decl":{"start":{"line":15,"column":12},"end":{"line":15,"column":null}},"loc":{"start":{"line":15,"column":12},"end":{"line":37,"column":5}}},"2":{"name":"(anonymous_3)","decl":{"start":{"line":30,"column":40},"end":{"line":30,"column":41}},"loc":{"start":{"line":30,"column":41},"end":{"line":32,"column":null}}},"3":{"name":"(anonymous_4)","decl":{"start":{"line":34,"column":11},"end":{"line":34,"column":null}},"loc":{"start":{"line":34,"column":11},"end":{"line":36,"column":null}}}},"branchMap":{"0":{"loc":{"start":{"line":16,"column":4},"end":{"line":16,"column":null}},"type":"if","locations":[{"start":{"line":16,"column":4},"end":{"line":16,"column":null}}]}},"s":{"0":5,"1":2,"2":2,"3":2,"4":5,"5":5,"6":5,"7":0,"8":5,"9":5,"10":5,"11":5,"12":12,"13":5,"14":5},"f":{"0":5,"1":5,"2":12,"3":5},"b":{"0":[0]}}
,"/Users/carl.welch/Documents/Github Projects/ai-musician-helper/components/SaveProgressionDialog.tsx": {"path":"/Users/carl.welch/Documents/Github Projects/ai-musician-helper/components/SaveProgressionDialog.tsx","statementMap":{"0":{"start":{"line":45,"column":24},"end":{"line":45,"column":46}},"1":{"start":{"line":3,"column":26},"end":{"line":3,"column":null}},"2":{"start":{"line":4,"column":36},"end":{"line":4,"column":null}},"3":{"start":{"line":19,"column":7},"end":{"line":19,"column":null}},"4":{"start":{"line":21,"column":25},"end":{"line":21,"column":null}},"5":{"start":{"line":23,"column":34},"end":{"line":23,"column":null}},"6":{"start":{"line":24,"column":63},"end":{"line":24,"column":null}},"7":{"start":{"line":60,"column":6},"end":{"line":68,"column":null}},"8":{"start":{"line":71,"column":2},"end":{"line":75,"column":null}},"9":{"start":{"line":72,"column":4},"end":{"line":74,"column":null}},"10":{"start":{"line":73,"column":6},"end":{"line":73,"column":null}},"11":{"start":{"line":77,"column":19},"end":{"line":101,"column":null}},"12":{"start":{"line":78,"column":4},"end":{"line":80,"column":null}},"13":{"start":{"line":79,"column":6},"end":{"line":79,"column":null}},"14":{"start":{"line":82,"column":4},"end":{"line":100,"column":null}},"15":{"start":{"line":83,"column":6},"end":{"line":93,"column":null}},"16":{"start":{"line":95,"column":6},"end":{"line":95,"column":null}},"17":{"start":{"line":96,"column":6},"end":{"line":96,"column":null}},"18":{"start":{"line":99,"column":6},"end":{"line":99,"column":null}},"19":{"start":{"line":159,"column":18},"end":{"line":159,"column":null}},"20":{"start":{"line":164,"column":18},"end":{"line":176,"column":null}},"21":{"start":{"line":165,"column":49},"end":{"line":165,"column":null}},"22":{"start":{"line":166,"column":20},"end":{"line":168,"column":null}},"23":{"start":{"line":199,"column":37},"end":{"line":199,"column":null}}},"fnMap":{"0":{"name":"SaveProgressionDialog","decl":{"start":{"line":45,"column":24},"end":{"line":45,"column":46}},"loc":{"start":{"line":54,"column":29},"end":{"line":226,"column":null}}},"1":{"name":"(anonymous_3)","decl":{"start":{"line":71,"column":12},"end":{"line":71,"column":null}},"loc":{"start":{"line":71,"column":12},"end":{"line":75,"column":5}}},"2":{"name":"(anonymous_4)","decl":{"start":{"line":77,"column":19},"end":{"line":77,"column":26}},"loc":{"start":{"line":77,"column":26},"end":{"line":101,"column":null}}},"3":{"name":"(anonymous_8)","decl":{"start":{"line":158,"column":26},"end":{"line":158,"column":27}},"loc":{"start":{"line":158,"column":30},"end":{"line":160,"column":null}}},"4":{"name":"(anonymous_9)","decl":{"start":{"line":163,"column":28},"end":{"line":163,"column":29}},"loc":{"start":{"line":164,"column":18},"end":{"line":176,"column":null}}},"5":{"name":"(anonymous_10)","decl":{"start":{"line":164,"column":31},"end":{"line":164,"column":32}},"loc":{"start":{"line":164,"column":40},"end":{"line":176,"column":null}}},"6":{"name":"(anonymous_13)","decl":{"start":{"line":199,"column":30},"end":{"line":199,"column":31}},"loc":{"start":{"line":199,"column":37},"end":{"line":199,"column":null}}}},"branchMap":{"0":{"loc":{"start":{"line":72,"column":4},"end":{"line":74,"column":null}},"type":"if","locations":[{"start":{"line":72,"column":4},"end":{"line":74,"column":null}}]},"1":{"loc":{"start":{"line":78,"column":4},"end":{"line":80,"column":null}},"type":"if","locations":[{"start":{"line":78,"column":4},"end":{"line":80,"column":null}}]},"2":{"loc":{"start":{"line":90,"column":15},"end":{"line":90,"column":null}},"type":"binary-expr","locations":[{"start":{"line":90,"column":15},"end":{"line":90,"column":36}},{"start":{"line":90,"column":36},"end":{"line":90,"column":null}}]},"3":{"loc":{"start":{"line":208,"column":11},"end":{"line":208,"column":23}},"type":"binary-expr","locations
[...]
12,"41":12,"42":12,"43":10,"44":2,"45":2,"46":2,"47":2,"48":0,"49":0,"50":0,"51":0,"52":0,"53":0,"54":0,"55":0,"56":0,"57":0,"58":0,"59":0,"60":0,"61":0,"62":10,"63":10,"64":6,"65":4,"66":0,"67":4,"68":2,"69":2,"70":2,"71":1,"72":1,"73":1,"74":0,"75":0,"76":0,"77":0,"78":0,"79":0,"80":0,"81":0,"82":10,"83":10,"84":0,"85":10,"86":10,"87":10,"88":0,"89":10,"90":10,"91":10,"92":10,"93":8,"94":2,"95":2,"96":0,"97":2,"98":2,"99":2,"100":1,"101":1,"102":1,"103":1,"104":1,"105":0,"106":0,"107":0,"108":0,"109":0,"110":0,"111":0,"112":0,"113":0,"114":0,"115":0,"116":0,"117":0,"118":0,"119":0,"120":0,"121":0,"122":0,"123":0,"124":0,"125":0,"126":0,"127":0,"128":0,"129":0,"130":0,"131":0,"132":0,"133":0,"134":0,"135":0,"136":0,"137":0,"138":0,"139":0,"140":0,"141":0,"142":0,"143":0,"144":0,"145":0,"146":0,"147":0,"148":0,"149":0,"150":0,"151":0,"152":0,"153":0,"154":0,"155":0,"156":0,"157":0,"158":0,"159":0,"160":0,"161":0,"162":0,"163":0,"164":0,"165":0,"166":0,"167":0,"168":0,"169":0,"170":0,"171":0,"172":0,"173":0,"174":0,"175":0,"176":0,"177":0,"178":0,"179":0,"180":0,"181":0,"182":0,"183":0,"184":0,"185":0,"186":0,"187":0,"188":0,"189":0,"190":0,"191":0,"192":0,"193":0,"194":0,"195":0,"196":0,"197":0,"198":0,"199":0,"200":0,"201":0,"202":0,"203":0,"204":0,"205":0,"206":0,"207":0,"208":0,"209":0,"210":0,"211":0,"212":0,"213":0,"214":0,"215":0,"216":0,"217":0,"218":0,"219":0,"220":0,"221":0,"222":0,"223":0,"224":0,"225":0,"226":0,"227":0,"228":0,"229":0,"230":0,"231":0,"232":0,"233":0,"234":0,"235":0,"236":0,"237":0,"238":0,"239":0,"240":0,"241":0,"242":0,"243":0,"244":0,"245":0,"246":0,"247":0,"248":0,"249":0,"250":0,"251":0,"252":0,"253":0,"254":0,"255":0,"256":0,"257":0,"258":0,"259":0,"260":0,"261":0,"262":0,"263":0,"264":0,"265":0,"266":0,"267":0,"268":0,"269":0,"270":0,"271":0,"272":0,"273":0,"274":0,"275":0,"276":0,"277":0,"278":0,"279":0,"280":0,"281":0,"282":0,"283":0,"284":0,"285":0,"286":0,"287":0,"288":0,"289":0,"290":0,"291":0,"292":0,"293":0,"294":0,"295":0,"296":0,"297":0,"298":0,"299":0,"300":0,"301":0,"302":0,"303":0,"304":0,"305":0,"306":0,"307":0,"308":0,"309":0,"310":0,"311":0,"312":0,"313":0,"314":0,"315":0,"316":0,"317":0,"318":0,"319":0,"320":0,"321":0,"322":0,"323":0,"324":0,"325":0,"326":0,"327":0,"328":0,"329":0,"330":0,"331":0,"332":0,"333":0,"334":0,"335":0,"336":0,"337":0,"338":0,"339":0,"340":0,"341":0,"342":0,"343":0,"344":0,"345":0,"346":0,"347":0,"348":0,"349":0,"350":0,"351":0,"352":0,"353":0,"354":0,"355":0,"356":0,"357":0,"358":0,"359":0,"360":0,"361":0,"362":0,"363":0,"364":0,"365":0,"366":0,"367":0,"368":0,"369":0,"370":0,"371":0,"372":0,"373":0,"374":0,"375":0,"376":0,"377":0,"378":0,"379":0,"380":0,"381":0,"382":0,"383":0,"384":0,"385":0,"386":0,"387":0,"388":0,"389":0,"390":0,"391":0,"392":0,"393":0,"394":0,"395":0,"396":0,"397":0,"398":0,"399":0,"400":0,"401":0,"402":0,"403":0,"404":0,"405":0,"406":0,"407":0,"408":0,"409":0,"410":0,"411":0,"412":0,"413":0,"414":0,"415":0,"416":0,"417":0,"418":0,"419":0,"420":0,"421":0,"422":0,"423":0},"f":{"0":12,"1":14,"2":2,"3":10,"4":12,"5":10,"6":0,"7":10,"8":0,"9":0,"10":0,"11":0,"12":0,"13":0,"14":0,"15":0,"16":0,"17":0,"18":0,"19":0,"20":0,"21":0,"22":0,"23":0,"24":0,"25":0,"26":0,"27":0,"28":0,"29":0,"30":0,"31":0},"b":{"0":[0],"1":[1],"2":[10],"3":[0],"4":[0],"5":[2],"6":[2,11],"7":[13,7],"8":[10],"9":[2,0],"10":[0],"11":[10,0],"12":[2,8],"13":[2,0],"14":[10],"15":[2],"16":[0],"17":[0,0],"18":[6],"19":[0],"20":[2],"21":[1],"22":[0,0],"23":[0],"24":[0],"25":[0],"26":[0],"27":[10,10],"28":[8],"29":[0],"30":[0],"31":[0],"32":[0],"33":[0],"34":[0,0,0],"35":[0],"36":[0],"37":[0],"38":[0],"39":[0],"40":[0],"41":[0,0],"42":[0],"43":[0,0],"44":[0,0],"45":[0],"46":[0],"47":[0],"48":[0,0],"49":[0,0],"50":[0,0],"51":[0,0],"52":[0,0],"53":[0,0],"54":[0],"55":[0],"56":[0,0],"57":[0,0],"58":[0],"59":[0,0],"60":[0],"61":[0,0],"62":[0,0],"63":[0],"64":[0],"65":[0],"66":[0,0],"67":[0,0],"68":[0],"69":[0,0],"70":[0,0],"71":[0,0],"72":[0],"73":[0],"74":[0],"75":[0,0],"76":[0,0],"77":[0,0],"78":[0,0],"79":[0],"80":[0],"81":[0],"82":[0],"83":[0],"84":[0]}}
,"/Users/carl.welch/Documents/Github Projects/ai-musician-helper/lib/tagMetadata.ts": {"path":"/Users/carl.welch/Documents/Github Projects/ai-musician-helper/lib/tagMetadata.ts","statementMap":{"0":{"start":{"line":116,"column":13},"end":{"line":116,"column":34}},"1":{"start":{"line":174,"column":16},"end":{"line":174,"column":31}},"2":{"start":{"line":188,"column":16},"end":{"line":188,"column":30}},"3":{"start":{"line":140,"column":16},"end":{"line":140,"column":31}},"4":{"start":{"line":157,"column":16},"end":{"line":157,"column":29}},"5":{"start":{"line":121,"column":16},"end":{"line":121,"column":29}},"6":{"start":{"line":3,"column":19},"end":{"line":23,"column":null}},"7":{"start":{"line":25,"column":21},"end":{"line":42,"column":null}},"8":{"start":{"line":44,"column":18},"end":{"line":44,"column":null}},"9":{"start":{"line":44,"column":37},"end":{"line":44,"column":null}},"10":{"start":{"line":46,"column":22},"end":{"line":46,"column":null}},"11":{"start":{"line":47,"column":24},"end":{"line":47,"column":null}},"12":{"start":{"line":49,"column":21},"end":{"line":58,"column":null}},"13":{"start":{"line":60,"column":23},"end":{"line":69,"column":null}},"14":{"start":{"line":71,"column":22},"end":{"line":71,"column":null}},"15":{"start":{"line":73,"column":21},"end":{"line":84,"column":null}},"16":{"start":{"line":86,"column":20},"end":{"line":97,"column":null}},"17":{"start":{"line":103,"column":21},"end":{"line":103,"column":null}},"18":{"start":{"line":104,"column":13},"end":{"line":104,"column":null}},"19":{"start":{"line":106,"column":2},"end":{"line":108,"column":null}},"20":{"start":{"line":106,"column":15},"end":{"line":106,"column":18}},"21":{"start":{"line":107,"column":4},"end":{"line":107,"column":null}},"22":{"start":{"line":110,"column":2},"end":{"line":110,"column":null}},"23":{"start":{"line":116,"column":34},"end":{"line":116,"column":null}},"24":{"start":{"line":122,"column":15},"end":{"line":122,"column":null}},"25":{"start":{"line":124,"column":2},"end":{"line":134,"column":null}},"26":{"start":{"line":125,"column":18},"end":{"line":125,"column":null}},"27":{"start":{"line":128,"column":18},"end":{"line":128,"column":null}},"28":{"start":{"line":129,"column":6},"end":{"line":131,"column":null}},"29":{"start":{"line":130,"column":8},"end":{"line":130,"column":null}},"30":{"start":{"line":132,"column":6},"end":{"line":132,"column":null}},"31":{"start":{"line":133,"column":6},"end":{"line":133,"column":null}},"32":{"start":{"line":141,"column":21},"end":{"line":141,"column":null}},"33":{"start":{"line":143,"column":2},"end":{"line":145,"column":null}},"34":{"start":{"line":144,"column":4},"end":{"line":144,"column":null}},"35":{"start":{"line":147,"column":2},"end":{"line":149,"column":null}},"36":{"start":{"line":148,"column":4},"end":{"line":148,"column":null}},"37":{"start":{"line":151,"column":2},"end":{"line":151,"column":null}},"38":{"start":{"line":158,"column":19},"end":{"line":158,"column":null}},"39":{"start":{"line":160,"column":4},"end":{"line":160,"column":null}},"40":{"start":{"line":161,"column":26},"end":{"line":161,"column":69}},"41":{"start":{"line":163,"column":2},"end":{"line":168,"column":null}},"42":{"start":{"line":175,"column":26},"end":{"line":175,"column":81}},"43":{"start":{"line":177,"column":2},"end":{"line":182,"column":null}},"44":{"start":{"line":189,"column":26},"end":{"line":189,"column":78}},"45":{"start":{"line":191,"column":2},"end":{"line":196,"column":null}}},"fnMap":{"0":{"name":"(anonymous_7)","decl":{"start":{"line":44,"column":18},"end":{"line":44,"column":19}},"loc":{"start":{"line":44,"column":37},"end":{"line":44,"column":null}}},"1":{"name":"getColorIndex","decl":{"start":{"line":102,"column":9},"end":{"line":102,"column":23}},"loc":{"start":{"line":102,"column":57},"end":{"line":111,"column":null}}},"2":{"name":"sanitizeTags","decl":{"start":{"line":121,"column":16},"end":{"line":121,"column":29}},"loc":{"start":{"line":121,"column":43},"end":{"line":135,"column":null}}},"3":{"name":"(anonymous_10)","decl":{"start":{"line":125,"column":9},"end":{"line":125,"column":10}},"loc":{"start":{"line":125,"column":18},"end":{"line":125,"column":null}}},"4":{"name":"(anonymous_11)","decl":{"start":{"line":127,"column":12},"end":{"line":127,"column":13}},"loc":{"start":{"line":127,"column":13},"end":{"line":134,"column":null}}},"5":{"name":"getTagCategory","decl":{"start":{"line":140,"column":16},"end":{"line":140,"column":31}},"loc":{"start":{"line":140,"column":42},"end":{"line":152,"column":null}}},"6":{"name":"getTagChipSx","decl":{"start":{"line":157,"column":16},"end":{"line":157,"column":29}},"loc":{"start":{"line":157,"column":40},"end":{"line":169,"column":null}}},"7":{"name":"getChordChipSx","decl":{"start":{"line":174,"column":16},"end":{"line":174,"column":31}},"loc":{"start":{"line":174,"column":44},"end":{"line":183,"column":null}}},"8":{"name":"getMoodChipSx","decl":{"start":{"line":188,"column":16},"end":{"line":188,"column":30}},"loc":{"start":{"line":188,"column":42},"end":{"line":197,"column":null}}}},"branchMap":{"0":{"loc":{"start":{"line":129,"column":6},"end":{"line":131,"column":null}},"type":"if","locations":[{"start":{"line":129,"column":6},"end":{"line":131,"column":null}}]},"1":{"loc":{"start":{"line":143,"column":2},"end":{"line":145,"column":null}},"type":"if","locations":[{"start":{"line":143,"column":2},"end":{"line":145,"column":null}}]},"2":{"loc":{"start":{"line":147,"column":2},"end":{"line":149,"column":null}},"type":"if","locations":[{"start":{"line":147,"column":2},"end":{"line":149,"column":null}}]},"3":{"loc":{"start":{"line":160,"column":4},"end":{"line":160,"column":null}},"type":"cond-expr","locations":[{"start":{"line":160,"column":27},"end":{"line":160,"column":42}},{"start":{"line":160,"column":42},"end":{"line":160,"column":null}}]},"4":{"loc":{"start":{"line":160,"column":42},"end":{"line":160,"column":null}},"type":"cond-expr","locations":[{"start":{"line":160,"column":67},"end":{"line":160,"column":84}},{"start":{"line":160,"column":84},"end":{"line":160,"column":null}}]}},"s":{"0":0,"1":56,"2":52,"3":0,"4":0,"5":0,"6":1,"7":1,"8":1,"9":143,"10":1,"11":1,"12":1,"13":1,"14":1,"15":1,"16":1,"17":108,"18":108,"19":108,"20":108,"21":580,"22":108,"23":1,"24":0,"25":0,"26":0,"27":0,"28":0,"29":0,"30":0,"31":0,"32":0,"33":0,"34":0,"35":0,"36":0,"37":0,"38":0,"39":0,"40":0,"41":0,"42":56,"43":56,"44":52,"45":52},"f":{"0":143,"1":108,"2":0,"3":0,"4":0,"5":0,"6":0,"7":56,"8":52},"b":{"0":[0],"1":[0],"2":[0],"3":[0,0],"4":[0,0]}}
,"/Users/carl.welch/Documents/Github Projects/ai-musician-helper/lib/api/progressions.ts": {"path":"/Users/carl.welch/Documents/Github Projects/ai-musician-helper/lib/api/progressions.ts","statementMap":{"0":{"start":{"line":12,"column":22},"end":{"line":12,"column":40}},"1":{"start":{"line":64,"column":22},"end":{"line":64,"column":40}},"2":{"start":{"line":28,"column":22},"end":{"line":28,"column":null}},"3":{"start":{"line":38,"column":22},"end":{"line":38,"column":37}},"4":{"start":{"line":84,"column":22},"end":{"line":84,"column":44}},"5":{"start":{"line":74,"column":22},"end":{"line":74,"column":43}},"6":{"start":{"line":48,"column":22},"end":{"line":48,"column":40}},"7":{"start":{"line":4,"column":2},"end":{"line":9,"column":null}},"8":{"start":{"line":5,"column":18},"end":{"line":5,"column":null}},"9":{"start":{"line":6,"column":4},"end":{"line":6,"column":null}},"10":{"start":{"line":8,"column":4},"end":{"line":8,"column":null}},"11":{"start":{"line":13,"column":19},"end":{"line":19,"column":null}},"12":{"start":{"line":21,"column":2},"end":{"line":23,"column":null}},"13":{"start":{"line":22,"column":4},"end":{"line":22,"column":null}},"14":{"start":{"line":25,"column":2},"end":{"line":25,"column":null}},"15":{"start":{"line":29,"column":19},"end":{"line":29,"column":null}},"16":{"start":{"line":31,"column":2},"end":{"line":33,"column":null}},"17":{"start":{"line":32,"column":4},"end":{"line":32,"column":null}},"18":{"start":{"line":35,"column":2},"end":{"line":35,"column":null}},"19":{"start":{"line":39,"column":19},"end":{"line":39,"column":null}},"20":{"start":{"line":41,"column":2},"end":{"line":43,"column":null}},"21":{"start":{"line":42,"column":4},"end":{"line":42,"column":null}},"22":{"start":{"line":45,"column":2},"end":{"line":45,"column":null}},"23":{"start":{"line":49,"column":19},"end":{"line":55,"column":null}},"24":{"start":{"line":57,"column":2},"end":{"line":59,"column":null}},"25":{"start":{"line":58,"column":4},"end":{"line":58,"column":null}},"26":{"start":{"line":61,"column":2},"end":{"line":61,"column":null}},"27":{"start":{"line":65,"column":19},"end":{"line":67,"column":null}},"28":{"start":{"line":69,"column":2},"end":{"line":71,"column":null}},"29":{"start":{"line":70,"column":4},"end":{"line":70,"column":null}},"30":{"start":{"line":75,"column":19},"end":{"line":75,"column":null}},"31":{"start":{"line":77,"column":2},"end":{"line":79,"column":null}},"32":{"start":{"line":78,"column":4},"end":{"line":78,"column":null}},"33":{"start":{"line":81,"column":2},"end":{"line":81,"column":null}},"34":{"start":{"line":85,"column":23},"end":{"line":85,"column":null}},"35":{"start":{"line":88,"column":4},"end":{"line":90,"column":88}},"36":{"start":{"line":89,"column":21},"end":{"line":89,"column":null}},"37":{"start":{"line":90,"column":36},"end":{"line":90,"column":86}},"38":{"start":{"line":91,"column":2},"end":{"line":93,"column":null}},"39":{"start":{"line":92,"column":4},"end":{"line":92,"column":null}},"40":{"start":{"line":96,"column":4},"end":{"line":98,"column":88}},"41":{"start":{"line":97,"column":21},"end":{"line":97,"column":null}},"42":{"start":{"line":98,"column":36},"end":{"line":98,"column":86}},"43":{"start":{"line":99,"column":2},"end":{"line":101,"column":null}},"44":{"start":{"line":100,"column":4},"end":{"line":100,"column":null}},"45":{"start":{"line":103,"column":16},"end":{"line":103,"column":null}},"46":{"start":{"line":104,"column":19},"end":{"line":104,"column":null}},"47":{"start":{"line":106,"column":2},"end":{"line":108,"column":null}},"48":{"start":{"line":107,"column":4},"end":{"line":107,"column":null}},"49":{"start":{"line":110,"column":2},"end":{"line":110,"column":null}}},"fnMap":{"0":{"name":"readErrorMessage","decl":{"start":{"line":3,"column":15},"end":{"line":3,"column":32}},"loc":{"start":{"line":3,"column":68},"end":{"line":10,"column":null}}},"1":{"name":"createProgression","decl":{"start":{"line":12,"column":22},"end":{"line":12,"column":40}},"loc":{"start":{"line":12,"column":73},"end":{"line":26,"column":null}}},"2":{"name":"getMyProgressions","decl":{"start":{"line":28,"column":22},"end":{"line":28,"column":null}},"loc":{"start":{"line":28,"column":22},"end":{"line":36,"column":null}}},"3":{"name":"getProgression","decl":{"start":{"line":38,"column":22},"end":{"line":38,"column":37}},"loc":{"start":{"line":38,"column":47},"end":{"line":46,"column":null}}},"4":{"name":"updateProgression","decl":{"start":{"line":48,"column":22},"end":{"line":48,"column":40}},"loc":{"start":{"line":48,"column":85},"end":{"line":62,"column":null}}},"5":{"name":"deleteProgression","decl":{"start":{"line":64,"column":22},"end":{"line":64,"column":40}},"loc":{"start":{"line":64,"column":50},"end":{"line":72,"column":null}}},"6":{"name":"getSharedProgression","decl":{"start":{"line":74,"column":22},"end":{"line":74,"column":43}},"loc":{"start":{"line":74,"column":58},"end":{"line":82,"column":null}}},"7":{"name":"getPublicProgressions","decl":{"start":{"line":84,"column":22},"end":{"line":84,"column":44}},"loc":{"start":{"line":84,"column":90},"end":{"line":111,"column":null}}},"8":{"name":"(anonymous_16)","decl":{"start":{"line":89,"column":12},"end":{"line":89,"column":13}},"loc":{"start":{"line":89,"column":21},"end":{"line":89,"column":null}}},"9":{"name":"(anonymous_17)","decl":{"start":{"line":90,"column":14},"end":{"line":90,"column":15}},"loc":{"start":{"line":90,"column":36},"end":{"line":90,"column":86}}},"10":{"name":"(anonymous_18)","decl":{"start":{"line":97,"column":12},"end":{"line":97,"column":13}},"loc":{"start":{"line":97,"column":21},"end":{"line":97,"column":null}}},"11":{"name":"(anonymous_19)","decl":{"start":{"line":98,"column":14},"end":{"line":98,"column":15}},"loc":{"start":{"line":98,"column":36},"end":{"line":98,"column":86}}}},"branchMap":{"0":{"loc":{"start":{"line":6,"column":11},"end":{"line":6,"column":null}},"type":"binary-expr","locations":[{"start":{"line":6,"column":11},"end":{"line":6,"column":23}},{"start":{"line":6,"column":27},"end":{"line":6,"column":null}}]},"1":{"loc":{"start":{"line":21,"column":2},"end":{"line":23,"column":null}},"type":"if","locations":[{"start":{"line":21,"column":2},"end":{"line":23,"column":null}}]},"2":{"loc":{"start":{"line":31,"column":2},"end":{"line":33,"column":null}},"type":"if","locations":[{"start":{"line":31,"column":2},"end":{"line":33,"column":null}}]},"3":{"loc":{"start":{"line":41,"column":2},"end":{"line":43,"column":null}},"type":"if","locations":[{"start":{"line":41,"column":2},"end":{"line":43,"column":null}}]},"4":{"loc":{"start":{"line":57,"column":2},"end":{"line":59,"column":null}},"type":"if","locations":[{"start":{"line":57,"column":2},"end":{"line":59,"column":null}}]},"5":{"loc":{"start":{"line":69,"column":2},"end":{"line":71,"column":null}},"type":"if","locations":[{"start":{"line":69,"column":2},"end":{"line":71,"column":null}}]},"6":{"loc":{"start":{"line":77,"column":2},"end":{"line":79,"column":null}},"type":"if","locations":[{"start":{"line":77,"column":2},"end":{"line":79,"column":null}}]},"7":{"loc":{"start":{"line":88,"column":4},"end":{"line":90,"column":88}},"type":"binary-expr","locations":[{"start":{"line":88,"column":4},"end":{"line":90,"column":86}},{"start":{"line":90,"column":86},"end":{"line":90,"column":88}}]},"8":{"loc":{"start":{"line":90,"column":36},"end":{"line":90,"column":86}},"type":"binary-expr","locations":[{"start":{"line":90,"column":36},"end":{"line":90,"column":54}},{"start":{"line":90,"column":54},"end":{"line":90,"column":86}}]},"9":{"loc":{"start":{"line":91,"column":2},"end":{"line":93,"column":null}},"type":"if","locations":[{"start":{"line":91,"column":2},"end":{"line":93,"column":null}}]},"10":{"loc":{"start":{"line":96,"column":4},"end":{"line":98,"column":88}},"type":"binary-expr","locations":[{"start":{"line":96,"column":4},"end":{"line":98,"column":86}},{"start":{"line":98,"column":86},"end":{"line":98,"column":88}}]},"11":{"loc":{"start":{"line":98,"column":36},"end":{"line":98,"column":86}},"type":"binary-expr","locations":[{"start":{"line":98,"column":36},"end":{"line":98,"column":54}},{"start":{"line":98,"column":54},"end":{"line":98,"column":86}}]},"12":{"loc":{"start":{"line":99,"column":2},"end":{"line":101,"column":null}},"type":"if","locations":[{"start":{"line":99,"column":2},"end":{"line":101,"column":null}}]},"13":{"loc":{"start":{"line":104,"column":31},"end":{"line":104,"column":null}},"type":"cond-expr","locations":[{"start":{"line":104,"column":39},"end":{"line":104,"column":61}},{"start":{"line":104,"column":64},"end":{"line":104,"column":null}}]},"14":{"loc":{"start":{"line":106,"column":2},"end":{"line":108,"column":null}},"type":"if","locations":[{"start":{"line":106,"column":2},"end":{"line":108,"column":null}}]}},"s":{"0":5,"1":4,"2":4,"3":3,"4":9,"5":3,"6":3,"7":11,"8":11,"9":10,"10":1,"11":4,"12":4,"13":3,"14":1,"15":3,"16":3,"17":2,"18":1,"19":2,"20":2,"21":1,"22":1,"23":2,"24":2,"25":1,"26":1,"27":3,"28":3,"29":2,"30":2,"31":2,"32":1,"33":1,"34":8,"35":8,"36":8,"37":8,"38":8,"39":3,"40":8,"41":8,"42":8,"43":8,"44":3,"45":8,"46":8,"47":8,"48":1,"49":7},"f":{"0":11,"1":4,"2":3,"3":2,"4":2,"5":3,"6":2,"7":8,"8":8,"9":8,"10":8,"11":8},"b":{"0":[10,3],"1":[3],"2":[2],"3":[1],"4":[1],"5":[2],"6":[1],"7":[8,4],"8":[8,6],"9":[3],"10":[8,4],"11":[8,6],"12":[3],"13":[5,3],"14":[1]}}
}
