TN:
SF:app/page.tsx
FN:40,(anonymous_5)
FN:41,(anonymous_6)
FN:43,(anonymous_7)
FN:44,(anonymous_8)
FN:47,(anonymous_9)
FN:47,(anonymous_10)
FN:49,(anonymous_11)
FN:49,(anonymous_12)
FN:51,(anonymous_13)
FN:51,(anonymous_14)
FN:71,getRandomInt
FN:78,pickRandomUnique
FN:92,HomePage
FN:121,(anonymous_18)
FN:179,(anonymous_19)
FN:199,(anonymous_20)
FN:219,(anonymous_21)
FN:220,(anonymous_22)
FN:245,(anonymous_23)
FN:268,(anonymous_24)
FN:271,(anonymous_25)
FN:282,(anonymous_26)
FN:293,(anonymous_27)
FN:314,(anonymous_28)
FN:323,(anonymous_29)
FN:328,(anonymous_30)
FN:333,(anonymous_31)
FN:338,(anonymous_32)
FN:365,(anonymous_33)
FN:393,(anonymous_34)
FN:418,(anonymous_35)
FN:421,(anonymous_36)
FN:421,(anonymous_37)
FN:446,(anonymous_38)
FN:469,(anonymous_39)
FN:472,(anonymous_40)
FN:479,(anonymous_41)
FN:482,(anonymous_42)
FN:599,(anonymous_46)
FN:635,(anonymous_47)
FN:664,(anonymous_48)
FN:677,(anonymous_49)
FN:722,(anonymous_50)
FN:745,(anonymous_51)
FN:751,(anonymous_52)
FN:759,(anonymous_53)
FN:763,(anonymous_54)
FNF:47
FNH:36
FNDA:16,(anonymous_5)
FNDA:15,(anonymous_6)
FNDA:20,(anonymous_7)
FNDA:19,(anonymous_8)
FNDA:1,(anonymous_9)
FNDA:1,(anonymous_10)
FNDA:1,(anonymous_11)
FNDA:1,(anonymous_12)
FNDA:1,(anonymous_13)
FNDA:1,(anonymous_14)
FNDA:6,getRandomInt
FNDA:15,pickRandomUnique
FNDA:19,HomePage
FNDA:0,(anonymous_18)
FNDA:4,(anonymous_19)
FNDA:1,(anonymous_20)
FNDA:1,(anonymous_21)
FNDA:4,(anonymous_22)
FNDA:4,(anonymous_23)
FNDA:1,(anonymous_24)
FNDA:1,(anonymous_25)
FNDA:1,(anonymous_26)
FNDA:1,(anonymous_27)
FNDA:1,(anonymous_28)
FNDA:5,(anonymous_29)
FNDA:5,(anonymous_30)
FNDA:5,(anonymous_31)
FNDA:0,(anonymous_32)
FNDA:1,(anonymous_33)
FNDA:1,(anonymous_34)
FNDA:3,(anonymous_35)
FNDA:114,(anonymous_36)
FNDA:114,(anonymous_37)
FNDA:7,(anonymous_38)
FNDA:0,(anonymous_39)
FNDA:0,(anonymous_40)
FNDA:4,(anonymous_41)
FNDA:1,(anonymous_42)
FNDA:3,(anonymous_46)
FNDA:0,(anonymous_47)
FNDA:9,(anonymous_48)
FNDA:0,(anonymous_49)
FNDA:0,(anonymous_50)
FNDA:0,(anonymous_51)
FNDA:0,(anonymous_52)
FNDA:0,(anonymous_53)
FNDA:0,(anonymous_54)
DA:3,1
DA:4,1
DA:5,1
DA:6,1
DA:17,1
DA:19,1
DA:20,1
DA:21,1
DA:22,1
DA:23,1
DA:24,1
DA:25,1
DA:26,1
DA:27,1
DA:28,1
DA:30,1
DA:38,1
DA:39,1
DA:40,16
DA:41,15
DA:43,20
DA:44,19
DA:46,1
DA:47,2
DA:49,2
DA:50,1
DA:51,2
DA:53,1
DA:54,1
DA:55,1
DA:56,1
DA:57,1
DA:58,1
DA:59,1
DA:72,6
DA:79,15
DA:81,15
DA:82,528
DA:83,528
DA:86,15
DA:92,3
DA:100,19
DA:114,19
DA:115,19
DA:116,19
DA:117,19
DA:118,19
DA:120,19
DA:122,0
DA:123,0
DA:124,0
DA:132,19
DA:133,19
DA:134,19
DA:135,19
DA:136,19
DA:137,19
DA:138,19
DA:141,19
DA:142,19
DA:144,19
DA:149,19
DA:159,19
DA:161,19
DA:162,19
DA:163,19
DA:164,19
DA:165,19
DA:166,19
DA:167,19
DA:168,19
DA:171,19
DA:179,19
DA:180,4
DA:181,3
DA:196,1
DA:197,1
DA:199,1
DA:200,1
DA:201,0
DA:204,1
DA:205,1
DA:206,0
DA:209,1
DA:210,1
DA:219,1
DA:220,1
DA:221,4
DA:222,4
DA:223,4
DA:226,0
DA:227,0
DA:228,0
DA:231,0
DA:232,0
DA:242,1
DA:245,19
DA:246,4
DA:247,0
DA:248,0
DA:251,4
DA:252,3
DA:253,3
DA:254,3
DA:255,3
DA:258,1
DA:259,1
DA:260,1
DA:262,1
DA:263,1
DA:264,1
DA:268,1
DA:269,1
DA:271,1
DA:272,1
DA:276,1
DA:277,0
DA:279,1
DA:282,1
DA:283,1
DA:287,1
DA:288,0
DA:290,1
DA:293,1
DA:294,1
DA:298,1
DA:299,0
DA:301,1
DA:304,1
DA:305,0
DA:312,1
DA:314,1
DA:315,1
DA:316,1
DA:317,1
DA:322,19
DA:323,5
DA:327,19
DA:328,5
DA:332,19
DA:333,5
DA:337,19
DA:349,0
DA:350,0
DA:351,0
DA:352,0
DA:353,0
DA:358,19
DA:365,19
DA:366,1
DA:367,1
DA:368,1
DA:370,1
DA:372,1
DA:374,1
DA:375,0
DA:376,0
DA:379,1
DA:380,0
DA:381,0
DA:384,1
DA:386,1
DA:387,1
DA:393,1
DA:403,1
DA:404,0
DA:407,1
DA:408,1
DA:409,1
DA:411,0
DA:412,0
DA:414,1
DA:418,19
DA:419,3
DA:420,3
DA:421,114
DA:424,3
DA:428,3
DA:433,3
DA:443,3
DA:446,19
DA:447,7
DA:448,3
DA:451,4
DA:452,1
DA:455,3
DA:456,0
DA:457,0
DA:460,3
DA:461,0
DA:462,0
DA:465,3
DA:466,3
DA:469,19
DA:470,0
DA:471,0
DA:472,0
DA:473,0
DA:477,19
DA:478,19
DA:479,19
DA:480,4
DA:482,4
DA:483,1
DA:484,0
DA:487,1
DA:488,1
DA:492,4
DA:495,19
DA:553,19
DA:601,3
DA:602,3
DA:604,3
DA:606,3
DA:635,0
DA:665,9
DA:666,0
DA:669,9
DA:670,3
DA:677,0
DA:706,6
DA:723,0
DA:724,0
DA:727,0
DA:745,0
DA:752,0
DA:753,0
DA:759,0
DA:763,0
LF:229
LH:181
BRDA:122,0,0,0
BRDA:122,0,1,0
BRDA:180,1,0,3
BRDA:200,2,0,0
BRDA:205,3,0,0
BRDA:222,4,0,4
BRDA:227,5,0,0
BRDA:246,6,0,0
BRDA:251,7,0,3
BRDA:276,8,0,0
BRDA:287,9,0,0
BRDA:298,10,0,0
BRDA:304,11,0,0
BRDA:315,12,0,1
BRDA:323,13,0,5
BRDA:323,13,1,3
BRDA:328,14,0,5
BRDA:328,14,1,3
BRDA:333,15,0,5
BRDA:333,15,1,3
BRDA:358,16,0,3
BRDA:358,16,1,16
BRDA:370,17,0,0
BRDA:370,17,1,1
BRDA:372,18,0,0
BRDA:372,18,1,1
BRDA:374,19,0,0
BRDA:379,20,0,0
BRDA:403,21,0,0
BRDA:436,22,0,3
BRDA:436,22,1,0
BRDA:438,23,0,3
BRDA:438,23,1,0
BRDA:440,24,0,3
BRDA:440,24,1,0
BRDA:447,25,0,3
BRDA:451,26,0,1
BRDA:455,27,0,0
BRDA:460,28,0,0
BRDA:477,29,0,3
BRDA:477,29,1,16
BRDA:478,30,0,3
BRDA:478,30,1,16
BRDA:483,31,0,0
BRDA:487,32,0,1
BRDA:514,33,0,3
BRDA:514,33,1,0
BRDA:553,34,0,3
BRDA:579,35,0,16
BRDA:597,36,0,3
BRDA:597,36,1,13
BRDA:597,37,0,16
BRDA:597,37,1,3
BRDA:601,38,0,3
BRDA:601,38,1,3
BRDA:604,39,0,3
BRDA:604,39,1,3
BRDA:606,40,0,3
BRDA:606,40,1,3
BRDA:606,40,2,3
BRDA:630,41,0,3
BRDA:630,41,1,0
BRDA:663,42,0,3
BRDA:665,43,0,0
BRDA:669,44,0,3
BRDA:685,45,0,3
BRDA:685,45,1,0
BRDA:723,46,0,0
BRDA:749,47,0,0
BRDA:749,47,1,3
BRF:70
BRH:43
end_of_record
TN:
SF:app/api/chord-suggestions/route.ts
FN:39,getChordRootPitchClass
FN:51,parseMidi
FN:70,getPitchClass
FN:82,shiftNoteByOctaves
FN:94,sortNotesByPitch
FN:95,(anonymous_7)
FN:110,normalizeAddToneVoicing
FN:121,(anonymous_9)
FN:129,(anonymous_10)
FN:130,(anonymous_11)
FN:140,(anonymous_12)
FN:145,(anonymous_13)
FN:148,(anonymous_14)
FN:153,(anonymous_15)
FN:183,normalizeChordSuggestionResponse
FN:188,(anonymous_17)
FN:194,(anonymous_18)
FN:196,(anonymous_19)
FN:374,POST
FNF:19
FNH:15
FNDA:4,getChordRootPitchClass
FNDA:56,parseMidi
FNDA:14,getPitchClass
FNDA:4,shiftNoteByOctaves
FNDA:4,sortNotesByPitch
FNDA:14,(anonymous_7)
FNDA:5,normalizeAddToneVoicing
FNDA:14,(anonymous_9)
FNDA:14,(anonymous_10)
FNDA:0,(anonymous_11)
FNDA:14,(anonymous_12)
FNDA:0,(anonymous_13)
FNDA:0,(anonymous_14)
FNDA:0,(anonymous_15)
FNDA:3,normalizeChordSuggestionResponse
FNDA:3,(anonymous_17)
FNDA:3,(anonymous_18)
FNDA:2,(anonymous_19)
FNDA:5,POST
DA:1,1
DA:2,1
DA:6,1
DA:10,1
DA:11,1
DA:12,1
DA:40,4
DA:41,4
DA:42,0
DA:45,4
DA:52,56
DA:53,56
DA:54,0
DA:57,56
DA:58,56
DA:60,56
DA:61,0
DA:64,56
DA:71,14
DA:72,14
DA:73,0
DA:76,14
DA:83,4
DA:84,4
DA:85,0
DA:88,4
DA:95,4
DA:96,14
DA:97,14
DA:99,14
DA:100,0
DA:103,14
DA:111,5
DA:112,1
DA:115,4
DA:116,4
DA:117,0
DA:120,4
DA:121,14
DA:128,4
DA:129,14
DA:130,0
DA:132,4
DA:133,0
DA:136,4
DA:138,4
DA:141,14
DA:145,0
DA:149,0
DA:153,0
DA:155,4
DA:156,0
DA:159,4
DA:160,4
DA:161,4
DA:164,4
DA:165,0
DA:168,4
DA:169,4
DA:174,4
DA:186,3
DA:188,3
DA:194,3
DA:197,2
DA:203,1
DA:374,5
DA:375,5
DA:376,5
DA:377,1
DA:380,4
DA:382,4
DA:442,4
DA:451,4
DA:465,4
DA:467,4
DA:468,0
DA:469,0
DA:473,4
DA:474,4
DA:476,1
DA:477,1
DA:478,1
DA:481,3
DA:483,0
DA:485,0
LF:85
LH:67
BRDA:41,0,0,0
BRDA:45,1,0,4
BRDA:45,1,1,0
BRDA:53,2,0,0
BRDA:60,3,0,0
BRDA:60,4,0,56
BRDA:60,4,1,56
BRDA:72,5,0,0
BRDA:84,6,0,0
BRDA:99,7,0,0
BRDA:99,8,0,14
BRDA:99,8,1,14
BRDA:111,9,0,1
BRDA:111,10,0,5
BRDA:111,10,1,4
BRDA:116,11,0,0
BRDA:129,12,0,14
BRDA:129,12,1,14
BRDA:130,13,0,0
BRDA:130,13,1,0
BRDA:130,14,0,0
BRDA:130,14,1,0
BRDA:132,15,0,0
BRDA:138,16,0,4
BRDA:138,16,1,0
BRDA:141,17,0,14
BRDA:141,17,1,14
BRDA:141,17,2,10
BRDA:142,18,0,14
BRDA:142,18,1,0
BRDA:142,19,0,14
BRDA:142,19,1,0
BRDA:145,20,0,0
BRDA:145,20,1,0
BRDA:145,21,0,0
BRDA:145,21,1,0
BRDA:149,22,0,0
BRDA:149,22,1,0
BRDA:149,22,2,0
BRDA:150,23,0,0
BRDA:150,23,1,0
BRDA:150,24,0,0
BRDA:150,24,1,0
BRDA:153,25,0,0
BRDA:153,25,1,0
BRDA:153,26,0,0
BRDA:153,26,1,0
BRDA:155,27,0,0
BRDA:155,28,0,4
BRDA:155,28,1,4
BRDA:164,29,0,0
BRDA:188,30,0,3
BRDA:188,30,1,0
BRDA:190,31,0,3
BRDA:190,31,1,0
BRDA:194,32,0,3
BRDA:194,32,1,0
BRDA:196,33,0,3
BRDA:196,33,1,0
BRDA:197,34,0,2
BRDA:197,34,1,0
BRDA:376,35,0,1
BRDA:443,36,0,4
BRDA:443,36,1,1
BRDA:444,37,0,4
BRDA:444,37,1,1
BRDA:445,38,0,4
BRDA:445,38,1,1
BRDA:446,39,0,4
BRDA:446,39,1,1
BRDA:447,40,0,4
BRDA:447,40,1,1
BRDA:448,41,0,4
BRDA:448,41,1,1
BRDA:452,42,0,4
BRDA:452,42,1,0
BRDA:467,43,0,0
BRDA:488,44,0,0
BRDA:488,44,1,0
BRF:79
BRH:37
end_of_record
TN:
SF:components/GuitarChordDiagram.tsx
FN:23,GuitarChordDiagram
FN:29,(anonymous_2)
FN:39,(anonymous_3)
FN:42,(anonymous_4)
FN:43,(anonymous_5)
FN:57,(anonymous_6)
FN:61,(anonymous_7)
FN:63,(anonymous_8)
FN:77,(anonymous_9)
FN:103,(anonymous_10)
FN:126,(anonymous_11)
FNF:11
FNH:10
FNDA:5,GuitarChordDiagram
FNDA:5,(anonymous_2)
FNDA:8,(anonymous_3)
FNDA:8,(anonymous_4)
FNDA:8,(anonymous_5)
FNDA:7,(anonymous_6)
FNDA:7,(anonymous_7)
FNDA:8,(anonymous_8)
FNDA:2,(anonymous_9)
FNDA:0,(anonymous_10)
FNDA:2,(anonymous_11)
DA:3,2
DA:4,2
DA:5,2
DA:23,5
DA:24,5
DA:25,5
DA:26,5
DA:27,5
DA:29,5
DA:30,5
DA:31,5
DA:33,5
DA:34,0
DA:37,5
DA:39,8
DA:41,5
DA:42,8
DA:43,8
DA:45,5
DA:48,5
DA:57,7
DA:59,5
DA:61,7
DA:63,5
DA:64,8
DA:65,0
DA:68,8
DA:69,1
DA:72,7
DA:73,7
DA:76,5
DA:78,2
DA:79,2
DA:81,2
DA:82,2
DA:83,2
DA:85,2
DA:86,1
DA:90,1
DA:91,1
DA:95,0
DA:99,0
DA:100,0
DA:103,0
DA:104,0
DA:112,0
DA:113,0
DA:116,0
DA:122,0
DA:124,0
DA:126,2
DA:128,5
DA:129,5
DA:149,1
LF:54
LH:42
BRDA:23,0,0,3
BRDA:33,1,0,0
BRDA:42,2,0,8
BRDA:42,2,1,0
BRDA:45,3,0,5
BRDA:45,3,1,0
BRDA:48,4,0,1
BRDA:48,4,1,4
BRDA:48,5,0,5
BRDA:48,5,1,5
BRDA:50,6,0,3
BRDA:50,6,1,1
BRDA:50,7,0,4
BRDA:50,7,1,4
BRDA:57,8,0,5
BRDA:57,8,1,4
BRDA:59,9,0,0
BRDA:59,9,1,5
BRDA:61,10,0,5
BRDA:61,10,1,4
BRDA:64,11,0,0
BRDA:68,12,0,1
BRDA:68,13,0,8
BRDA:68,13,1,7
BRDA:85,14,0,1
BRDA:90,15,0,1
BRDA:95,16,0,0
BRDA:95,16,1,0
BRDA:95,17,0,0
BRDA:95,17,1,0
BRDA:99,18,0,0
BRDA:99,19,0,0
BRDA:99,19,1,0
BRDA:99,19,2,0
BRDA:105,20,0,0
BRDA:105,20,1,0
BRDA:105,20,2,0
BRDA:105,20,3,0
BRDA:112,21,0,0
BRF:39
BRH:21
end_of_record
TN:
SF:components/PianoChordChart.tsx
FN:15,PianoChordChart
FN:24,(anonymous_2)
FN:40,(anonymous_3)
FN:44,(anonymous_4)
FNF:4
FNH:4
FNDA:5,PianoChordChart
FNDA:5,(anonymous_2)
FNDA:8,(anonymous_3)
FNDA:5,(anonymous_4)
DA:3,1
DA:4,1
DA:5,1
DA:15,5
DA:22,5
DA:24,5
DA:25,5
DA:26,0
DA:29,5
DA:38,5
DA:40,5
DA:41,8
DA:44,5
DA:45,5
LF:14
LH:13
BRDA:17,0,0,3
BRDA:19,1,0,4
BRDA:20,2,0,4
BRDA:25,3,0,0
BRF:4
BRH:3
end_of_record
TN:
SF:components/PianoChordDiagram.tsx
FN:12,PianoChordDiagram
FN:15,(anonymous_2)
FN:30,(anonymous_3)
FN:34,(anonymous_4)
FNF:4
FNH:4
FNDA:5,PianoChordDiagram
FNDA:5,(anonymous_2)
FNDA:12,(anonymous_3)
FNDA:5,(anonymous_4)
DA:3,2
DA:4,2
DA:5,2
DA:12,5
DA:13,5
DA:15,5
DA:16,5
DA:18,5
DA:20,5
DA:28,5
DA:30,5
DA:31,12
DA:34,5
DA:35,5
LF:14
LH:14
BRDA:16,0,0,0
BRF:1
BRH:0
end_of_record
TN:
SF:components/SaveProgressionDialog.tsx
FN:45,SaveProgressionDialog
FN:71,(anonymous_3)
FN:77,(anonymous_4)
FN:158,(anonymous_8)
FN:163,(anonymous_9)
FN:164,(anonymous_10)
FN:199,(anonymous_13)
FNF:7
FNH:4
FNDA:84,SaveProgressionDialog
FNDA:19,(anonymous_3)
FNDA:10,(anonymous_4)
FNDA:0,(anonymous_8)
FNDA:0,(anonymous_9)
FNDA:0,(anonymous_10)
FNDA:1,(anonymous_13)
DA:3,2
DA:4,2
DA:19,2
DA:21,2
DA:23,2
DA:24,2
DA:45,21
DA:60,84
DA:71,84
DA:72,19
DA:73,2
DA:77,84
DA:78,10
DA:79,0
DA:82,10
DA:83,10
DA:95,9
DA:96,9
DA:99,0
DA:159,0
DA:164,0
DA:165,0
DA:166,0
DA:199,1
LF:24
LH:18
BRDA:72,0,0,2
BRDA:78,1,0,0
BRDA:90,2,0,10
BRDA:90,2,1,9
BRDA:208,3,0,84
BRDA:218,4,0,84
BRDA:218,4,1,73
BRDA:219,5,0,11
BRDA:219,5,1,73
BRDA:221,6,0,11
BRDA:221,6,1,73
BRF:11
BRH:10
end_of_record
TN:
SF:components/home/EffectParamSlider.tsx
FN:23,EffectParamSlider
FN:42,(anonymous_2)
FNF:2
FNH:0
FNDA:0,EffectParamSlider
FNDA:0,(anonymous_2)
DA:3,1
DA:23,26
DA:42,0
LF:3
LH:2
BRF:0
BRH:0
end_of_record
TN:
SF:components/home/EffectSettingsCard.tsx
FN:24,EffectSettingsCard
FN:42,(anonymous_2)
FN:55,(anonymous_3)
FNF:3
FNH:0
FNDA:0,EffectSettingsCard
FNDA:0,(anonymous_2)
FNDA:0,(anonymous_3)
DA:4,1
DA:24,12
DA:42,0
DA:55,0
LF:4
LH:2
BRDA:47,0,0,0
BRDA:47,0,1,0
BRDA:64,1,0,0
BRDA:64,1,1,0
BRDA:72,2,0,0
BRDA:72,2,1,0
BRDA:74,3,0,0
BRDA:74,3,1,0
BRF:8
BRH:0
end_of_record
TN:
SF:components/home/EnvelopeControls.tsx
FN:19,EnvelopeControls
FN:42,(anonymous_2)
FN:56,(anonymous_3)
FNF:3
FNH:0
FNDA:0,EnvelopeControls
FNDA:0,(anonymous_2)
FNDA:0,(anonymous_3)
DA:3,1
DA:19,2
DA:42,0
DA:56,0
LF:4
LH:2
BRDA:24,0,0,0
BRDA:32,1,0,0
BRDA:32,1,1,0
BRDA:35,2,0,0
BRDA:35,2,1,0
BRDA:49,3,0,0
BRDA:49,3,1,0
BRF:7
BRH:0
end_of_record
TN:
SF:components/home/GeneratedChordGridDialog.tsx
FN:52,getChordBorderColor
FN:84,GeneratedChordGridDialog
FN:121,(anonymous_4)
FN:122,(anonymous_5)
FN:129,(anonymous_6)
FN:134,(anonymous_7)
FN:140,(anonymous_8)
FN:161,(anonymous_9)
FN:169,(anonymous_10)
FN:175,(anonymous_11)
FN:176,(anonymous_12)
FN:189,(anonymous_13)
FN:191,(anonymous_14)
FN:193,(anonymous_15)
FN:197,(anonymous_16)
FN:200,(anonymous_17)
FN:204,(anonymous_18)
FN:210,(anonymous_19)
FN:275,(anonymous_20)
FN:313,(anonymous_21)
FN:323,(anonymous_22)
FNF:21
FNH:10
FNDA:2,getChordBorderColor
FNDA:2,GeneratedChordGridDialog
FNDA:1,(anonymous_4)
FNDA:1,(anonymous_5)
FNDA:1,(anonymous_6)
FNDA:0,(anonymous_7)
FNDA:0,(anonymous_8)
FNDA:0,(anonymous_9)
FNDA:0,(anonymous_10)
FNDA:0,(anonymous_11)
FNDA:0,(anonymous_12)
FNDA:1,(anonymous_13)
FNDA:1,(anonymous_14)
FNDA:106,(anonymous_15)
FNDA:0,(anonymous_16)
FNDA:0,(anonymous_17)
FNDA:0,(anonymous_18)
FNDA:2,(anonymous_19)
FNDA:0,(anonymous_20)
FNDA:2,(anonymous_21)
FNDA:0,(anonymous_22)
DA:12,1
DA:13,1
DA:14,1
DA:16,1
DA:17,1
DA:18,1
DA:19,1
DA:20,1
DA:47,1
DA:53,2
DA:54,0
DA:57,2
DA:58,0
DA:61,2
DA:62,0
DA:65,2
DA:66,0
DA:69,2
DA:70,0
DA:73,2
DA:74,2
DA:75,4
DA:78,2
DA:84,3
DA:103,2
DA:105,2
DA:106,2
DA:107,2
DA:108,2
DA:109,2
DA:110,2
DA:121,2
DA:122,1
DA:123,1
DA:124,0
DA:129,2
DA:130,1
DA:131,1
DA:134,2
DA:135,0
DA:136,0
DA:139,0
DA:140,0
DA:141,0
DA:142,0
DA:145,0
DA:161,2
DA:162,0
DA:163,0
DA:166,0
DA:169,2
DA:170,0
DA:171,0
DA:172,0
DA:175,0
DA:176,0
DA:177,0
DA:189,2
DA:190,1
DA:191,1
DA:193,106
DA:196,2
DA:197,0
DA:200,2
DA:201,0
DA:204,2
DA:205,0
DA:206,0
DA:210,2
DA:276,0
DA:277,0
DA:314,2
DA:315,2
DA:316,2
DA:317,2
DA:319,2
DA:323,0
LF:77
LH:48
BRDA:53,0,0,0
BRDA:57,1,0,0
BRDA:61,2,0,0
BRDA:65,3,0,0
BRDA:69,4,0,0
BRDA:123,5,0,0
BRDA:135,6,0,0
BRDA:162,7,0,0
BRDA:171,8,0,0
BRDA:177,9,0,0
BRDA:177,9,1,0
BRDA:196,10,0,0
BRDA:196,10,1,2
BRDA:210,11,0,2
BRDA:210,11,1,2
BRDA:211,12,0,2
BRDA:211,12,1,0
BRDA:257,13,0,0
BRDA:257,13,1,2
BRDA:274,14,0,0
BRDA:274,14,1,0
BRDA:276,15,0,0
BRDA:333,16,0,0
BRDA:333,16,1,2
BRDA:335,17,0,0
BRDA:335,17,1,2
BRDA:340,18,0,0
BRDA:340,18,1,2
BRDA:342,19,0,0
BRDA:342,19,1,2
BRDA:345,20,0,0
BRDA:345,20,1,2
BRDA:347,21,0,0
BRDA:347,21,1,2
BRDA:350,22,0,0
BRDA:350,22,1,2
BRDA:354,23,0,0
BRDA:354,23,1,2
BRDA:356,24,0,0
BRDA:356,24,1,2
BRDA:359,25,0,0
BRDA:359,25,1,2
BRDA:361,26,0,0
BRDA:361,26,1,2
BRDA:364,27,0,0
BRDA:364,27,1,2
BRDA:366,28,0,0
BRDA:366,28,1,2
BRDA:372,29,0,0
BRDA:372,29,1,2
BRDA:374,30,0,0
BRDA:374,30,1,2
BRDA:394,31,0,0
BRDA:394,31,1,2
BRF:54
BRH:21
end_of_record
TN:
SF:components/home/GeneratorFormCard.tsx
FN:45,GeneratorFormCard
FN:77,(anonymous_3)
FN:81,(anonymous_4)
FN:84,(anonymous_5)
FN:92,(anonymous_6)
FN:96,(anonymous_7)
FN:97,(anonymous_8)
FN:133,(anonymous_10)
FN:136,(anonymous_11)
FN:144,(anonymous_12)
FN:148,(anonymous_13)
FN:149,(anonymous_14)
FNF:12
FNH:10
FNDA:15,GeneratorFormCard
FNDA:3,(anonymous_3)
FNDA:15,(anonymous_4)
FNDA:59,(anonymous_5)
FNDA:0,(anonymous_6)
FNDA:12,(anonymous_7)
FNDA:56,(anonymous_8)
FNDA:15,(anonymous_10)
FNDA:55,(anonymous_11)
FNDA:0,(anonymous_12)
FNDA:12,(anonymous_13)
FNDA:52,(anonymous_14)
DA:8,1
DA:17,1
DA:19,1
DA:20,1
DA:21,1
DA:22,1
DA:23,1
DA:45,16
DA:78,3
DA:82,15
DA:84,59
DA:93,0
DA:97,12
DA:98,56
DA:99,56
DA:134,15
DA:136,55
DA:145,0
DA:149,12
DA:150,52
DA:151,52
LF:21
LH:19
BRDA:78,0,0,3
BRDA:78,0,1,0
BRDA:95,1,0,15
BRDA:95,1,1,12
BRDA:114,2,0,12
BRDA:114,2,1,3
BRDA:147,3,0,15
BRDA:147,3,1,12
BRDA:166,4,0,12
BRDA:166,4,1,3
BRDA:190,5,0,15
BRDA:190,5,1,12
BRDA:195,6,0,3
BRDA:195,6,1,12
BRDA:207,7,0,3
BRDA:207,7,1,2
BRDA:223,8,0,15
BRDA:223,8,1,12
BRDA:228,9,0,3
BRDA:228,9,1,12
BRDA:240,10,0,3
BRDA:240,10,1,2
BRDA:260,11,0,15
BRDA:260,11,1,12
BRDA:272,12,0,15
BRDA:272,12,1,12
BRDA:281,13,0,15
BRDA:281,13,1,12
BRDA:281,13,2,12
BRDA:284,14,0,0
BRDA:284,14,1,15
BRDA:288,15,0,0
BRDA:288,15,1,15
BRF:33
BRH:30
end_of_record
TN:
SF:components/home/GeneratorHeader.tsx
FN:9,GeneratorHeader
FNF:1
FNH:1
FNDA:18,GeneratorHeader
DA:3,1
DA:4,1
DA:9,19
LF:3
LH:3
BRF:0
BRH:0
end_of_record
TN:
SF:components/home/InstrumentToggle.tsx
FN:18,InstrumentToggle
FN:24,(anonymous_2)
FN:29,(anonymous_3)
FNF:3
FNH:2
FNDA:2,InstrumentToggle
FNDA:0,(anonymous_2)
FNDA:2,(anonymous_3)
DA:3,1
DA:18,3
DA:25,0
DA:26,0
DA:30,2
DA:32,2
LF:6
LH:4
BRDA:25,0,0,0
BRDA:48,1,0,2
BRDA:48,1,1,0
BRDA:53,2,0,2
BRDA:53,2,1,0
BRF:5
BRH:2
end_of_record
TN:
SF:components/home/NextChordSuggestionsSection.tsx
FN:39,NextChordSuggestionsSection
FN:71,(anonymous_3)
FN:80,(anonymous_4)
FN:102,(anonymous_5)
FN:104,(anonymous_6)
FN:136,(anonymous_7)
FN:156,(anonymous_8)
FN:176,(anonymous_9)
FN:226,(anonymous_10)
FN:231,(anonymous_11)
FNF:10
FNH:4
FNDA:1,NextChordSuggestionsSection
FNDA:0,(anonymous_3)
FNDA:0,(anonymous_4)
FNDA:1,(anonymous_5)
FNDA:1,(anonymous_6)
FNDA:0,(anonymous_7)
FNDA:0,(anonymous_8)
FNDA:2,(anonymous_9)
FNDA:0,(anonymous_10)
FNDA:0,(anonymous_11)
DA:3,1
DA:5,1
DA:6,1
DA:7,1
DA:8,1
DA:9,1
DA:10,1
DA:12,1
DA:13,1
DA:39,1
DA:71,0
DA:80,0
DA:103,1
DA:105,1
DA:137,0
DA:156,0
DA:176,2
DA:227,0
DA:231,0
LF:19
LH:13
BRDA:50,0,0,0
BRDA:56,1,0,0
BRDA:56,1,1,1
BRDA:61,2,0,0
BRDA:61,2,1,0
BRDA:77,3,0,0
BRDA:77,3,1,0
BRDA:115,4,0,1
BRDA:115,4,1,0
BRDA:126,5,0,1
BRDA:126,5,1,0
BRDA:131,6,0,1
BRDA:131,6,1,0
BRDA:173,7,0,1
BRDA:173,7,1,0
BRDA:188,8,0,1
BRDA:188,8,1,0
BRDA:188,9,0,1
BRDA:188,9,1,1
BRDA:199,10,0,0
BRDA:199,10,1,1
BRDA:217,11,0,1
BRDA:217,11,1,0
BRDA:221,12,0,0
BRDA:221,12,1,0
BRDA:221,13,0,0
BRDA:221,13,1,0
BRDA:227,14,0,0
BRDA:227,14,1,0
BRDA:235,15,0,0
BRDA:235,15,1,0
BRDA:239,16,0,1
BRDA:239,16,1,0
BRDA:239,17,0,1
BRDA:239,17,1,1
BRF:35
BRH:13
end_of_record
TN:
SF:components/home/PlaybackSettingsButton.tsx
FN:72,PlaybackSettingsButton
FN:114,(anonymous_3)
FN:116,(anonymous_4)
FN:117,(anonymous_5)
FN:129,(anonymous_6)
FN:162,(anonymous_7)
FN:179,(anonymous_8)
FN:182,(anonymous_9)
FN:198,(anonymous_10)
FN:226,(anonymous_11)
FN:234,(anonymous_12)
FN:262,(anonymous_13)
FN:270,(anonymous_14)
FN:291,(anonymous_15)
FN:334,(anonymous_16)
FN:349,(anonymous_17)
FN:362,(anonymous_18)
FN:375,(anonymous_19)
FN:396,(anonymous_20)
FN:406,(anonymous_21)
FN:408,(anonymous_22)
FNF:21
FNH:7
FNDA:2,PlaybackSettingsButton
FNDA:0,(anonymous_3)
FNDA:0,(anonymous_4)
FNDA:0,(anonymous_5)
FNDA:0,(anonymous_6)
FNDA:0,(anonymous_7)
FNDA:0,(anonymous_8)
FNDA:4,(anonymous_9)
FNDA:0,(anonymous_10)
FNDA:0,(anonymous_11)
FNDA:8,(anonymous_12)
FNDA:0,(anonymous_13)
FNDA:4,(anonymous_14)
FNDA:0,(anonymous_15)
FNDA:0,(anonymous_16)
FNDA:6,(anonymous_17)
FNDA:0,(anonymous_18)
FNDA:0,(anonymous_19)
FNDA:12,(anonymous_20)
FNDA:0,(anonymous_21)
FNDA:26,(anonymous_22)
DA:3,1
DA:20,1
DA:38,1
DA:39,1
DA:41,1
DA:43,1
DA:44,1
DA:45,1
DA:46,1
DA:72,5
DA:91,2
DA:102,2
DA:104,2
DA:105,2
DA:114,2
DA:115,2
DA:116,2
DA:117,0
DA:123,2
DA:124,2
DA:129,2
DA:130,0
DA:131,0
DA:134,0
DA:162,0
DA:180,0
DA:182,4
DA:198,0
DA:227,0
DA:228,0
DA:235,8
DA:263,0
DA:264,0
DA:271,4
DA:291,0
DA:334,0
DA:350,6
DA:362,0
DA:375,0
DA:397,12
DA:406,0
DA:409,26
LF:42
LH:26
BRDA:78,0,0,2
BRDA:130,1,0,0
BRDA:155,2,0,0
BRDA:155,2,1,2
BRDA:227,3,0,0
BRDA:263,4,0,0
BRF:6
BRH:2
end_of_record
TN:
SF:components/home/ProgressionIdeasSection.tsx
FN:52,(anonymous_5)
FN:53,(anonymous_6)
FN:58,(anonymous_7)
FN:61,(anonymous_8)
FN:62,(anonymous_9)
FN:64,(anonymous_10)
FN:64,(anonymous_11)
FN:65,(anonymous_12)
FN:73,(anonymous_13)
FN:78,(anonymous_14)
FN:88,(anonymous_15)
FN:91,(anonymous_16)
FN:98,(anonymous_17)
FN:100,(anonymous_18)
FN:101,(anonymous_19)
FN:116,ProgressionIdeasSection
FN:161,(anonymous_21)
FN:194,(anonymous_22)
FN:216,(anonymous_23)
FN:230,(anonymous_24)
FN:242,(anonymous_25)
FN:252,(anonymous_26)
FN:254,(anonymous_27)
FN:271,(anonymous_28)
FN:334,(anonymous_29)
FN:355,(anonymous_30)
FN:381,(anonymous_31)
FN:386,(anonymous_32)
FN:407,(anonymous_33)
FN:426,(anonymous_34)
FNF:30
FNH:17
FNDA:6,(anonymous_5)
FNDA:36,(anonymous_6)
FNDA:0,(anonymous_7)
FNDA:26,(anonymous_8)
FNDA:26,(anonymous_9)
FNDA:26,(anonymous_10)
FNDA:26,(anonymous_11)
FNDA:6,(anonymous_12)
FNDA:12,(anonymous_13)
FNDA:36,(anonymous_14)
FNDA:6,(anonymous_15)
FNDA:36,(anonymous_16)
FNDA:26,(anonymous_17)
FNDA:26,(anonymous_18)
FNDA:14,(anonymous_19)
FNDA:1,ProgressionIdeasSection
FNDA:1,(anonymous_21)
FNDA:0,(anonymous_22)
FNDA:0,(anonymous_23)
FNDA:0,(anonymous_24)
FNDA:0,(anonymous_25)
FNDA:0,(anonymous_26)
FNDA:0,(anonymous_27)
FNDA:4,(anonymous_28)
FNDA:0,(anonymous_29)
FNDA:0,(anonymous_30)
FNDA:0,(anonymous_31)
FNDA:0,(anonymous_32)
FNDA:0,(anonymous_33)
FNDA:0,(anonymous_34)
DA:3,2
DA:5,2
DA:6,2
DA:7,2
DA:8,2
DA:9,2
DA:10,2
DA:16,2
DA:17,2
DA:52,2
DA:53,36
DA:57,6
DA:58,0
DA:61,26
DA:62,26
DA:63,6
DA:64,26
DA:65,6
DA:67,6
DA:68,6
DA:69,4
DA:72,6
DA:73,6
DA:74,12
DA:75,12
DA:78,6
DA:79,36
DA:80,10
DA:83,26
DA:84,26
DA:88,2
DA:91,36
DA:94,6
DA:95,0
DA:98,26
DA:99,6
DA:100,26
DA:101,14
DA:103,6
DA:104,2
DA:107,4
DA:108,4
DA:110,4
DA:116,1
DA:162,1
DA:195,0
DA:217,0
DA:230,0
DA:242,0
DA:253,0
DA:254,0
DA:272,4
DA:273,4
DA:274,4
DA:275,4
DA:278,4
DA:282,4
DA:335,0
DA:355,0
DA:382,0
DA:386,0
DA:408,0
DA:426,0
LF:63
LH:49
BRDA:53,0,0,36
BRDA:53,0,1,33
BRDA:57,1,0,0
BRDA:64,2,0,26
BRDA:64,2,1,22
BRDA:68,3,0,4
BRDA:72,4,0,4
BRDA:72,4,1,2
BRDA:79,5,0,10
BRDA:79,6,0,36
BRDA:79,6,1,33
BRDA:84,7,0,26
BRDA:84,7,1,0
BRDA:91,8,0,36
BRDA:91,8,1,33
BRDA:94,9,0,0
BRDA:103,10,0,2
BRDA:128,11,0,0
BRDA:129,12,0,1
BRDA:137,13,0,1
BRDA:137,13,1,0
BRDA:156,14,0,0
BRDA:156,14,1,1
BRDA:182,15,0,1
BRDA:182,15,1,0
BRDA:188,16,0,0
BRDA:188,16,1,1
BRDA:232,17,0,0
BRDA:232,17,1,0
BRDA:234,18,0,0
BRDA:234,18,1,0
BRDA:235,19,0,0
BRDA:235,19,1,0
BRDA:238,20,0,0
BRDA:238,20,1,0
BRDA:240,21,0,0
BRDA:240,21,1,0
BRDA:241,22,0,0
BRDA:241,22,1,0
BRDA:273,23,0,4
BRDA:273,23,1,3
BRDA:275,24,0,4
BRDA:275,24,1,0
BRDA:278,25,0,4
BRDA:278,25,1,0
BRDA:284,26,0,3
BRDA:284,26,1,1
BRDA:292,27,0,0
BRDA:291,28,0,4
BRDA:291,28,1,4
BRDA:361,29,0,0
BRDA:359,30,0,4
BRDA:359,30,1,0
BRDA:359,30,2,0
BRDA:367,31,0,0
BRDA:367,31,1,0
BRDA:372,32,0,0
BRDA:372,32,1,0
BRDA:376,33,0,0
BRDA:376,33,1,0
BRDA:376,34,0,0
BRDA:376,34,1,0
BRDA:382,35,0,0
BRDA:382,35,1,0
BRDA:390,36,0,0
BRDA:390,36,1,0
BRDA:393,37,0,0
BRDA:393,37,1,0
BRDA:397,38,0,0
BRDA:397,38,1,0
BRDA:402,39,0,0
BRDA:402,39,1,0
BRDA:432,40,0,0
BRF:73
BRH:28
end_of_record
TN:
SF:components/home/RestoringState.tsx
FN:10,RestoringState
FNF:1
FNH:1
FNDA:3,RestoringState
DA:3,1
DA:5,1
DA:10,3
LF:3
LH:3
BRF:0
BRH:0
end_of_record
TN:
SF:components/home/StructureSuggestionsSection.tsx
FN:19,StructureSuggestionsSection
FN:40,(anonymous_3)
FNF:2
FNH:2
FNDA:1,StructureSuggestionsSection
FNDA:1,(anonymous_3)
DA:3,1
DA:5,1
DA:19,1
DA:41,1
LF:4
LH:4
BRDA:21,0,0,1
BRDA:25,1,0,1
BRDA:25,1,1,0
BRF:3
BRH:2
end_of_record
TN:
SF:components/home/playbackSettingsConfigs.ts
FN:99,(anonymous_13)
FN:111,(anonymous_14)
FN:117,(anonymous_15)
FN:151,(anonymous_16)
FN:414,(anonymous_17)
FNF:5
FNH:5
FNDA:2,(anonymous_13)
FNDA:2,(anonymous_14)
FNDA:2,(anonymous_15)
FNDA:2,(anonymous_16)
FNDA:2,(anonymous_17)
DA:49,2
DA:55,6
DA:61,6
DA:67,6
DA:73,36
DA:99,2
DA:100,2
DA:101,0
DA:104,2
DA:105,2
DA:108,0
DA:111,2
DA:118,2
DA:131,2
DA:136,2
DA:143,2
DA:151,2
DA:181,2
DA:209,2
DA:211,2
DA:414,2
DA:418,2
DA:419,2
DA:421,2
LF:24
LH:22
BRDA:100,0,0,0
BRDA:104,1,0,2
BRDA:116,2,0,2
BRDA:116,2,1,0
BRDA:118,3,0,0
BRDA:118,3,1,2
BRDA:122,4,0,2
BRDA:122,4,1,0
BRDA:123,5,0,2
BRDA:123,5,1,0
BRF:10
BRH:5
end_of_record
TN:
SF:components/home/playbackSettingsModel.ts
FN:118,(anonymous_5)
FN:128,(anonymous_6)
FN:181,(anonymous_7)
FNF:3
FNH:3
FNDA:390,(anonymous_5)
FNDA:15,(anonymous_6)
FNDA:2,(anonymous_7)
DA:3,5
DA:72,853
DA:111,4
DA:112,4
DA:113,4
DA:118,4
DA:119,390
DA:128,16
DA:129,15
DA:130,15
DA:132,15
DA:136,15
DA:181,4
DA:185,2
DA:186,2
DA:187,2
DA:188,2
DA:189,2
DA:190,2
DA:191,2
DA:192,2
DA:193,2
DA:194,2
DA:195,2
DA:196,2
DA:197,2
DA:198,2
DA:199,2
DA:200,2
DA:201,2
DA:202,2
DA:203,2
DA:204,2
DA:205,2
DA:206,2
DA:207,2
DA:208,2
DA:209,2
DA:210,2
DA:211,2
DA:212,2
DA:213,2
DA:214,2
DA:215,2
DA:216,2
DA:217,2
DA:218,2
DA:219,2
DA:220,2
LF:49
LH:49
BRDA:129,0,0,15
BRDA:129,0,1,2
BRDA:130,1,0,14
BRDA:130,1,1,1
BRDA:132,2,0,13
BRDA:132,2,1,2
BRDA:137,3,0,14
BRDA:137,3,1,1
BRDA:145,4,0,14
BRDA:145,4,1,1
BRF:10
BRH:10
end_of_record
TN:
SF:components/home/useGeneratorSessionCache.ts
FN:71,(anonymous_1)
FN:73,(anonymous_2)
FN:77,(anonymous_3)
FN:81,(anonymous_4)
FN:85,(anonymous_5)
FN:88,(anonymous_6)
FN:97,(anonymous_7)
FN:103,(anonymous_8)
FN:111,(anonymous_9)
FN:113,(anonymous_10)
FN:116,(anonymous_11)
FN:140,(anonymous_12)
FN:170,(anonymous_13)
FN:192,(anonymous_14)
FN:219,(anonymous_15)
FN:244,(anonymous_16)
FN:268,useGeneratorSessionCache
FN:279,(anonymous_18)
FN:283,(anonymous_19)
FN:328,(anonymous_20)
FNF:20
FNH:20
FNDA:9,(anonymous_1)
FNDA:1,(anonymous_2)
FNDA:2,(anonymous_3)
FNDA:1,(anonymous_4)
FNDA:2,(anonymous_5)
FNDA:2,(anonymous_6)
FNDA:1,(anonymous_7)
FNDA:20,(anonymous_8)
FNDA:1,(anonymous_9)
FNDA:3,(anonymous_10)
FNDA:1,(anonymous_11)
FNDA:1,(anonymous_12)
FNDA:1,(anonymous_13)
FNDA:1,(anonymous_14)
FNDA:1,(anonymous_15)
FNDA:1,(anonymous_16)
FNDA:23,useGeneratorSessionCache
FNDA:7,(anonymous_18)
FNDA:5,(anonymous_19)
FNDA:1,(anonymous_20)
DA:1,2
DA:5,2
DA:13,2
DA:15,2
DA:17,2
DA:71,9
DA:73,2
DA:74,1
DA:77,2
DA:78,2
DA:81,2
DA:82,1
DA:85,2
DA:86,2
DA:88,2
DA:89,2
DA:90,2
DA:91,0
DA:94,2
DA:97,2
DA:98,1
DA:99,1
DA:100,0
DA:103,20
DA:104,1
DA:105,0
DA:108,1
DA:111,2
DA:112,1
DA:113,3
DA:116,2
DA:119,1
DA:120,1
DA:122,1
DA:123,0
DA:126,1
DA:127,1
DA:129,1
DA:140,1
DA:170,2
DA:171,1
DA:173,1
DA:192,2
DA:196,1
DA:219,2
DA:227,1
DA:229,1
DA:230,1
DA:231,1
DA:232,1
DA:233,1
DA:244,2
DA:251,1
DA:252,1
DA:253,0
DA:256,1
DA:257,1
DA:258,1
DA:259,1
DA:268,23
DA:275,23
DA:276,23
DA:277,23
DA:279,23
DA:280,7
DA:283,23
DA:284,5
DA:285,5
DA:287,5
DA:288,1
DA:289,1
DA:297,0
DA:299,1
DA:302,1
DA:305,4
DA:306,4
DA:307,3
DA:310,1
DA:311,1
DA:320,0
DA:321,0
DA:324,5
DA:328,23
DA:329,1
DA:330,1
DA:333,23
LF:86
LH:78
BRDA:86,0,0,2
BRDA:86,0,1,2
BRDA:90,1,0,0
BRDA:99,2,0,0
BRDA:104,3,0,0
BRDA:112,4,0,1
BRDA:112,4,1,0
BRDA:113,5,0,1
BRDA:113,5,1,2
BRDA:113,6,0,2
BRDA:113,6,1,0
BRDA:122,7,0,0
BRDA:126,8,0,1
BRDA:126,8,1,0
BRDA:127,9,0,0
BRDA:127,9,1,1
BRDA:132,10,0,1
BRDA:132,10,1,0
BRDA:133,11,0,1
BRDA:133,11,1,0
BRDA:143,12,0,1
BRDA:143,12,1,0
BRDA:143,12,2,0
BRDA:144,13,0,1
BRDA:144,13,1,0
BRDA:144,13,2,0
BRDA:145,14,0,1
BRDA:145,14,1,0
BRDA:145,14,2,0
BRDA:147,15,0,1
BRDA:147,15,1,0
BRDA:149,16,0,1
BRDA:149,16,1,0
BRDA:152,17,0,1
BRDA:152,17,1,0
BRDA:154,18,0,1
BRDA:154,18,1,0
BRDA:159,19,0,1
BRDA:159,19,1,0
BRDA:182,20,0,1
BRDA:182,20,1,1
BRDA:187,21,0,1
BRDA:187,21,1,1
BRDA:252,22,0,0
BRDA:287,23,0,1
BRDA:306,24,0,3
BRF:46
BRH:24
end_of_record
TN:
SF:components/home/usePlaybackSettings.ts
FN:49,usePlaybackSettings
FN:117,(anonymous_2)
FN:122,(anonymous_3)
FN:128,(anonymous_4)
FN:134,(anonymous_5)
FN:140,(anonymous_6)
FN:146,(anonymous_7)
FN:146,(anonymous_8)
FN:153,(anonymous_9)
FN:232,(anonymous_10)
FN:281,(anonymous_11)
FN:322,(anonymous_12)
FN:326,(anonymous_13)
FN:330,(anonymous_14)
FN:334,(anonymous_15)
FN:338,(anonymous_16)
FN:342,(anonymous_17)
FN:346,(anonymous_18)
FN:350,(anonymous_19)
FN:354,(anonymous_20)
FN:358,(anonymous_21)
FN:362,(anonymous_22)
FN:366,(anonymous_23)
FN:370,(anonymous_24)
FN:374,(anonymous_25)
FN:378,(anonymous_26)
FN:382,(anonymous_27)
FN:386,(anonymous_28)
FN:390,(anonymous_29)
FN:394,(anonymous_30)
FN:398,(anonymous_31)
FN:402,(anonymous_32)
FN:406,(anonymous_33)
FN:410,(anonymous_34)
FN:414,(anonymous_35)
FN:418,(anonymous_36)
FNF:36
FNH:31
FNDA:23,usePlaybackSettings
FNDA:0,(anonymous_2)
FNDA:0,(anonymous_3)
FNDA:0,(anonymous_4)
FNDA:0,(anonymous_5)
FNDA:2,(anonymous_6)
FNDA:24,(anonymous_7)
FNDA:0,(anonymous_8)
FNDA:7,(anonymous_9)
FNDA:4,(anonymous_10)
FNDA:4,(anonymous_11)
FNDA:4,(anonymous_12)
FNDA:4,(anonymous_13)
FNDA:4,(anonymous_14)
FNDA:4,(anonymous_15)
FNDA:4,(anonymous_16)
FNDA:4,(anonymous_17)
FNDA:4,(anonymous_18)
FNDA:4,(anonymous_19)
FNDA:4,(anonymous_20)
FNDA:4,(anonymous_21)
FNDA:4,(anonymous_22)
FNDA:4,(anonymous_23)
FNDA:4,(anonymous_24)
FNDA:4,(anonymous_25)
FNDA:4,(anonymous_26)
FNDA:4,(anonymous_27)
FNDA:4,(anonymous_28)
FNDA:4,(anonymous_29)
FNDA:4,(anonymous_30)
FNDA:4,(anonymous_31)
FNDA:4,(anonymous_32)
FNDA:4,(anonymous_33)
FNDA:4,(anonymous_34)
FNDA:4,(anonymous_35)
FNDA:4,(anonymous_36)
DA:3,2
DA:31,2
DA:38,2
DA:49,23
DA:50,23
DA:51,23
DA:52,23
DA:53,23
DA:54,23
DA:55,23
DA:56,23
DA:57,23
DA:58,23
DA:59,23
DA:62,23
DA:63,23
DA:64,23
DA:65,23
DA:66,23
DA:67,23
DA:68,23
DA:71,23
DA:74,23
DA:77,23
DA:80,23
DA:83,23
DA:86,23
DA:89,23
DA:90,23
DA:93,23
DA:96,23
DA:99,23
DA:100,23
DA:103,23
DA:106,23
DA:107,23
DA:108,23
DA:111,23
DA:114,23
DA:115,23
DA:117,23
DA:118,0
DA:119,0
DA:122,23
DA:123,0
DA:124,0
DA:125,0
DA:128,23
DA:129,0
DA:130,0
DA:131,0
DA:134,23
DA:135,0
DA:136,0
DA:137,0
DA:140,23
DA:141,2
DA:142,2
DA:145,23
DA:146,24
DA:147,0
DA:152,23
DA:153,7
DA:231,23
DA:232,4
DA:280,23
DA:281,4
DA:322,23
DA:323,4
DA:326,23
DA:327,4
DA:330,23
DA:331,4
DA:334,23
DA:335,4
DA:338,23
DA:339,4
DA:342,23
DA:343,4
DA:346,23
DA:347,4
DA:350,23
DA:351,4
DA:354,23
DA:355,4
DA:358,23
DA:359,4
DA:362,23
DA:363,4
DA:366,23
DA:367,4
DA:370,23
DA:371,4
DA:374,23
DA:375,4
DA:378,23
DA:379,4
DA:382,23
DA:383,4
DA:386,23
DA:387,4
DA:390,23
DA:391,4
DA:394,23
DA:395,4
DA:398,23
DA:399,4
DA:402,23
DA:403,4
DA:406,23
DA:407,4
DA:410,23
DA:411,4
DA:414,23
DA:415,4
DA:418,23
DA:419,4
DA:422,23
LF:118
LH:106
BRF:0
BRH:0
end_of_record
TN:
SF:components/ui/Card.tsx
FN:15,Card
FNF:1
FNH:1
FNDA:27,Card
DA:1,3
DA:15,27
LF:2
LH:2
BRDA:15,0,0,24
BRDA:18,1,0,3
BRF:2
BRH:2
end_of_record
TN:
SF:components/ui/MidiDownloadButton.tsx
FN:14,MidiDownloadButton
FNF:1
FNH:1
FNDA:1,MidiDownloadButton
DA:3,2
DA:4,2
DA:14,1
LF:3
LH:3
BRF:0
BRH:0
end_of_record
TN:
SF:components/ui/PdfDownloadButton.tsx
FN:20,PdfDownloadButton
FN:28,(anonymous_6)
FN:32,(anonymous_7)
FN:43,(anonymous_8)
FNF:4
FNH:4
FNDA:25,PdfDownloadButton
FNDA:7,(anonymous_6)
FNDA:7,(anonymous_7)
FNDA:7,(anonymous_8)
DA:3,3
DA:4,3
DA:5,3
DA:20,14
DA:26,25
DA:28,25
DA:29,7
DA:30,7
DA:31,7
DA:32,7
DA:33,7
DA:35,4
DA:43,7
LF:13
LH:13
BRDA:22,0,0,24
BRDA:29,1,0,0
BRDA:42,2,0,25
BRDA:42,2,1,24
BRDA:46,3,0,7
BRDA:46,3,1,18
BRF:6
BRH:5
end_of_record
TN:
SF:components/ui/SelectField.tsx
FN:21,SelectField
FN:24,(anonymous_3)
FNF:2
FNH:2
FNDA:53,SelectField
FNDA:636,(anonymous_3)
DA:3,2
DA:21,55
DA:25,636
LF:3
LH:3
BRF:0
BRH:0
end_of_record
TN:
SF:components/ui/SuccessSnackbar.tsx
FN:16,SuccessSnackbar
FNF:1
FNH:1
FNDA:2,SuccessSnackbar
DA:1,1
DA:16,3
LF:2
LH:2
BRDA:20,0,0,2
BRF:1
BRH:1
end_of_record
TN:
SF:components/ui/TextField.tsx
FN:6,TextField
FNF:1
FNH:1
FNDA:369,TextField
DA:1,4
DA:6,369
LF:2
LH:2
BRF:0
BRH:0
end_of_record
TN:
SF:components/ui/ThemeModeToggle.tsx
FN:12,ThemeModeToggle
FNF:1
FNH:1
FNDA:10,ThemeModeToggle
DA:3,1
DA:4,1
DA:5,1
DA:7,1
DA:12,10
DA:13,10
DA:14,10
LF:7
LH:7
BRDA:17,0,0,5
BRDA:17,0,1,5
BRDA:19,1,0,5
BRDA:19,1,1,5
BRDA:22,2,0,5
BRDA:22,2,1,5
BRF:6
BRH:6
end_of_record
TN:
SF:lib/audio.ts
FN:40,(anonymous_38)
FN:45,(anonymous_39)
FN:76,(anonymous_40)
FN:79,(anonymous_41)
FN:87,(anonymous_42)
FN:89,(anonymous_43)
FN:100,(anonymous_44)
FN:105,(anonymous_45)
FN:108,(anonymous_46)
FN:115,(anonymous_47)
FN:116,(anonymous_48)
FN:123,(anonymous_49)
FN:168,(anonymous_50)
FN:176,(anonymous_51)
FN:189,(anonymous_52)
FN:202,(anonymous_53)
FN:214,(anonymous_54)
FN:226,(anonymous_55)
FN:239,(anonymous_56)
FN:249,(anonymous_57)
FN:259,(anonymous_58)
FN:289,(anonymous_59)
FN:299,(anonymous_60)
FN:301,(anonymous_61)
FN:323,(anonymous_62)
FN:363,(anonymous_63)
FN:374,(anonymous_64)
FN:381,(anonymous_65)
FN:388,(anonymous_66)
FN:397,(anonymous_67)
FN:412,(anonymous_68)
FN:429,(anonymous_69)
FN:436,(anonymous_70)
FN:443,(anonymous_71)
FN:450,(anonymous_72)
FN:466,(anonymous_73)
FN:473,(anonymous_74)
FN:480,(anonymous_75)
FN:487,(anonymous_76)
FN:504,(anonymous_77)
FN:511,(anonymous_78)
FN:518,(anonymous_79)
FN:525,(anonymous_80)
FN:541,(anonymous_81)
FN:548,(anonymous_82)
FN:555,(anonymous_83)
FN:562,(anonymous_84)
FN:579,(anonymous_85)
FN:586,(anonymous_86)
FN:593,(anonymous_87)
FN:600,(anonymous_88)
FN:607,(anonymous_89)
FN:653,(anonymous_90)
FN:665,(anonymous_91)
FN:766,(anonymous_92)
FN:778,(anonymous_93)
FN:794,(anonymous_94)
FN:810,(anonymous_95)
FN:838,(anonymous_96)
FN:872,(anonymous_97)
FN:878,(anonymous_98)
FN:879,(anonymous_99)
FN:894,(anonymous_100)
FN:952,(anonymous_101)
FN:982,(anonymous_102)
FN:1001,(anonymous_103)
FN:1063,(anonymous_104)
FN:1071,(anonymous_105)
FN:1075,(anonymous_106)
FN:1079,(anonymous_107)
FN:1085,(anonymous_108)
FN:1091,(anonymous_109)
FN:1104,(anonymous_110)
FN:1115,(anonymous_111)
FN:1135,(anonymous_112)
FN:1139,(anonymous_113)
FN:1143,(anonymous_114)
FN:1147,(anonymous_115)
FN:1151,(anonymous_116)
FN:1155,(anonymous_117)
FN:1159,(anonymous_118)
FN:1163,(anonymous_119)
FN:1167,(anonymous_120)
FN:1171,(anonymous_121)
FN:1175,(anonymous_122)
FN:1179,(anonymous_123)
FN:1183,(anonymous_124)
FN:1187,(anonymous_125)
FN:1191,(anonymous_126)
FN:1195,(anonymous_127)
FN:1199,(anonymous_128)
FN:1203,(anonymous_129)
FN:1207,(anonymous_130)
FN:1211,(anonymous_131)
FN:1215,(anonymous_132)
FN:1219,(anonymous_133)
FN:1223,(anonymous_134)
FN:1227,(anonymous_135)
FN:1231,(anonymous_136)
FN:1235,(anonymous_137)
FN:1239,(anonymous_138)
FN:1243,(anonymous_139)
FN:1247,(anonymous_140)
FNF:103
FNH:41
FNDA:3,(anonymous_38)
FNDA:0,(anonymous_39)
FNDA:1,(anonymous_40)
FNDA:3,(anonymous_41)
FNDA:0,(anonymous_42)
FNDA:2,(anonymous_43)
FNDA:2,(anonymous_44)
FNDA:6,(anonymous_45)
FNDA:0,(anonymous_46)
FNDA:3,(anonymous_47)
FNDA:6,(anonymous_48)
FNDA:4,(anonymous_49)
FNDA:2,(anonymous_50)
FNDA:3,(anonymous_51)
FNDA:0,(anonymous_52)
FNDA:0,(anonymous_53)
FNDA:0,(anonymous_54)
FNDA:0,(anonymous_55)
FNDA:2,(anonymous_56)
FNDA:2,(anonymous_57)
FNDA:4,(anonymous_58)
FNDA:2,(anonymous_59)
FNDA:2,(anonymous_60)
FNDA:12,(anonymous_61)
FNDA:0,(anonymous_62)
FNDA:2,(anonymous_63)
FNDA:0,(anonymous_64)
FNDA:0,(anonymous_65)
FNDA:0,(anonymous_66)
FNDA:1,(anonymous_67)
FNDA:1,(anonymous_68)
FNDA:0,(anonymous_69)
FNDA:0,(anonymous_70)
FNDA:0,(anonymous_71)
FNDA:0,(anonymous_72)
FNDA:0,(anonymous_73)
FNDA:0,(anonymous_74)
FNDA:0,(anonymous_75)
FNDA:0,(anonymous_76)
FNDA:0,(anonymous_77)
FNDA:0,(anonymous_78)
FNDA:0,(anonymous_79)
FNDA:0,(anonymous_80)
FNDA:0,(anonymous_81)
FNDA:0,(anonymous_82)
FNDA:0,(anonymous_83)
FNDA:0,(anonymous_84)
FNDA:0,(anonymous_85)
FNDA:0,(anonymous_86)
FNDA:0,(anonymous_87)
FNDA:0,(anonymous_88)
FNDA:2,(anonymous_89)
FNDA:2,(anonymous_90)
FNDA:0,(anonymous_91)
FNDA:0,(anonymous_92)
FNDA:0,(anonymous_93)
FNDA:0,(anonymous_94)
FNDA:3,(anonymous_95)
FNDA:3,(anonymous_96)
FNDA:3,(anonymous_97)
FNDA:2,(anonymous_98)
FNDA:0,(anonymous_99)
FNDA:1,(anonymous_100)
FNDA:1,(anonymous_101)
FNDA:2,(anonymous_102)
FNDA:2,(anonymous_103)
FNDA:10,(anonymous_104)
FNDA:5,(anonymous_105)
FNDA:5,(anonymous_106)
FNDA:2,(anonymous_107)
FNDA:1,(anonymous_108)
FNDA:1,(anonymous_109)
FNDA:1,(anonymous_110)
FNDA:1,(anonymous_111)
FNDA:5,(anonymous_112)
FNDA:0,(anonymous_113)
FNDA:0,(anonymous_114)
FNDA:0,(anonymous_115)
FNDA:0,(anonymous_116)
FNDA:0,(anonymous_117)
FNDA:0,(anonymous_118)
FNDA:0,(anonymous_119)
FNDA:0,(anonymous_120)
FNDA:0,(anonymous_121)
FNDA:0,(anonymous_122)
FNDA:0,(anonymous_123)
FNDA:0,(anonymous_124)
FNDA:0,(anonymous_125)
FNDA:0,(anonymous_126)
FNDA:0,(anonymous_127)
FNDA:0,(anonymous_128)
FNDA:0,(anonymous_129)
FNDA:0,(anonymous_130)
FNDA:0,(anonymous_131)
FNDA:0,(anonymous_132)
FNDA:0,(anonymous_133)
FNDA:0,(anonymous_134)
FNDA:0,(anonymous_135)
FNDA:0,(anonymous_136)
FNDA:0,(anonymous_137)
FNDA:0,(anonymous_138)
FNDA:2,(anonymous_139)
FNDA:1,(anonymous_140)
DA:1,2
DA:21,2
DA:22,2
DA:23,2
DA:24,2
DA:25,2
DA:26,2
DA:27,2
DA:28,2
DA:29,2
DA:34,2
DA:40,2
DA:41,3
DA:42,0
DA:43,0
DA:45,0
DA:46,0
DA:47,0
DA:48,0
DA:50,0
DA:51,0
DA:52,0
DA:53,0
DA:54,0
DA:55,0
DA:56,0
DA:61,0
DA:62,0
DA:63,0
DA:64,0
DA:65,0
DA:66,0
DA:67,0
DA:72,0
DA:76,2
DA:77,1
DA:79,2
DA:80,3
DA:81,3
DA:84,0
DA:87,2
DA:89,2
DA:90,2
DA:91,1
DA:94,1
DA:100,2
DA:101,2
DA:102,2
DA:105,2
DA:106,6
DA:108,0
DA:109,0
DA:110,0
DA:111,0
DA:115,2
DA:116,3
DA:117,6
DA:118,6
DA:119,6
DA:123,3
DA:124,4
DA:125,4
DA:126,4
DA:127,4
DA:128,4
DA:129,4
DA:130,4
DA:131,4
DA:132,4
DA:133,4
DA:134,4
DA:135,4
DA:137,4
DA:138,4
DA:139,4
DA:141,4
DA:142,4
DA:143,4
DA:144,4
DA:145,4
DA:147,4
DA:148,4
DA:149,4
DA:150,4
DA:152,4
DA:153,4
DA:154,4
DA:155,4
DA:157,4
DA:158,4
DA:159,4
DA:160,4
DA:162,4
DA:163,4
DA:164,4
DA:165,4
DA:166,4
DA:168,4
DA:169,2
DA:170,1
DA:171,1
DA:173,2
DA:176,4
DA:177,3
DA:178,1
DA:186,3
DA:189,4
DA:190,0
DA:191,0
DA:199,0
DA:202,4
DA:203,0
DA:204,0
DA:211,0
DA:214,4
DA:215,0
DA:216,0
DA:223,0
DA:226,4
DA:227,0
DA:228,0
DA:236,0
DA:239,4
DA:240,2
DA:241,2
DA:244,2
DA:245,0
DA:249,4
DA:250,2
DA:251,2
DA:254,2
DA:255,0
DA:259,4
DA:260,4
DA:262,4
DA:263,0
DA:266,4
DA:267,2
DA:270,4
DA:271,0
DA:274,4
DA:275,0
DA:278,4
DA:279,0
DA:282,4
DA:283,1
DA:286,4
DA:289,4
DA:290,2
DA:292,2
DA:293,2
DA:294,2
DA:296,2
DA:299,4
DA:300,2
DA:302,12
DA:306,2
DA:308,2
DA:310,2
DA:311,0
DA:312,0
DA:315,2
DA:316,1
DA:319,2
DA:320,2
DA:323,4
DA:326,0
DA:327,0
DA:328,0
DA:329,0
DA:330,0
DA:333,0
DA:334,0
DA:335,0
DA:336,0
DA:339,0
DA:340,0
DA:341,0
DA:342,0
DA:345,0
DA:346,0
DA:347,0
DA:348,0
DA:351,0
DA:352,0
DA:353,0
DA:354,0
DA:357,0
DA:358,0
DA:359,0
DA:363,4
DA:364,2
DA:365,2
DA:368,0
DA:369,0
DA:370,0
DA:374,4
DA:375,0
DA:376,0
DA:377,0
DA:381,4
DA:382,0
DA:383,0
DA:384,0
DA:388,4
DA:389,0
DA:390,0
DA:391,0
DA:392,0
DA:393,0
DA:397,4
DA:398,1
DA:400,1
DA:401,1
DA:402,1
DA:403,1
DA:404,1
DA:406,0
DA:409,1
DA:412,4
DA:413,1
DA:415,1
DA:416,1
DA:423,0
DA:426,1
DA:429,4
DA:430,0
DA:431,0
DA:432,0
DA:436,4
DA:437,0
DA:438,0
DA:439,0
DA:443,4
DA:444,0
DA:445,0
DA:446,0
DA:450,4
DA:451,0
DA:453,0
DA:454,0
DA:460,0
DA:463,0
DA:466,4
DA:467,0
DA:468,0
DA:469,0
DA:473,4
DA:474,0
DA:475,0
DA:476,0
DA:480,4
DA:481,0
DA:482,0
DA:483,0
DA:487,4
DA:488,0
DA:490,0
DA:491,0
DA:498,0
DA:501,0
DA:504,4
DA:505,0
DA:506,0
DA:507,0
DA:511,4
DA:512,0
DA:513,0
DA:514,0
DA:518,4
DA:519,0
DA:520,0
DA:521,0
DA:525,4
DA:526,0
DA:528,0
DA:529,0
DA:535,0
DA:538,0
DA:541,4
DA:542,0
DA:543,0
DA:544,0
DA:548,4
DA:549,0
DA:550,0
DA:551,0
DA:555,4
DA:556,0
DA:557,0
DA:558,0
DA:562,4
DA:563,0
DA:565,0
DA:566,0
DA:573,0
DA:576,0
DA:579,4
DA:580,0
DA:581,0
DA:582,0
DA:586,4
DA:587,0
DA:588,0
DA:589,0
DA:593,4
DA:594,0
DA:595,0
DA:596,0
DA:600,4
DA:601,0
DA:602,0
DA:603,0
DA:607,4
DA:608,2
DA:609,2
DA:646,2
DA:647,2
DA:650,2
DA:653,4
DA:654,2
DA:656,2
DA:658,2
DA:659,2
DA:662,2
DA:665,4
DA:666,0
DA:667,0
DA:759,0
DA:760,0
DA:763,0
DA:766,4
DA:767,0
DA:769,0
DA:771,0
DA:772,0
DA:775,0
DA:778,4
DA:791,0
DA:792,0
DA:794,0
DA:795,0
DA:796,0
DA:797,0
DA:798,0
DA:801,0
DA:810,4
DA:823,3
DA:824,3
DA:826,3
DA:827,0
DA:830,3
DA:831,0
DA:832,0
DA:835,3
DA:838,4
DA:857,3
DA:858,0
DA:860,3
DA:861,0
DA:864,3
DA:865,3
DA:866,3
DA:869,0
DA:872,4
DA:873,3
DA:874,3
DA:878,4
DA:879,2
DA:880,2
DA:882,2
DA:883,0
DA:886,2
DA:887,0
DA:890,2
DA:891,2
DA:894,4
DA:909,1
DA:910,1
DA:913,1
DA:914,0
DA:916,1
DA:919,1
DA:921,1
DA:923,1
DA:924,1
DA:925,1
DA:930,1
DA:931,1
DA:933,1
DA:935,1
DA:939,1
DA:952,4
DA:960,1
DA:961,1
DA:970,1
DA:973,1
DA:974,0
DA:976,1
DA:979,1
DA:980,1
DA:982,1
DA:983,2
DA:984,2
DA:985,2
DA:990,2
DA:992,2
DA:994,2
DA:996,2
DA:1000,2
DA:1002,2
DA:1015,2
DA:1020,4
DA:1053,2
DA:1063,2
DA:1064,10
DA:1065,1
DA:1068,10
DA:1071,4
DA:1072,5
DA:1075,5
DA:1076,5
DA:1079,2
DA:1082,2
DA:1083,2
DA:1085,2
DA:1086,1
DA:1087,1
DA:1088,1
DA:1091,2
DA:1092,1
DA:1093,0
DA:1096,1
DA:1097,1
DA:1100,1
DA:1101,1
DA:1104,2
DA:1105,1
DA:1106,1
DA:1108,1
DA:1109,1
DA:1111,1
DA:1115,2
DA:1116,1
DA:1117,1
DA:1119,1
DA:1120,1
DA:1122,1
DA:1126,2
DA:1135,5
DA:1136,5
DA:1139,2
DA:1140,0
DA:1143,2
DA:1144,0
DA:1147,2
DA:1148,0
DA:1151,2
DA:1152,0
DA:1155,2
DA:1156,0
DA:1159,2
DA:1160,0
DA:1163,2
DA:1164,0
DA:1167,2
DA:1168,0
DA:1171,2
DA:1172,0
DA:1175,2
DA:1176,0
DA:1179,2
DA:1180,0
DA:1183,2
DA:1184,0
DA:1187,2
DA:1188,0
DA:1191,2
DA:1192,0
DA:1195,2
DA:1196,0
DA:1199,2
DA:1200,0
DA:1203,2
DA:1204,0
DA:1207,2
DA:1208,0
DA:1211,2
DA:1212,0
DA:1215,2
DA:1216,0
DA:1219,2
DA:1220,0
DA:1223,2
DA:1224,0
DA:1227,2
DA:1228,0
DA:1231,2
DA:1232,0
DA:1235,2
DA:1236,0
DA:1239,2
DA:1240,0
DA:1243,2
DA:1244,2
DA:1247,2
DA:1255,1
LF:507
LH:298
BRDA:41,0,0,3
BRDA:52,1,0,0
BRDA:52,2,0,0
BRDA:52,2,1,0
BRDA:54,3,0,0
BRDA:61,4,0,0
BRDA:65,5,0,0
BRDA:80,6,0,3
BRDA:84,7,0,0
BRDA:84,7,1,0
BRDA:90,8,0,1
BRDA:96,9,0,1
BRDA:96,9,1,0
BRDA:106,10,0,6
BRDA:169,11,0,1
BRDA:177,12,0,1
BRDA:190,13,0,0
BRDA:203,14,0,0
BRDA:215,15,0,0
BRDA:227,16,0,0
BRDA:240,17,0,2
BRDA:244,18,0,0
BRDA:250,19,0,2
BRDA:254,20,0,0
BRDA:262,21,0,0
BRDA:266,22,0,2
BRDA:270,23,0,0
BRDA:274,24,0,0
BRDA:278,25,0,0
BRDA:282,26,0,1
BRDA:293,27,0,2
BRDA:293,27,1,2
BRDA:310,28,0,0
BRDA:326,29,0,0
BRDA:326,30,0,0
BRDA:326,30,1,0
BRDA:333,31,0,0
BRDA:333,32,0,0
BRDA:333,32,1,0
BRDA:339,33,0,0
BRDA:339,34,0,0
BRDA:339,34,1,0
BRDA:345,35,0,0
BRDA:345,36,0,0
BRDA:345,36,1,0
BRDA:351,37,0,0
BRDA:351,38,0,0
BRDA:351,38,1,0
BRDA:357,39,0,0
BRDA:357,40,0,0
BRDA:357,40,1,0
BRDA:364,41,0,2
BRDA:369,42,0,0
BRDA:376,43,0,0
BRDA:383,44,0,0
BRDA:392,45,0,0
BRDA:400,46,0,1
BRDA:400,46,1,0
BRDA:415,47,0,1
BRDA:415,47,1,0
BRDA:431,48,0,0
BRDA:438,49,0,0
BRDA:445,50,0,0
BRDA:453,51,0,0
BRDA:453,51,1,0
BRDA:468,52,0,0
BRDA:475,53,0,0
BRDA:482,54,0,0
BRDA:490,55,0,0
BRDA:490,55,1,0
BRDA:506,56,0,0
BRDA:513,57,0,0
BRDA:520,58,0,0
BRDA:528,59,0,0
BRDA:528,59,1,0
BRDA:543,60,0,0
BRDA:550,61,0,0
BRDA:557,62,0,0
BRDA:565,63,0,0
BRDA:565,63,1,0
BRDA:581,64,0,0
BRDA:588,65,0,0
BRDA:595,66,0,0
BRDA:602,67,0,0
BRDA:608,68,0,2
BRDA:658,69,0,2
BRDA:666,70,0,0
BRDA:771,71,0,0
BRDA:795,72,0,0
BRDA:826,73,0,0
BRDA:830,74,0,0
BRDA:857,75,0,0
BRDA:860,76,0,0
BRDA:864,77,0,3
BRDA:873,78,0,3
BRDA:882,79,0,0
BRDA:886,80,0,0
BRDA:899,81,0,0
BRDA:903,82,0,0
BRDA:904,83,0,1
BRDA:905,84,0,1
BRDA:906,85,0,0
BRDA:907,86,0,1
BRDA:913,87,0,0
BRDA:913,87,1,1
BRDA:921,88,0,0
BRDA:921,88,1,1
BRDA:921,89,0,1
BRDA:921,89,1,1
BRDA:930,90,0,1
BRDA:931,91,0,0
BRDA:931,91,1,1
BRDA:933,92,0,0
BRDA:933,92,1,1
BRDA:935,93,0,0
BRDA:935,93,1,1
BRDA:944,94,0,0
BRDA:944,94,1,1
BRDA:955,95,0,0
BRDA:965,96,0,0
BRDA:966,97,0,0
BRDA:967,98,0,1
BRDA:968,99,0,0
BRDA:969,100,0,1
BRDA:970,101,0,1
BRDA:970,101,1,0
BRDA:973,102,0,0
BRDA:973,102,1,1
BRDA:990,103,0,2
BRDA:992,104,0,0
BRDA:992,104,1,2
BRDA:994,105,0,0
BRDA:994,105,1,2
BRDA:996,106,0,0
BRDA:996,106,1,2
BRDA:1064,107,0,1
BRDA:1080,108,0,0
BRDA:1092,109,0,0
BRDA:1096,110,0,1
BRDA:1250,111,0,0
BRF:140
BRH:42
end_of_record
TN:
SF:lib/chordShapes.ts
FNF:0
FNH:0
DA:21,6
DA:34,2
LF:2
LH:2
BRF:0
BRH:0
end_of_record
TN:
SF:lib/chordVoicing.ts
FN:9,getIntervalsFromSuffix
FN:29,semitoneToNoteName
FN:33,intervalToNote
FN:43,createPianoVoicingFromChordSymbol
FN:62,(anonymous_5)
FN:63,(anonymous_6)
FNF:6
FNH:0
FNDA:0,getIntervalsFromSuffix
FNDA:0,semitoneToNoteName
FNDA:0,intervalToNote
FNDA:0,createPianoVoicingFromChordSymbol
FNDA:0,(anonymous_5)
FNDA:0,(anonymous_6)
DA:2,1
DA:4,1
DA:10,0
DA:12,0
DA:13,0
DA:14,0
DA:15,0
DA:16,0
DA:17,0
DA:18,0
DA:19,0
DA:20,0
DA:21,0
DA:23,0
DA:30,0
DA:34,0
DA:35,0
DA:36,0
DA:37,0
DA:43,0
DA:44,0
DA:45,0
DA:46,0
DA:49,0
DA:50,0
DA:51,0
DA:53,0
DA:54,0
DA:57,0
DA:58,0
DA:59,0
DA:61,0
DA:62,0
DA:63,0
LF:34
LH:2
BRDA:12,0,0,0
BRDA:13,1,0,0
BRDA:14,2,0,0
BRDA:15,3,0,0
BRDA:16,4,0,0
BRDA:17,5,0,0
BRDA:18,6,0,0
BRDA:19,7,0,0
BRDA:20,8,0,0
BRDA:21,9,0,0
BRDA:45,10,0,0
BRDA:50,11,0,0
BRDA:50,11,1,0
BRDA:53,12,0,0
BRDA:59,13,0,0
BRDA:59,13,1,0
BRF:16
BRH:0
end_of_record
TN:
SF:lib/formOptions.ts
FNF:0
FNH:0
DA:4,16
DA:26,17
DA:52,19
DA:172,18
LF:4
LH:4
BRF:0
BRH:0
end_of_record
TN:
SF:lib/guitarDiagramUtils.ts
FN:72,getBestRootString
FN:83,getTemplateFromSuffix
FN:120,getGeneratedGuitarDiagram
FN:144,(anonymous_7)
FN:153,getGuitarDiagramFromChord
FN:162,(anonymous_9)
FN:170,getGuitarShapeTextFromVoicing
FN:179,(anonymous_11)
FN:184,(anonymous_12)
FN:199,getGuitarShapeTextFromDiagram
FN:208,(anonymous_14)
FN:213,(anonymous_15)
FNF:12
FNH:9
FNDA:3,getBestRootString
FNDA:3,getTemplateFromSuffix
FNDA:3,getGeneratedGuitarDiagram
FNDA:18,(anonymous_7)
FNDA:6,getGuitarDiagramFromChord
FNDA:18,(anonymous_9)
FNDA:1,getGuitarShapeTextFromVoicing
FNDA:2,(anonymous_11)
FNDA:6,(anonymous_12)
FNDA:0,getGuitarShapeTextFromDiagram
FNDA:0,(anonymous_14)
FNDA:0,(anonymous_15)
DA:1,2
DA:4,2
DA:24,2
DA:50,2
DA:73,3
DA:74,1
DA:77,2
DA:84,3
DA:86,3
DA:87,0
DA:90,3
DA:91,0
DA:94,3
DA:95,0
DA:98,3
DA:99,0
DA:102,3
DA:103,1
DA:106,2
DA:107,2
DA:110,0
DA:111,0
DA:114,0
DA:121,3
DA:123,3
DA:124,0
DA:127,3
DA:128,3
DA:129,3
DA:130,3
DA:132,3
DA:133,0
DA:136,3
DA:137,3
DA:138,3
DA:140,3
DA:145,18
DA:153,6
DA:154,6
DA:156,6
DA:157,3
DA:160,3
DA:162,18
DA:170,1
DA:173,1
DA:174,0
DA:177,1
DA:179,1
DA:180,2
DA:183,1
DA:185,6
DA:187,6
DA:188,4
DA:191,2
DA:199,0
DA:202,0
DA:203,0
DA:206,0
DA:208,0
DA:209,0
DA:212,0
DA:214,0
DA:216,0
DA:217,0
DA:220,0
LF:65
LH:44
BRDA:73,0,0,1
BRDA:73,1,0,3
BRDA:73,1,1,1
BRDA:86,2,0,0
BRDA:90,3,0,0
BRDA:94,4,0,0
BRDA:98,5,0,0
BRDA:98,6,0,3
BRDA:98,6,1,3
BRDA:102,7,0,1
BRDA:102,8,0,3
BRDA:102,8,1,2
BRDA:106,9,0,2
BRDA:110,10,0,0
BRDA:110,11,0,0
BRDA:110,11,1,0
BRDA:123,12,0,0
BRDA:132,13,0,0
BRDA:132,14,0,3
BRDA:132,14,1,3
BRDA:132,14,2,3
BRDA:137,15,0,1
BRDA:137,15,1,2
BRDA:145,16,0,1
BRDA:145,16,1,17
BRDA:156,17,0,3
BRDA:163,18,0,3
BRDA:163,18,1,0
BRDA:173,19,0,0
BRDA:187,20,0,4
BRDA:191,21,0,2
BRDA:191,21,1,0
BRDA:202,22,0,0
BRDA:216,23,0,0
BRDA:220,24,0,0
BRDA:220,24,1,0
BRF:36
BRH:20
end_of_record
TN:
SF:lib/midi.ts
FN:24,parseNoteToMidi
FN:44,encodeVariableLength
FN:67,encodeText
FN:71,numberToBytes
FN:72,(anonymous_7)
FN:78,normalizeTempoBpm
FN:89,buildTrackChunk
FN:91,(anonymous_10)
FN:103,(anonymous_11)
FN:121,(anonymous_12)
FN:142,buildMidiFile
FN:163,sanitizeFileName
FN:176,downloadMidi
FN:190,(anonymous_16)
FN:193,getVoicingMidiEvents
FN:194,(anonymous_18)
FN:204,downloadChordMidi
FN:220,downloadProgressionMidi
FN:225,(anonymous_21)
FNF:19
FNH:0
FNDA:0,parseNoteToMidi
FNDA:0,encodeVariableLength
FNDA:0,encodeText
FNDA:0,numberToBytes
FNDA:0,(anonymous_7)
FNDA:0,normalizeTempoBpm
FNDA:0,buildTrackChunk
FNDA:0,(anonymous_10)
FNDA:0,(anonymous_11)
FNDA:0,(anonymous_12)
FNDA:0,buildMidiFile
FNDA:0,sanitizeFileName
FNDA:0,downloadMidi
FNDA:0,(anonymous_16)
FNDA:0,getVoicingMidiEvents
FNDA:0,(anonymous_18)
FNDA:0,downloadChordMidi
FNDA:0,downloadProgressionMidi
FNDA:0,(anonymous_21)
DA:2,2
DA:7,2
DA:8,2
DA:9,2
DA:10,2
DA:11,2
DA:12,2
DA:25,0
DA:27,0
DA:28,0
DA:31,0
DA:32,0
DA:33,0
DA:35,0
DA:36,0
DA:39,0
DA:41,0
DA:45,0
DA:46,0
DA:48,0
DA:49,0
DA:50,0
DA:53,0
DA:54,0
DA:56,0
DA:57,0
DA:58,0
DA:61,0
DA:64,0
DA:68,0
DA:72,0
DA:73,0
DA:74,0
DA:79,0
DA:80,0
DA:83,0
DA:90,0
DA:91,0
DA:103,0
DA:105,0
DA:106,0
DA:119,0
DA:121,0
DA:122,0
DA:123,0
DA:124,0
DA:127,0
DA:129,0
DA:143,0
DA:158,0
DA:160,0
DA:164,0
DA:177,0
DA:178,0
DA:180,0
DA:181,0
DA:182,0
DA:184,0
DA:185,0
DA:186,0
DA:187,0
DA:188,0
DA:190,0
DA:194,0
DA:204,0
DA:209,0
DA:214,0
DA:220,0
DA:225,0
DA:226,0
DA:228,0
DA:229,0
LF:72
LH:7
BRDA:27,0,0,0
BRDA:35,1,0,0
BRDA:56,2,0,0
BRDA:79,3,0,0
BRDA:83,4,0,0
BRDA:83,4,1,0
BRDA:94,5,0,0
BRDA:94,5,1,0
BRDA:103,6,0,0
BRDA:103,6,1,0
BRDA:165,7,0,0
BRDA:165,7,1,0
BRF:12
BRH:0
end_of_record
TN:
SF:lib/musicNoteConstants.ts
FNF:0
FNH:0
DA:4,2
DA:28,2
LF:2
LH:2
BRF:0
BRH:0
end_of_record
TN:
SF:lib/pdf.ts
FN:65,romanToNashville
FN:78,(anonymous_8)
FN:141,parseRoot
FN:146,parseChordSymbol
FN:160,semitoneToNashvilleDegree
FN:200,nashvilleQualityFromSuffix
FN:223,inferTonicFromScaleOrChords
FN:245,chordToNashville
FN:303,parseNoteToMidi
FN:321,drawPianoChart
FN:347,(anonymous_17)
FN:451,drawGuitarChart
FN:511,(anonymous_19)
FN:542,loadJsPdf
FN:547,(anonymous_21)
FN:548,(anonymous_22)
FN:556,downloadSessionPdf
FN:572,(anonymous_24)
FN:612,(anonymous_25)
FN:616,(anonymous_26)
FN:644,(anonymous_27)
FN:656,(anonymous_28)
FN:657,(anonymous_29)
FN:658,(anonymous_30)
FN:676,(anonymous_31)
FN:689,(anonymous_32)
FN:690,(anonymous_33)
FN:690,(anonymous_34)
FN:723,(anonymous_35)
FN:740,(anonymous_36)
FN:764,(anonymous_37)
FN:773,(anonymous_38)
FNF:32
FNH:7
FNDA:12,romanToNashville
FNDA:14,(anonymous_8)
FNDA:2,parseRoot
FNDA:10,parseChordSymbol
FNDA:12,semitoneToNashvilleDegree
FNDA:10,nashvilleQualityFromSuffix
FNDA:0,inferTonicFromScaleOrChords
FNDA:10,chordToNashville
FNDA:0,parseNoteToMidi
FNDA:0,drawPianoChart
FNDA:0,(anonymous_17)
FNDA:0,drawGuitarChart
FNDA:0,(anonymous_19)
FNDA:0,loadJsPdf
FNDA:0,(anonymous_21)
FNDA:0,(anonymous_22)
FNDA:0,downloadSessionPdf
FNDA:0,(anonymous_24)
FNDA:0,(anonymous_25)
FNDA:0,(anonymous_26)
FNDA:0,(anonymous_27)
FNDA:0,(anonymous_28)
FNDA:0,(anonymous_29)
FNDA:0,(anonymous_30)
FNDA:0,(anonymous_31)
FNDA:0,(anonymous_32)
FNDA:0,(anonymous_33)
FNDA:0,(anonymous_34)
FNDA:0,(anonymous_35)
FNDA:0,(anonymous_36)
FNDA:0,(anonymous_37)
FNDA:0,(anonymous_38)
DA:65,12
DA:66,12
DA:68,12
DA:78,12
DA:79,14
DA:80,14
DA:81,1
DA:84,13
DA:85,13
DA:86,13
DA:87,13
DA:88,0
DA:91,13
DA:92,13
DA:94,13
DA:95,2
DA:98,13
DA:99,13
DA:101,13
DA:104,12
DA:105,12
DA:107,12
DA:108,10
DA:111,2
DA:112,2
DA:115,1
DA:139,1
DA:142,2
DA:143,2
DA:147,10
DA:148,10
DA:149,10
DA:150,0
DA:153,10
DA:154,10
DA:155,10
DA:157,10
DA:161,12
DA:163,12
DA:164,12
DA:165,10
DA:168,2
DA:176,2
DA:177,2
DA:178,2
DA:181,0
DA:182,0
DA:184,0
DA:185,0
DA:186,0
DA:187,0
DA:188,0
DA:189,0
DA:190,0
DA:194,0
DA:195,0
DA:196,0
DA:197,0
DA:201,10
DA:202,10
DA:203,6
DA:206,4
DA:207,0
DA:210,4
DA:211,2
DA:212,2
DA:215,2
DA:216,1
DA:217,1
DA:220,1
DA:227,0
DA:228,0
DA:229,0
DA:232,0
DA:233,0
DA:234,0
DA:235,0
DA:239,0
DA:245,10
DA:246,10
DA:247,10
DA:248,0
DA:251,10
DA:252,10
DA:254,10
DA:255,0
DA:258,10
DA:259,10
DA:260,10
DA:262,10
DA:263,8
DA:266,2
DA:267,2
DA:268,0
DA:271,2
DA:272,2
DA:273,2
DA:278,1
DA:298,1
DA:299,1
DA:300,1
DA:301,1
DA:304,0
DA:305,0
DA:306,0
DA:309,0
DA:310,0
DA:311,0
DA:313,0
DA:314,0
DA:317,0
DA:318,0
DA:329,0
DA:330,0
DA:331,0
DA:332,0
DA:334,0
DA:335,0
DA:336,0
DA:338,0
DA:339,0
DA:340,0
DA:341,0
DA:342,0
DA:343,0
DA:346,0
DA:347,0
DA:348,0
DA:349,0
DA:350,0
DA:354,0
DA:355,0
DA:356,0
DA:357,0
DA:359,0
DA:360,0
DA:361,0
DA:362,0
DA:366,0
DA:367,0
DA:369,0
DA:370,0
DA:371,0
DA:372,0
DA:374,0
DA:375,0
DA:376,0
DA:379,0
DA:380,0
DA:383,0
DA:384,0
DA:386,0
DA:387,0
DA:388,0
DA:391,0
DA:392,0
DA:393,0
DA:394,0
DA:395,0
DA:396,0
DA:399,0
DA:400,0
DA:401,0
DA:402,0
DA:406,0
DA:407,0
DA:410,0
DA:411,0
DA:412,0
DA:413,0
DA:416,0
DA:417,0
DA:419,0
DA:420,0
DA:421,0
DA:423,0
DA:424,0
DA:429,0
DA:430,0
DA:431,0
DA:432,0
DA:433,0
DA:434,0
DA:436,0
DA:437,0
DA:438,0
DA:440,0
DA:441,0
DA:444,0
DA:445,0
DA:446,0
DA:447,0
DA:448,0
DA:459,0
DA:460,0
DA:461,0
DA:462,0
DA:464,0
DA:465,0
DA:466,0
DA:468,0
DA:469,0
DA:470,0
DA:471,0
DA:472,0
DA:473,0
DA:476,0
DA:477,0
DA:480,0
DA:481,0
DA:482,0
DA:483,0
DA:484,0
DA:485,0
DA:486,0
DA:487,0
DA:489,0
DA:490,0
DA:491,0
DA:493,0
DA:494,0
DA:495,0
DA:496,0
DA:499,0
DA:500,0
DA:501,0
DA:504,0
DA:505,0
DA:506,0
DA:507,0
DA:508,0
DA:511,0
DA:512,0
DA:514,0
DA:515,0
DA:516,0
DA:517,0
DA:518,0
DA:519,0
DA:522,0
DA:523,0
DA:524,0
DA:525,0
DA:528,0
DA:529,0
DA:530,0
DA:533,0
DA:534,0
DA:535,0
DA:546,0
DA:547,0
DA:548,0
DA:550,0
DA:556,0
DA:557,0
DA:559,0
DA:561,0
DA:562,0
DA:563,0
DA:566,0
DA:567,0
DA:568,0
DA:569,0
DA:570,0
DA:571,0
DA:572,0
DA:573,0
DA:574,0
DA:577,0
DA:578,0
DA:579,0
DA:580,0
DA:584,0
DA:588,0
DA:589,0
DA:591,0
DA:592,0
DA:593,0
DA:594,0
DA:595,0
DA:596,0
DA:599,0
DA:600,0
DA:601,0
DA:602,0
DA:603,0
DA:604,0
DA:607,0
DA:612,0
DA:614,0
DA:615,0
DA:616,0
DA:617,0
DA:618,0
DA:619,0
DA:620,0
DA:621,0
DA:622,0
DA:623,0
DA:624,0
DA:625,0
DA:627,0
DA:631,0
DA:632,0
DA:633,0
DA:634,0
DA:637,0
DA:638,0
DA:639,0
DA:640,0
DA:641,0
DA:644,0
DA:645,0
DA:646,0
DA:647,0
DA:648,0
DA:652,0
DA:653,0
DA:656,0
DA:657,0
DA:658,0
DA:660,0
DA:665,0
DA:666,0
DA:669,0
DA:670,0
DA:672,0
DA:673,0
DA:676,0
DA:686,0
DA:689,0
DA:690,0
DA:719,0
DA:720,0
DA:723,0
DA:724,0
DA:725,0
DA:726,0
DA:727,0
DA:729,0
DA:730,0
DA:731,0
DA:734,0
DA:735,0
DA:736,0
DA:737,0
DA:738,0
DA:740,0
DA:741,0
DA:742,0
DA:743,0
DA:744,0
DA:747,0
DA:748,0
DA:749,0
DA:750,0
DA:751,0
DA:752,0
DA:754,0
DA:755,0
DA:756,0
DA:757,0
DA:758,0
DA:759,0
DA:764,0
DA:765,0
DA:766,0
DA:767,0
DA:768,0
DA:769,0
DA:770,0
DA:771,0
DA:772,0
DA:773,0
DA:774,0
DA:775,0
DA:776,0
DA:777,0
DA:779,0
DA:783,0
DA:784,0
DA:785,0
DA:789,0
DA:790,0
DA:791,0
DA:792,0
DA:793,0
DA:794,0
DA:795,0
DA:799,0
DA:800,0
DA:801,0
DA:802,0
DA:803,0
DA:804,0
DA:808,0
DA:809,0
DA:810,0
DA:811,0
DA:812,0
DA:813,0
DA:814,0
DA:815,0
DA:816,0
DA:819,0
DA:820,0
LF:406
LH:75
BRDA:66,0,0,0
BRDA:80,1,0,1
BRDA:84,2,0,10
BRDA:84,3,0,0
BRDA:87,4,0,0
BRDA:94,5,0,2
BRDA:99,6,0,2
BRDA:99,6,1,11
BRDA:99,7,0,13
BRDA:99,7,1,7
BRDA:107,8,0,10
BRDA:143,9,0,2
BRDA:143,9,1,0
BRDA:149,10,0,0
BRDA:154,11,0,10
BRDA:154,11,1,0
BRDA:155,12,0,2
BRDA:155,12,1,8
BRDA:155,13,0,2
BRDA:155,13,1,0
BRDA:164,14,0,10
BRDA:177,15,0,2
BRDA:188,16,0,0
BRDA:196,17,0,0
BRDA:196,17,1,0
BRDA:202,18,0,6
BRDA:206,19,0,0
BRDA:210,20,0,2
BRDA:215,21,0,1
BRDA:227,22,0,0
BRDA:227,22,1,0
BRDA:228,23,0,0
BRDA:234,24,0,0
BRDA:247,25,0,0
BRDA:254,26,0,0
BRDA:254,27,0,10
BRDA:254,27,1,10
BRDA:262,28,0,8
BRDA:267,29,0,0
BRDA:305,30,0,0
BRDA:313,31,0,0
BRDA:338,32,0,0
BRDA:349,33,0,0
BRDA:349,34,0,0
BRDA:349,34,1,0
BRDA:349,34,2,0
BRDA:361,35,0,0
BRDA:374,36,0,0
BRDA:387,37,0,0
BRDA:394,38,0,0
BRDA:400,39,0,0
BRDA:406,40,0,0
BRDA:406,41,0,0
BRDA:406,41,1,0
BRDA:412,42,0,0
BRDA:412,43,0,0
BRDA:412,43,1,0
BRDA:419,44,0,0
BRDA:419,44,1,0
BRDA:433,45,0,0
BRDA:437,46,0,0
BRDA:469,47,0,0
BRDA:469,48,0,0
BRDA:469,48,1,0
BRDA:473,49,0,0
BRDA:473,49,1,0
BRDA:480,50,0,0
BRDA:480,50,1,0
BRDA:487,51,0,0
BRDA:487,51,1,0
BRDA:487,52,0,0
BRDA:487,52,1,0
BRDA:490,53,0,0
BRDA:490,53,1,0
BRDA:504,54,0,0
BRDA:514,55,0,0
BRDA:516,56,0,0
BRDA:516,56,1,0
BRDA:518,57,0,0
BRDA:518,57,1,0
BRDA:522,58,0,0
BRDA:522,59,0,0
BRDA:522,59,1,0
BRDA:529,60,0,0
BRDA:529,61,0,0
BRDA:529,61,1,0
BRDA:535,62,0,0
BRDA:535,62,1,0
BRDA:573,63,0,0
BRDA:577,64,0,0
BRDA:579,65,0,0
BRDA:610,66,0,0
BRDA:610,66,1,0
BRDA:612,67,0,0
BRDA:612,67,1,0
BRDA:614,68,0,0
BRDA:649,69,0,0
BRDA:649,69,1,0
BRDA:656,70,0,0
BRDA:656,70,1,0
BRDA:658,71,0,0
BRDA:658,71,1,0
BRDA:665,72,0,0
BRDA:669,73,0,0
BRDA:672,74,0,0
BRDA:679,75,0,0
BRDA:679,75,1,0
BRDA:680,76,0,0
BRDA:680,76,1,0
BRDA:683,77,0,0
BRDA:683,77,1,0
BRDA:723,78,0,0
BRDA:723,78,1,0
BRDA:724,79,0,0
BRDA:729,80,0,0
BRDA:742,81,0,0
BRDA:765,82,0,0
BRDA:783,83,0,0
BRDA:799,84,0,0
BRF:119
BRH:21
end_of_record
TN:
SF:lib/tagMetadata.ts
FN:44,(anonymous_7)
FN:102,getColorIndex
FN:121,sanitizeTags
FN:125,(anonymous_10)
FN:127,(anonymous_11)
FN:140,getTagCategory
FN:157,getTagChipSx
FN:174,getChordChipSx
FN:188,getMoodChipSx
FNF:9
FNH:4
FNDA:143,(anonymous_7)
FNDA:108,getColorIndex
FNDA:0,sanitizeTags
FNDA:0,(anonymous_10)
FNDA:0,(anonymous_11)
FNDA:0,getTagCategory
FNDA:0,getTagChipSx
FNDA:56,getChordChipSx
FNDA:52,getMoodChipSx
DA:3,1
DA:25,1
DA:44,143
DA:46,1
DA:47,1
DA:49,1
DA:60,1
DA:71,1
DA:73,1
DA:86,1
DA:103,108
DA:104,108
DA:106,108
DA:107,580
DA:110,108
DA:116,1
DA:121,0
DA:122,0
DA:124,0
DA:125,0
DA:128,0
DA:129,0
DA:130,0
DA:132,0
DA:133,0
DA:140,0
DA:141,0
DA:143,0
DA:144,0
DA:147,0
DA:148,0
DA:151,0
DA:157,0
DA:158,0
DA:160,0
DA:161,0
DA:163,0
DA:174,56
DA:175,56
DA:177,56
DA:188,52
DA:189,52
DA:191,52
LF:43
LH:22
BRDA:129,0,0,0
BRDA:143,1,0,0
BRDA:147,2,0,0
BRDA:160,3,0,0
BRDA:160,3,1,0
BRDA:160,4,0,0
BRDA:160,4,1,0
BRF:7
BRH:0
end_of_record
TN:
SF:lib/api/progressions.ts
FN:3,readErrorMessage
FN:12,createProgression
FN:28,getMyProgressions
FN:38,getProgression
FN:48,updateProgression
FN:64,deleteProgression
FN:74,getSharedProgression
FN:84,getPublicProgressions
FN:89,(anonymous_16)
FN:90,(anonymous_17)
FN:97,(anonymous_18)
FN:98,(anonymous_19)
FNF:12
FNH:12
FNDA:11,readErrorMessage
FNDA:4,createProgression
FNDA:3,getMyProgressions
FNDA:2,getProgression
FNDA:2,updateProgression
FNDA:3,deleteProgression
FNDA:2,getSharedProgression
FNDA:8,getPublicProgressions
FNDA:8,(anonymous_16)
FNDA:8,(anonymous_17)
FNDA:8,(anonymous_18)
FNDA:8,(anonymous_19)
DA:4,11
DA:5,11
DA:6,10
DA:8,1
DA:12,5
DA:13,4
DA:21,4
DA:22,3
DA:25,1
DA:28,4
DA:29,3
DA:31,3
DA:32,2
DA:35,1
DA:38,3
DA:39,2
DA:41,2
DA:42,1
DA:45,1
DA:48,3
DA:49,2
DA:57,2
DA:58,1
DA:61,1
DA:64,4
DA:65,3
DA:69,3
DA:70,2
DA:74,3
DA:75,2
DA:77,2
DA:78,1
DA:81,1
DA:84,9
DA:85,8
DA:88,8
DA:89,8
DA:90,8
DA:91,8
DA:92,3
DA:96,8
DA:97,8
DA:98,8
DA:99,8
DA:100,3
DA:103,8
DA:104,8
DA:106,8
DA:107,1
DA:110,7
LF:50
LH:50
BRDA:6,0,0,10
BRDA:6,0,1,3
BRDA:21,1,0,3
BRDA:31,2,0,2
BRDA:41,3,0,1
BRDA:57,4,0,1
BRDA:69,5,0,2
BRDA:77,6,0,1
BRDA:88,7,0,8
BRDA:88,7,1,4
BRDA:90,8,0,8
BRDA:90,8,1,6
BRDA:91,9,0,3
BRDA:96,10,0,8
BRDA:96,10,1,4
BRDA:98,11,0,8
BRDA:98,11,1,6
BRDA:99,12,0,3
BRDA:104,13,0,5
BRDA:104,13,1,3
BRDA:106,14,0,1
BRF:21
BRH:21
end_of_record
